----------------------------------------------- 
  Element       SASA      Sigma Z        Total  
     Z         Ang**2 cal/Ang**2/mol   kcal/mol 
----------------------------------------------- 
      H        185.334       0.000       0.000
      C        122.704     107.436      13.183
      N         22.449      46.663       1.048
      O        120.836     -57.524      -6.951
      Co         3.684       0.000       0.000

 Subtotal:     455.007                   7.279
 -----------------------------------------------

  Elements    COT*SASA   Sigma Z,Z'     Total   
    Z,Z'       Ang**2  cal/Ang**2/mol kcal/mol  
 ---------------------------------------------- 
  H   C        106.538     -52.027      -5.543
  H   O          0.000     -27.737      -0.000
  C   C        102.444     -88.763      -9.093
  O   C         68.386     -22.459      -1.536
  O   O          0.000     -94.838      -0.000
  C   N         58.112    -142.707      -8.293
  N   C        123.730       0.000       0.000
  N  C(3)        0.000       0.000       0.000
  O   N          0.000      58.556       0.000

 Subtotal:                             -24.465
 ---------------------------------------------- 

 NONAQUEOUS SOLVENT CONTRIBUTION (kcal/mol):
 (proportional to SASA, atomic number independent)
 ---------------------------------------------- 
 Subtotal:                               7.893
 ---------------------------------------------- 

 CDS TOTAL (kcal/mol):                  -9.293
...............................................................................
