
          -------------------------------------------------------
          Amber 20 SANDER                              2020
          -------------------------------------------------------

| Run on 06/02/2022 at 10:42:03

|   Executable path: sander.MPI
| Working directory: /home/dyang/gb1-pcs/gb1-ntaco/adj_rest_min_equil
|          Hostname: node12

  [-O]verwriting output

File Assignments:
|  MDIN: 04_eq2.in                                                             
| MDOUT: 04_eq2.out                                                            
|INPCRD: 03_eq1.rst                                                            
|  PARM: gb1_ntaco_solv.prmtop                                                 
|RESTRT: 04_eq2.rst                                                            
|  REFC: 03_eq1.rst                                                            
| MDVEL: mdvel                                                                 
| MDFRC: mdfrc                                                                 
|  MDEN: mden                                                                  
| MDCRD: mdcrd                                                                 
|MDINFO: mdinfo                                                                
|  MTMD: mtmd                                                                  
|INPDIP: inpdip                                                                
|RSTDIP: rstdip                                                                
|INPTRA: inptraj                                                               

|    REMLOG: rem.log
|   REMTYPE: rem.type
|  REMSTRIP: 
|   SAVEENE: saveene
|CLUSTERINF: cluster.info
| RESERVOIR: reserv/frame
|   REMDDIM: 


 Here is the input file:

1 ns solute restrained NPT equilibration using Langevin thermostat and MC barostat
&cntrl                                                                         
  irest     = 1,                                                               
  ntx       = 5,                                                               
  ig        = -1,                                                              
  dt        = 0.002,                                                           
  nstlim    = 500000,                                                          
  nscm      = 500,                                                             
  ntr       = 1,                                                               
  restraint_wt  = 1.0,                                                         
  restraintmask = '!:WAT & !@H',                                               
  ntb       = 2,                                                               
  ntp       = 1,                                                               
  barostat  = 2,                                                               
  pres0     = 1.0,                                                             
  mcbarint  = 100,                                                             
  comp      = 44.6,                                                            
  taup      = 1.0,                                                             
  ntt       = 3,                                                               
  temp0     = 298.0,                                                           
  gamma_ln  = 1.0,                                                             
  ntf       = 2,                                                               
  ntc       = 2,                                                               
  cut       = 10.0,                                                            
  ntpr      = 500,                                                             
  ntxo      = 2,                                                               
  ntwr      = 500000,                                                          
  ioutfm    = 1,                                                               
  ntwx      = 500,                                                             
  iwrap     = 1,                                                               
&end                                                                           

--------------------------------------------------------------------------------
   1.  RESOURCE   USE: 
--------------------------------------------------------------------------------

| Flags: MPI                                                                    
 getting box info from netcdf restart file
| NetCDF restart box info found
|Largest sphere to fit in unit cell has radius =    24.197
| New format PARM file being parsed.
| Version =    1.000 Date = 05/26/22 Time = 18:10:28
 NATOM  =   13701 NTYPES =      24 NBONH =   13210 MBONA  =     461
 NTHETH =     950 MTHETA =     626 NPHIH =    1872 MPHIA  =    2034
 NHPARM =       0 NPARM  =       0 NNB   =   21859 NRES   =    4358
 NBONA  =     461 NTHETA =     626 NPHIA =    2034 NUMBND =      79
 NUMANG =     173 NPTRA  =     338 NATYP =      47 NPHB   =       0
 IFBOX  =       2 NMXRS  =      24 IFCAP =       0 NEXTRA =       0
 NCOPY  =       0


|     Memory Use     Allocated
|     Real             1636588
|     Hollerith          45463
|     Integer           518565
|     Max Pairs         986472
|     nblistReal        164412
|     nblist Int        438179
|       Total            21838 kbytes

| Note: 1-4 EEL scale factors are being read from the topology file.

| Note: 1-4 VDW scale factors are being read from the topology file.
| Duplicated    0 dihedrals
| Duplicated    0 dihedrals

     BOX TYPE: TRUNCATED OCTAHEDRON
Note: ig = -1. Setting random seed to   187773 based on wallclock time in microseconds
      and disabling the synchronization of random numbers between tasks
      to improve performance.

--------------------------------------------------------------------------------
   2.  CONTROL  DATA  FOR  THE  RUN
--------------------------------------------------------------------------------

default_name                                                                    

General flags:
     imin    =       0, nmropt  =       0

Nature and format of input:
     ntx     =       5, irest   =       1, ntrx    =       1

Nature and format of output:
     ntxo    =       2, ntpr    =     500, ntrx    =       1, ntwr    =  500000
     iwrap   =       1, ntwx    =     500, ntwv    =       0, ntwe    =       0
     ioutfm  =       1, ntwprt  =       0, idecomp =       0, rbornstat=      0

Potential function:
     ntf     =       2, ntb     =       2, igb     =       0, nsnb    =      25
     ipol    =       0, gbsa    =       0, iesp    =       0
     dielc   =   1.00000, cut     =  10.00000, intdiel =   1.00000

Frozen or restrained atoms:
     ibelly  =       0, ntr     =       1
     restraint_wt =   1.00000

Molecular dynamics:
     nstlim  =    500000, nscm    =         0, nrespa  =         1
     t       =   0.00000, dt      =   0.00200, vlimit  =  20.00000

Langevin dynamics temperature regulation:
     ig      =  187773
     temp0   = 298.00000, tempi   =   0.00000, gamma_ln=   1.00000

Pressure regulation:
     ntp     =       1
     pres0   =   1.00000, comp    =  44.60000, taup    =   1.00000
     Monte-Carlo Barostat:
     mcbarint  =     100

SHAKE:
     ntc     =       2, jfastw  =       0
     tol     =   0.00001

Ewald parameters:
     verbose =       0, ew_type =       0, nbflag  =       1, use_pme =       1
     vdwmeth =       1, eedmeth =       1, netfrc  =       1
     Box X =   59.271   Box Y =   59.271   Box Z =   59.271
     Alpha =  109.471   Beta  =  109.471   Gamma =  109.471
     NFFT1 =   60       NFFT2 =   60       NFFT3 =   60
     Cutoff=   10.000   Tol   =0.100E-04
     Ewald Coefficient =  0.27511
     Interpolation order =    4

| MPI Timing options:
|      profile_mpi =        0
|  INFO: Old style inpcrd file read


    LOADING THE CONSTRAINED ATOMS AS GROUPS


   5.  REFERENCE ATOM COORDINATES

  defa
     Mask !:WAT & !@H; matches   854 atoms

--------------------------------------------------------------------------------
   3.  ATOMIC COORDINATES AND VELOCITIES
--------------------------------------------------------------------------------

default_name                                                                    
 begin time read from input coords =    20.000 ps

 Number of triangulated 3-point waters found:     4264
|  Atom division among processors:
|         0    1713    3426    5139    6852    8565   10278   11991
|     13701

     Sum of charges from parm topology file =  -0.00200670
     Forcing neutrality...
|  Running AMBER/MPI version on    8 nodes


--------------------------------------------------------------------------------
   4.  RESULTS
--------------------------------------------------------------------------------

|  # of SOLUTE  degrees of freedom (RNDFP):   27893.
|  # of SOLVENT degrees of freedom (RNDFS):       0.
|  NDFMIN =   27893.     NUM_NOSHAKE =      0     CORRECTED RNDFP =   27893.
|  TOTAL # of degrees of freedom (RNDF) =   27893.
 ---------------------------------------------------
 APPROXIMATING switch and d/dx switch using CUBIC SPLINE INTERPOLATION
 using   5000.0 points per unit in tabled values
 TESTING RELATIVE ERROR over r ranging from 0.0 to cutoff
| CHECK switch(x): max rel err =   0.2738E-14   at   2.422500
| CHECK d/dx switch(x): max rel err =   0.8314E-11   at   2.736960
 ---------------------------------------------------
| Local SIZE OF NONBOND LIST =     607457
| TOTAL SIZE OF NONBOND LIST =    4292279
wrapping first mol.:       19.70200       27.86283       48.25984

 NSTEP =      500   TIME(PS) =      21.000  TEMP(K) =   297.74  PRESS = -1220.3
 Etot   =    -46762.7282  EKtot   =      8251.5545  EPtot      =    -55014.2826
 BOND   =       183.2459  ANGLE   =       474.8310  DIHED      =      -227.1930
 1-4 NB =       211.9966  1-4 EEL =      4729.7857  VDWAALS    =      9273.2589
 EELEC  =    -69759.1299  EHBOND  =         0.0000  RESTRAINT  =        98.9221
 EAMBER (non-restraint)  =    -55113.2047
 EKCMT  =      3837.4068  VIRIAL  =      8025.3543  VOLUME     =    158954.3890
                                                    Density    =         0.8810
 Ewald error estimate:   0.3780E-04
 ------------------------------------------------------------------------------

wrapping first mol.:       19.53990       27.63359       47.86277

 NSTEP =     1000   TIME(PS) =      22.000  TEMP(K) =   301.31  PRESS =  -295.2
 Etot   =    -46892.7826  EKtot   =      8350.6384  EPtot      =    -55243.4210
 BOND   =       170.9421  ANGLE   =       457.0124  DIHED      =      -243.9994
 1-4 NB =       216.8282  1-4 EEL =      4737.7287  VDWAALS    =      9694.1120
 EELEC  =    -70368.8614  EHBOND  =         0.0000  RESTRAINT  =        92.8164
 EAMBER (non-restraint)  =    -55336.2373
 EKCMT  =      3875.3350  VIRIAL  =      4863.7164  VOLUME     =    155063.1369
                                                    Density    =         0.9031
 Ewald error estimate:   0.7345E-04
 ------------------------------------------------------------------------------

wrapping first mol.:       19.39146       27.42366       47.49917

 NSTEP =     1500   TIME(PS) =      23.000  TEMP(K) =   301.92  PRESS =   -32.6
 Etot   =    -47038.5268  EKtot   =      8367.5199  EPtot      =    -55406.0467
 BOND   =       182.9022  ANGLE   =       480.1022  DIHED      =      -225.9906
 1-4 NB =       216.9648  1-4 EEL =      4702.7611  VDWAALS    =      9795.0483
 EELEC  =    -70660.9783  EHBOND  =         0.0000  RESTRAINT  =       103.1435
 EAMBER (non-restraint)  =    -55509.1902
 EKCMT  =      3896.2905  VIRIAL  =      4002.9696  VOLUME     =    151555.9350
                                                    Density    =         0.9240
 Ewald error estimate:   0.1042E-03
 ------------------------------------------------------------------------------

