----------------------------------------------- 
  Element       SASA      Sigma Z        Total  
     Z         Ang**2 cal/Ang**2/mol   kcal/mol 
----------------------------------------------- 
      H        237.380       0.000       0.000
      C        103.177     107.436      11.085
      N         14.803      46.663       0.691
      O        106.240     -57.524      -6.111
      Zn         2.689       0.000       0.000

 Subtotal:     464.290                   5.664
 -----------------------------------------------

  Elements    COT*SASA   Sigma Z,Z'     Total   
    Z,Z'       Ang**2  cal/Ang**2/mol kcal/mol  
 ---------------------------------------------- 
  H   C        139.934     -52.027      -7.280
  H   O          0.000     -27.737      -0.000
  C   C         62.392     -88.763      -5.538
  O   C         59.369     -22.459      -1.333
  O   O          0.000     -94.838      -0.000
  C   N         58.629    -142.707      -8.367
  N   C         47.220       0.000       0.000
  N  C(3)        0.000       0.000       0.000
  O   N          0.000      58.556       0.000

 Subtotal:                             -22.519
 ---------------------------------------------- 

 NONAQUEOUS SOLVENT CONTRIBUTION (kcal/mol):
 (proportional to SASA, atomic number independent)
 ---------------------------------------------- 
 Subtotal:                               8.054
 ---------------------------------------------- 

 CDS TOTAL (kcal/mol):                  -8.801
...............................................................................
