----------------------------------------------- 
  Element       SASA      Sigma Z        Total  
     Z         Ang**2 cal/Ang**2/mol   kcal/mol 
----------------------------------------------- 
      H        237.557      48.690      11.567
      C        100.127     129.740      12.990
      N         23.345       0.000       0.000
      O        109.596       0.000       0.000
      Co         0.911       0.000       0.000

 Subtotal:     471.535                  24.557
 -----------------------------------------------

  Elements    COT*SASA   Sigma Z,Z'     Total   
    Z,Z'       Ang**2  cal/Ang**2/mol kcal/mol  
 ---------------------------------------------- 
  H   C        143.930     -60.770      -8.747
  H   O          0.000       0.000       0.000
  C   C         63.110     -72.950      -4.604
  O   C         59.842      68.690       4.111
  O   O          0.000       0.000       0.000
  C   N         49.959       0.000       0.000
  N   C         73.063     -48.220      -3.523
  N  C(3)        0.000      84.100       0.000
  O   N          0.000     121.980       0.000

 Subtotal:                             -12.763
 ---------------------------------------------- 

 NONAQUEOUS SOLVENT CONTRIBUTION (kcal/mol):
 (proportional to SASA, atomic number independent)
 ---------------------------------------------- 
 Subtotal:                               0.000
 ---------------------------------------------- 

 CDS TOTAL (kcal/mol):                  11.794
...............................................................................
