----------------------------------------------- 
  Element       SASA      Sigma Z        Total  
     Z         Ang**2 cal/Ang**2/mol   kcal/mol 
----------------------------------------------- 
      H        246.732      48.690      12.013
      C         97.803     129.740      12.689
      N         14.294       0.000       0.000
      O        111.658       0.000       0.000
      Zn         1.729       0.000       0.000

 Subtotal:     472.217                  24.702
 -----------------------------------------------

  Elements    COT*SASA   Sigma Z,Z'     Total   
    Z,Z'       Ang**2  cal/Ang**2/mol kcal/mol  
 ---------------------------------------------- 
  H   C        145.651     -60.770      -8.851
  H   O          0.000       0.000       0.000
  C   C         61.359     -72.950      -4.476
  O   C         60.866      68.690       4.181
  O   O          0.000       0.000       0.000
  C   N         55.655       0.000       0.000
  N   C         44.808     -48.220      -2.161
  N  C(3)        0.000      84.100       0.000
  O   N          0.000     121.980       0.000

 Subtotal:                             -11.307
 ---------------------------------------------- 

 NONAQUEOUS SOLVENT CONTRIBUTION (kcal/mol):
 (proportional to SASA, atomic number independent)
 ---------------------------------------------- 
 Subtotal:                               0.000
 ---------------------------------------------- 

 CDS TOTAL (kcal/mol):                  13.395
...............................................................................
