----------------------------------------------- 
  Element       SASA      Sigma Z        Total  
     Z         Ang**2 cal/Ang**2/mol   kcal/mol 
----------------------------------------------- 
      H        243.091       0.000       0.000
      C         97.659     107.436      10.492
      N         12.281      46.663       0.573
      O        104.008     -57.524      -5.983
      Co         0.028       0.000       0.000

 Subtotal:     457.068                   5.082
 -----------------------------------------------

  Elements    COT*SASA   Sigma Z,Z'     Total   
    Z,Z'       Ang**2  cal/Ang**2/mol kcal/mol  
 ---------------------------------------------- 
  H   C        145.676     -52.027      -7.579
  H   O          0.000     -27.737      -0.000
  C   C         61.789     -88.763      -5.485
  O   C         58.644     -22.459      -1.317
  O   O          0.000     -94.838      -0.000
  C   N         52.984    -142.707      -7.561
  N   C         38.330       0.000       0.000
  N  C(3)        0.000       0.000       0.000
  O   N          0.000      58.556       0.000

 Subtotal:                             -21.942
 ---------------------------------------------- 

 NONAQUEOUS SOLVENT CONTRIBUTION (kcal/mol):
 (proportional to SASA, atomic number independent)
 ---------------------------------------------- 
 Subtotal:                               7.928
 ---------------------------------------------- 

 CDS TOTAL (kcal/mol):                  -8.931
...............................................................................
