            --------------------------------------------------------
                             AMBER SQM VERSION 19
 
                                     By
              Ross C. Walker, Michael F. Crowley, Scott Brozell,
                         Tim Giese, Andreas W. Goetz,
                        Tai-Sung Lee and David A. Case
 
            --------------------------------------------------------
 

--------------------------------------------------------------------------------
  QM CALCULATION INFO
--------------------------------------------------------------------------------

| QMMM: Citation for AMBER QMMM Run:
| QMMM: R.C. Walker, M.F. Crowley and D.A. Case, J. COMP. CHEM. 29:1019, 2008

QMMM: SINGLET STATE CALCULATION
QMMM: RHF CALCULATION, NO. OF DOUBLY OCCUPIED LEVELS = 26

| QMMM: *** Selected Hamiltonian *** 
| QMMM: AM1         

| QMMM: *** Parameter sets in use ***
| QMMM: C : M.J.S.DEWAR et al. JACS, 107, 3902, (1985)
| QMMM: O : M.J.S.DEWAR et al. JACS, 107, 3902, (1985)
| QMMM: N : M.J.S.DEWAR et al. JACS, 107, 3902, (1985)
| QMMM: H : M.J.S.DEWAR et al. JACS, 107, 3902, (1985)

| QMMM: *** SCF convergence criteria ***
| QMMM: Energy change                :  0.1D-09 kcal/mol
| QMMM: Error matrix |FP-PF|         :  0.1D+00 au
| QMMM: Density matrix change        :  0.5D-06
| QMMM: Maximum number of SCF cycles :     1000

| QMMM: *** Diagonalization Routine Information ***
| QMMM: Pseudo diagonalizations are allowed.
| QMMM: Auto diagonalization routine selection is in use.
| QMMM:
| QMMM: Timing diagonalization routines:
| QMMM:                              norbs =       41
| QMMM:    diag iterations used for timing =       20
| QMMM:
| QMMM:              Internal diag routine = 0.002990 seconds
| QMMM:                 Dspev diag routine = 0.008334 seconds
| QMMM:                Dspevd diag routine = 0.003707 seconds
| QMMM:                Dspevx diag routine = 0.017365 seconds
| QMMM:                 Dsyev diag routine = 0.004984 seconds
| QMMM:                Dsyevd diag routine = 0.005944 seconds
| QMMM:                Dsyevr diag routine = 0.004417 seconds
| QMMM:
| QMMM:                Pseudo diag routine = 0.000590 seconds
| QMMM:
| QMMM: Using internal diagonalization routine (diag_routine=1).

  QMMM: QM Region Cartesian Coordinates (*=link atom) 
  QMMM: QM_NO.   MM_NO.  ATOM         X         Y         Z
  QMMM:     1        1      C       -1.9140   -6.8890  -23.4500
  QMMM:     2        2      O       -2.6210   -4.5320  -20.5050
  QMMM:     3        3      C       -1.4120   -4.7730  -20.2510
  QMMM:     4        4      N       -1.8780   -7.1140  -21.0030
  QMMM:     5        5      H       -1.9230   -7.6880  -20.4440
  QMMM:     6        6      C       -1.5210   -7.7620  -22.2690
  QMMM:     7        7      H       -1.9730   -8.6180  -22.3340
  QMMM:     8        8      H       -0.5650   -7.9250  -22.2910
  QMMM:     9        9      O       -2.6650   -5.9100  -23.2540
  QMMM:    10       10      C       -0.8600   -6.1560  -20.5220
  QMMM:    11       11      H       -0.1550   -6.0890  -21.1860
  QMMM:    12       12      H       -0.4650   -6.5020  -19.7070
  QMMM:    13       13      O       -0.6210   -3.9250  -19.8260
  QMMM:    14       14      O       -1.4500   -7.2400  -24.5650

--------------------------------------------------------------------------------
  RESULTS
--------------------------------------------------------------------------------

      iter         sqm energy              rms gradient
      ----    -------------------    -----------------------
xmin    10     -154.0501 kcal/mol       13.9804 kcal/(mol*A)
xmin    20     -164.8286 kcal/mol        0.6685 kcal/(mol*A)
xmin    30     -166.1428 kcal/mol        0.5381 kcal/(mol*A)
xmin    40     -167.4864 kcal/mol        0.3600 kcal/(mol*A)
xmin    50     -167.9310 kcal/mol        0.1947 kcal/(mol*A)
xmin    60     -168.1042 kcal/mol        0.1661 kcal/(mol*A)
xmin    70     -168.4015 kcal/mol        0.2549 kcal/(mol*A)
xmin    80     -168.5388 kcal/mol        0.1151 kcal/(mol*A)
xmin    90     -168.5549 kcal/mol        0.0507 kcal/(mol*A)
xmin   100     -168.5637 kcal/mol        0.0121 kcal/(mol*A)
xmin   110     -168.5645 kcal/mol        0.0015 kcal/(mol*A)
xmin   120     -168.5645 kcal/mol        0.0013 kcal/(mol*A)
  ... geometry converged !
 
 Final MO eigenvalues (eV):
 -30.8316  -29.9082  -28.0054  -26.0808  -26.0787  -21.0405  -17.2802  -12.8338
 -11.8775   -9.2942   -8.5546   -8.4419   -7.5806   -7.2965   -7.1159   -6.0814
  -6.0379   -5.4401   -4.9056   -2.2737   -2.2534   -1.9797   -1.9796   -1.9057
  -1.8265   -1.4318   10.3359   10.6173   11.2059   11.6140   11.6156   11.8645
  11.8862   12.0025   12.1389   13.7868   14.1642   15.3580   15.3599   16.2188
  16.2304

 Heat of formation   =       -168.56449280 kcal/mol  (       -7.30950491 eV)

 Total SCF energy    =     -47748.47669397 kcal/mol  (    -2070.52932197 eV)
 Electronic energy   =    -172906.57816844 kcal/mol  (    -7497.79186368 eV)
 Core-core repulsion =     125158.10147447 kcal/mol  (     5427.26254171 eV)
 
    Atomic Charges for Step       1 :
  Atom    Element       Mulliken Charge
     1      C                  0.327
     2      O                 -0.588
     3      C                  0.327
     4      N                 -0.290
     5      H                  0.179
     6      C                 -0.124
     7      H                  0.012
     8      H                  0.052
     9      O                 -0.588
    10      C                 -0.124
    11      H                  0.052
    12      H                  0.012
    13      O                 -0.623
    14      O                 -0.623
 Total Mulliken Charge =      -2.000
 
                  X        Y        Z     TOTAL  
  QM DIPOLE    19.678   59.240  208.552  217.694
 
 Final Structure

  QMMM: QM Region Cartesian Coordinates (*=link atom) 
  QMMM: QM_NO.   MM_NO.  ATOM         X         Y         Z
  QMMM:     1        1      C       -2.0411   -7.7845  -23.6560
  QMMM:     2        2      O       -2.8236   -4.8711  -19.4430
  QMMM:     3        3      C       -1.5658   -4.9313  -19.5541
  QMMM:     4        4      N       -1.5657   -6.1108  -21.8045
  QMMM:     5        5      H       -2.5651   -6.0885  -21.7042
  QMMM:     6        6      C       -1.1437   -7.3114  -22.4912
  QMMM:     7        7      H       -1.0566   -8.1998  -21.7933
  QMMM:     8        8      H       -0.1113   -7.1203  -22.8986
  QMMM:     9        9      O       -3.3000   -7.7304  -23.5550
  QMMM:    10       10      C       -0.9157   -5.9428  -20.5238
  QMMM:    11       11      H        0.1406   -5.6076  -20.7244
  QMMM:    12       12      H       -0.8423   -6.9148  -19.9462
  QMMM:    13       13      O       -0.7790   -4.2295  -18.8451
  QMMM:    14       14      O       -1.4537   -8.2804  -24.6677

           --------- Calculation Completed ----------

