
          -------------------------------------------------------
          Amber 20 SANDER                              2020
          -------------------------------------------------------

| Run on 05/18/2022 at 11:50:32

|   Executable path: sander.MPI
| Working directory: /home/dyang/gb1-pcs/rest_sim
|          Hostname: node01

  [-O]verwriting output

File Assignments:
|  MDIN: 07_prod.in                                                            
| MDOUT: 07_prod.out                                                           
|INPCRD: 06_min.rst                                                            
|  PARM: gb1-ntaco_solv.prmtop                                                 
|RESTRT: 07_prod.rst                                                           
|  REFC: refc                                                                  
| MDVEL: 07_prod.vel                                                           
| MDFRC: mdfrc                                                                 
|  MDEN: 07_prod.ene                                                           
| MDCRD: 07_prod.nc                                                            
|MDINFO: 07_prod.nfo                                                           
|  MTMD: mtmd                                                                  
|INPDIP: inpdip                                                                
|RSTDIP: rstdip                                                                
|INPTRA: inptraj                                                               

|    REMLOG: rem.log
|   REMTYPE: rem.type
|  REMSTRIP: 
|   SAVEENE: saveene
|CLUSTERINF: cluster.info
| RESERVOIR: reserv/frame
|   REMDDIM: 


 Here is the input file:

PCS Restrainted 20 ns NPT production using Langevin thermostat and MC barostat 
&cntrl                                                                         
  !irest     = 1,                                                              
  ! no velicities from minimization so start new simulation                    
  irest     = 0,                                                               
  !ntx       = 5,                                                              
  ! set to 1 since no velocities read from minimization                        
  ntx       = 1,                                                               
  ig        = -1,                                                              
  dt        = 0.002,                                                           
  nstlim    = 10000000,                                                        
  nscm      = 500,                                                             
  ! turn on nmr restraints                                                     
  nmropt    = 2,                                                               
  ! use sum of squares optimization of errors                                  
  ipnlty    = 2,                                                               
  ntr       = 0,                                                               
  ntb       = 2,                                                               
  ntp       = 1,                                                               
  barostat  = 2,                                                               
  pres0     = 1.0,                                                             
  mcbarint  = 100,                                                             
  comp      = 44.6,                                                            
  taup      = 1.0,                                                             
  ntt       = 3,                                                               
  temp0     = 298.0,                                                           
  gamma_ln  = 1.0,                                                             
  ntf       = 2,                                                               
  ntc       = 2,                                                               
  cut       = 10.0,                                                            
  ntpr      = 500,                                                             
  ntxo      = 2,                                                               
  ntwr      = 500000,                                                          
  ioutfm    = 1,                                                               
  ntwx      = 500,                                                             
  iwrap     = 1,                                                               
&end                                                                           
! This essentially starts the nmr restraints after the first step              
&wt                                                                            
  type      = "REST",                                                          
  istep1    = 0,                                                               
  istep2    = 1,                                                               
  value1    = 0,                                                               
  value2    = 1.0,                                                             
  ! since starting from rest min, use restraints the whole time                
  !value1    = 1.0,                                                            
&end                                                                           
&wt                                                                            
  type      = "END",                                                           
&end                                                                           
PCSHIFT     = pcs.in                                                           
LISTOUT     = POUT                                                             

--------------------------------------------------------------------------------
   1.  RESOURCE   USE: 
--------------------------------------------------------------------------------

| Flags: MPI                                                                    
 getting box info from netcdf restart file
| NetCDF restart box info found
|Largest sphere to fit in unit cell has radius =    22.852
| New format PARM file being parsed.
| Version =    1.000 Date = 05/11/22 Time = 15:59:17
 NATOM  =   13701 NTYPES =      24 NBONH =   13210 MBONA  =     461
 NTHETH =     950 MTHETA =     626 NPHIH =    1872 MPHIA  =    2034
 NHPARM =       0 NPARM  =       0 NNB   =   21859 NRES   =    4358
 NBONA  =     461 NTHETA =     626 NPHIA =    2034 NUMBND =      79
 NUMANG =     173 NPTRA  =     338 NATYP =      47 NPHB   =       0
 IFBOX  =       2 NMXRS  =      24 IFCAP =       0 NEXTRA =       0
 NCOPY  =       0


|     Memory Use     Allocated
|     Real             1795025
|     Hollerith          45463
|     Integer           620023
|     Max Pairs         219216
|     nblistReal        164412
|     nblist Int        409193
|       Total            20362 kbytes

| Note: 1-4 EEL scale factors are being read from the topology file.

| Note: 1-4 VDW scale factors are being read from the topology file.
| Duplicated    0 dihedrals
| Duplicated    0 dihedrals

     BOX TYPE: TRUNCATED OCTAHEDRON
Note: ig = -1. Setting random seed to   478510 based on wallclock time in microseconds
      and disabling the synchronization of random numbers between tasks
      to improve performance.

--------------------------------------------------------------------------------
   2.  CONTROL  DATA  FOR  THE  RUN
--------------------------------------------------------------------------------

default_name                                                                    

General flags:
     imin    =       0, nmropt  =       2

Nature and format of input:
     ntx     =       1, irest   =       0, ntrx    =       1

Nature and format of output:
     ntxo    =       2, ntpr    =     500, ntrx    =       1, ntwr    =  500000
     iwrap   =       1, ntwx    =     500, ntwv    =       0, ntwe    =       0
     ioutfm  =       1, ntwprt  =       0, idecomp =       0, rbornstat=      0

Potential function:
     ntf     =       2, ntb     =       2, igb     =       0, nsnb    =      25
     ipol    =       0, gbsa    =       0, iesp    =       0
     dielc   =   1.00000, cut     =  10.00000, intdiel =   1.00000

Frozen or restrained atoms:
     ibelly  =       0, ntr     =       0

Molecular dynamics:
     nstlim  =  10000000, nscm    =       500, nrespa  =         1
     t       =   0.00000, dt      =   0.00200, vlimit  =  20.00000

Langevin dynamics temperature regulation:
     ig      =  478510
     temp0   = 298.00000, tempi   =   0.00000, gamma_ln=   1.00000

Pressure regulation:
     ntp     =       1
     pres0   =   1.00000, comp    =  44.60000, taup    =   1.00000
     Monte-Carlo Barostat:
     mcbarint  =     100

SHAKE:
     ntc     =       2, jfastw  =       0
     tol     =   0.00001

NMR refinement options:
     iscale  =       0, noeskp  =       1, ipnlty  =       2, mxsub   =       1
     scalm   = 100.00000, pencut  =   0.10000, tausw   =   0.10000

Ewald parameters:
     verbose =       0, ew_type =       0, nbflag  =       1, use_pme =       1
     vdwmeth =       1, eedmeth =       1, netfrc  =       1
     Box X =   55.976   Box Y =   55.976   Box Z =   55.976
     Alpha =  109.471   Beta  =  109.471   Gamma =  109.471
     NFFT1 =   60       NFFT2 =   60       NFFT3 =   60
     Cutoff=   10.000   Tol   =0.100E-04
     Ewald Coefficient =  0.27511
     Interpolation order =    4

| MPI Timing options:
|      profile_mpi =        0
|  INFO: Old style inpcrd file read


--------------------------------------------------------------------------------
   3.  ATOMIC COORDINATES AND VELOCITIES
--------------------------------------------------------------------------------

default_name                                                                    
 begin time read from input coords =     0.000 ps



           Begin reading energy term weight changes/NMR restraints
 WEIGHT CHANGES:
 REST          0      1    0.000000    1.000000      0      0

 RESTRAINTS:
 Requested file redirections:
  PCSHIFT   = pcs.in
  LISTOUT   = POUT
                          ** No restraint defined **

                  Done reading weight changes/NMR restraints


 Number of triangulated 3-point waters found:     4264
|  Atom division among processors:
|         0     853    1128    1401    1674    1947    2220    2493
|      2766    3039    3312    3585    3858    4131    4404    4677
|      4950    5223    5496    5769    6042    6315    6588    6861
|      7134    7407    7680    7953    8226    8499    8772    9045
|      9318    9591    9867   10140   10413   10689   10962   11235
|     11511   11784   12057   12333   12606   12879   13155   13428
|     13701

     Sum of charges from parm topology file =  -0.00200670
     Forcing neutrality...
|  Running AMBER/MPI version on   48 nodes

|  WARNING: The number of processors is not a power of 2
|           this may be inefficient on some systems.

--------------------------------------------------------------------------------
   4.  RESULTS
--------------------------------------------------------------------------------

|  # of SOLUTE  degrees of freedom (RNDFP):   27893.
|  # of SOLVENT degrees of freedom (RNDFS):       0.
|  NDFMIN =   27893.     NUM_NOSHAKE =      0     CORRECTED RNDFP =   27893.
|  TOTAL # of degrees of freedom (RNDF) =   27893.
 ---------------------------------------------------
 APPROXIMATING switch and d/dx switch using CUBIC SPLINE INTERPOLATION
 using   5000.0 points per unit in tabled values
 TESTING RELATIVE ERROR over r ranging from 0.0 to cutoff
| CHECK switch(x): max rel err =   0.2738E-14   at   2.422500
| CHECK d/dx switch(x): max rel err =   0.8314E-11   at   2.736960
 ---------------------------------------------------
| Local SIZE OF NONBOND LIST =     105316
| TOTAL SIZE OF NONBOND LIST =    5011647
 Pseudocontact shifts will be read from file: pcs.in
 namelist no reports error 
 Number of Total protons           42
 Number of paramagnetic center            1
 Coord. of paramagnetic center(s) : CO 
   16.648243182891800       -5.3523969970434040       -13.280964064203427     
 TENSOR PARAMETERS
 PHI=  60.420 TETA=  75.172 OMEGA= 107.840
 A1=    -6.342 A2=    -1.411
  VIOLATIONS      3  RESIDUALS    0.48369
                                        Total pcshift constraint:   14.51

                     #  Pearson r           rms error
                  -----------------------------------
pcshift correlatio   42  -0.61701  -0.72016   0.45794

 NSTEP =        0   TIME(PS) =       0.000  TEMP(K) =     0.00  PRESS = -7423.7
 Etot   =    -78660.2317  EKtot   =         0.0000  EPtot      =    -78660.2317
 BOND   =        37.7173  ANGLE   =       176.6959  DIHED      =      -328.4551
 1-4 NB =       178.4497  1-4 EEL =      4714.8276  VDWAALS    =     14727.2090
 EELEC  =    -98181.1866  EHBOND  =         0.0000  RESTRAINT  =        14.5106
 EAMBER (non-restraint)  =    -78674.7422
 EKCMT  =         0.0000  VIRIAL  =     21641.6775  VOLUME     =    135017.5739
                                                    Density    =         1.0372
 Ewald error estimate:   0.2479E-03
 ------------------------------------------------------------------------------

 NMR restraints: Bond =    0.000   Angle =     0.000   Torsion =     0.000
               : Noesy=    0.000   Shift =     0.000   Pcshift =    14.511
===============================================================================
                                        Total pcshift constraint:   14.51

                     #  Pearson r           rms error
                  -----------------------------------
pcshift correlatio   42  -0.61701  -0.72016   0.45794
                VIOLATIONS      3  RESIDUALS    0.48368
                VIOLATIONS      3  RESIDUALS    0.48355
                VIOLATIONS      3  RESIDUALS    0.48357
                VIOLATIONS      3  RESIDUALS    0.48353
                VIOLATIONS      3  RESIDUALS    0.48339
                VIOLATIONS      3  RESIDUALS    0.48357
                VIOLATIONS      3  RESIDUALS    0.48328
                VIOLATIONS      3  RESIDUALS    0.48340
                VIOLATIONS      3  RESIDUALS    0.48320
                VIOLATIONS      3  RESIDUALS    0.48331
                VIOLATIONS      3  RESIDUALS    0.48353
                VIOLATIONS      3  RESIDUALS    0.48392
                VIOLATIONS      3  RESIDUALS    0.48414
                VIOLATIONS      3  RESIDUALS    0.48391
                VIOLATIONS      3  RESIDUALS    0.48381
                VIOLATIONS      3  RESIDUALS    0.48292
                VIOLATIONS      3  RESIDUALS    0.48348
                VIOLATIONS      3  RESIDUALS    0.48303
                VIOLATIONS      3  RESIDUALS    0.48301
                VIOLATIONS      3  RESIDUALS    0.48360
                VIOLATIONS      3  RESIDUALS    0.48280
                VIOLATIONS      3  RESIDUALS    0.48301
                VIOLATIONS      3  RESIDUALS    0.48355
                VIOLATIONS      3  RESIDUALS    0.48302
                VIOLATIONS      3  RESIDUALS    0.48350
                VIOLATIONS      3  RESIDUALS    0.48308
                VIOLATIONS      3  RESIDUALS    0.48325
                VIOLATIONS      3  RESIDUALS    0.48369
                VIOLATIONS      3  RESIDUALS    0.48382
                VIOLATIONS      3  RESIDUALS    0.48416
                VIOLATIONS      3  RESIDUALS    0.48373
                VIOLATIONS      3  RESIDUALS    0.48393
                VIOLATIONS      3  RESIDUALS    0.48356
                VIOLATIONS      3  RESIDUALS    0.48362
                VIOLATIONS      3  RESIDUALS    0.48367
                VIOLATIONS      3  RESIDUALS    0.48344
                VIOLATIONS      3  RESIDUALS    0.48362
                VIOLATIONS      3  RESIDUALS    0.48380
                VIOLATIONS      3  RESIDUALS    0.48379
                VIOLATIONS      3  RESIDUALS    0.48417
                VIOLATIONS      3  RESIDUALS    0.48407
                VIOLATIONS      3  RESIDUALS    0.48364
                VIOLATIONS      3  RESIDUALS    0.48406
                VIOLATIONS      3  RESIDUALS    0.48340
                VIOLATIONS      3  RESIDUALS    0.48277
                VIOLATIONS      3  RESIDUALS    0.48355
                VIOLATIONS      3  RESIDUALS    0.48297
                VIOLATIONS      3  RESIDUALS    0.48302
                VIOLATIONS      3  RESIDUALS    0.48298
                VIOLATIONS      3  RESIDUALS    0.48293
                VIOLATIONS      3  RESIDUALS    0.48288
wrapping first mol.:      -37.16051       26.27645       45.51215

 NSTEP =      500   TIME(PS) =       1.000  TEMP(K) =   187.57  PRESS =  -157.0
 Etot   =    -56370.3207  EKtot   =      5198.4427  EPtot      =    -61568.7634
 BOND   =       113.2719  ANGLE   =       380.4391  DIHED      =      -270.3895
 1-4 NB =       201.5705  1-4 EEL =      4708.5150  VDWAALS    =     11810.0484
 EELEC  =    -78526.7087  EHBOND  =         0.0000  RESTRAINT  =        14.4899
 EAMBER (non-restraint)  =    -61583.2533
 EKCMT  =      2433.9357  VIRIAL  =      2885.9483  VOLUME     =    133320.5112
                                                    Density    =         1.0504
 Ewald error estimate:   0.1511E-03
 ------------------------------------------------------------------------------

 NMR restraints: Bond =    0.000   Angle =     0.000   Torsion =     0.000
               : Noesy=    0.000   Shift =     0.000   Pcshift =    14.490
===============================================================================
                VIOLATIONS      3  RESIDUALS    0.48271
                VIOLATIONS      3  RESIDUALS    0.48205
                VIOLATIONS      3  RESIDUALS    0.48283
                VIOLATIONS      3  RESIDUALS    0.48202
                VIOLATIONS      3  RESIDUALS    0.48276
                VIOLATIONS      3  RESIDUALS    0.48274
                VIOLATIONS      3  RESIDUALS    0.48252
                VIOLATIONS      3  RESIDUALS    0.48387
                VIOLATIONS      3  RESIDUALS    0.48343
                VIOLATIONS      3  RESIDUALS    0.48329
                VIOLATIONS      3  RESIDUALS    0.48352
                VIOLATIONS      3  RESIDUALS    0.48322
                VIOLATIONS      3  RESIDUALS    0.48339
                VIOLATIONS      3  RESIDUALS    0.48392
                VIOLATIONS      3  RESIDUALS    0.48359
                VIOLATIONS      3  RESIDUALS    0.48422
                VIOLATIONS      3  RESIDUALS    0.48346
                VIOLATIONS      3  RESIDUALS    0.48403
                VIOLATIONS      3  RESIDUALS    0.48419
                VIOLATIONS      3  RESIDUALS    0.48369
                VIOLATIONS      3  RESIDUALS    0.48408
                VIOLATIONS      3  RESIDUALS    0.48389
                VIOLATIONS      3  RESIDUALS    0.48389
                VIOLATIONS      3  RESIDUALS    0.48481
                VIOLATIONS      3  RESIDUALS    0.48400
                VIOLATIONS      3  RESIDUALS    0.48396
                VIOLATIONS      3  RESIDUALS    0.48316
                VIOLATIONS      3  RESIDUALS    0.48286
                VIOLATIONS      3  RESIDUALS    0.48367
                VIOLATIONS      3  RESIDUALS    0.48291
                VIOLATIONS      3  RESIDUALS    0.48247
                VIOLATIONS      3  RESIDUALS    0.48339
                VIOLATIONS      3  RESIDUALS    0.48282
                VIOLATIONS      3  RESIDUALS    0.48401
                VIOLATIONS      3  RESIDUALS    0.48437
                VIOLATIONS      3  RESIDUALS    0.48395
                VIOLATIONS      3  RESIDUALS    0.48326
                VIOLATIONS      3  RESIDUALS    0.48300
                VIOLATIONS      3  RESIDUALS    0.48319
                VIOLATIONS      3  RESIDUALS    0.48281
                VIOLATIONS      3  RESIDUALS    0.48340
                VIOLATIONS      3  RESIDUALS    0.48252
                VIOLATIONS      3  RESIDUALS    0.48301
                VIOLATIONS      3  RESIDUALS    0.48458
                VIOLATIONS      3  RESIDUALS    0.48428
                VIOLATIONS      3  RESIDUALS    0.48412
                VIOLATIONS      3  RESIDUALS    0.48440
                VIOLATIONS      3  RESIDUALS    0.48277
                VIOLATIONS      3  RESIDUALS    0.48387
                VIOLATIONS      3  RESIDUALS    0.48321
                VIOLATIONS      3  RESIDUALS    0.48256
wrapping first mol.:      -37.24710       26.33768       45.61820

 NSTEP =     1000   TIME(PS) =       2.000  TEMP(K) =   253.17  PRESS =   222.6
 Etot   =    -52263.6364  EKtot   =      7016.3231  EPtot      =    -59279.9595
 BOND   =       148.5361  ANGLE   =       466.0011  DIHED      =      -256.6403
 1-4 NB =       210.1300  1-4 EEL =      4728.2680  VDWAALS    =     10931.1326
 EELEC  =    -75521.8661  EHBOND  =         0.0000  RESTRAINT  =        14.4791
 EAMBER (non-restraint)  =    -59294.4386
 EKCMT  =      3260.9365  VIRIAL  =      2615.6582  VOLUME     =    134254.7005
                                                    Density    =         1.0431
 Ewald error estimate:   0.9725E-04
 ------------------------------------------------------------------------------

 NMR restraints: Bond =    0.000   Angle =     0.000   Torsion =     0.000
               : Noesy=    0.000   Shift =     0.000   Pcshift =    14.479
===============================================================================
                VIOLATIONS      3  RESIDUALS    0.48342
                VIOLATIONS      3  RESIDUALS    0.48219
                VIOLATIONS      3  RESIDUALS    0.48306
                VIOLATIONS      3  RESIDUALS    0.48290
                VIOLATIONS      3  RESIDUALS    0.48320
                VIOLATIONS      3  RESIDUALS    0.48420
                VIOLATIONS      3  RESIDUALS    0.48444
                VIOLATIONS      3  RESIDUALS    0.48397
                VIOLATIONS      3  RESIDUALS    0.48458
                VIOLATIONS      3  RESIDUALS    0.48333
                VIOLATIONS      3  RESIDUALS    0.48347
                VIOLATIONS      3  RESIDUALS    0.48372
                VIOLATIONS      3  RESIDUALS    0.48353
                VIOLATIONS      3  RESIDUALS    0.48410
                VIOLATIONS      3  RESIDUALS    0.48382
                VIOLATIONS      3  RESIDUALS    0.48313
                VIOLATIONS      3  RESIDUALS    0.48297
                VIOLATIONS      3  RESIDUALS    0.48265
                VIOLATIONS      3  RESIDUALS    0.48252
                VIOLATIONS      3  RESIDUALS    0.48291
                VIOLATIONS      3  RESIDUALS    0.48316
                VIOLATIONS      3  RESIDUALS    0.48335
                VIOLATIONS      3  RESIDUALS    0.48376
                VIOLATIONS      3  RESIDUALS    0.48323
                VIOLATIONS      3  RESIDUALS    0.48320
                VIOLATIONS      3  RESIDUALS    0.48323
                VIOLATIONS      3  RESIDUALS    0.48266
                VIOLATIONS      3  RESIDUALS    0.48353
                VIOLATIONS      3  RESIDUALS    0.48230
                VIOLATIONS      3  RESIDUALS    0.48260
                VIOLATIONS      3  RESIDUALS    0.48254
                VIOLATIONS      3  RESIDUALS    0.48265
                VIOLATIONS      3  RESIDUALS    0.48348
                VIOLATIONS      3  RESIDUALS    0.48327
                VIOLATIONS      3  RESIDUALS    0.48387
                VIOLATIONS      3  RESIDUALS    0.48388
                VIOLATIONS      3  RESIDUALS    0.48251
                VIOLATIONS      3  RESIDUALS    0.48370
                VIOLATIONS      3  RESIDUALS    0.48309
                VIOLATIONS      3  RESIDUALS    0.48373
                VIOLATIONS      3  RESIDUALS    0.48398
                VIOLATIONS      3  RESIDUALS    0.48370
                VIOLATIONS      3  RESIDUALS    0.48338
                VIOLATIONS      3  RESIDUALS    0.48403
                VIOLATIONS      3  RESIDUALS    0.48380
                VIOLATIONS      3  RESIDUALS    0.48370
                VIOLATIONS      3  RESIDUALS    0.48402
                VIOLATIONS      3  RESIDUALS    0.48387
                VIOLATIONS      3  RESIDUALS    0.48378
                VIOLATIONS      3  RESIDUALS    0.48350
                VIOLATIONS      3  RESIDUALS    0.48421
wrapping first mol.:      -37.31149       26.38322       45.69707

 NSTEP =     1500   TIME(PS) =       3.000  TEMP(K) =   274.07  PRESS =  -551.7
 Etot   =    -50530.1864  EKtot   =      7595.5972  EPtot      =    -58125.7836
 BOND   =       168.9088  ANGLE   =       481.0407  DIHED      =      -239.3465
 1-4 NB =       206.8298  1-4 EEL =      4733.1009  VDWAALS    =     10147.9638
 EELEC  =    -73638.8075  EHBOND  =         0.0000  RESTRAINT  =        14.5264
 EAMBER (non-restraint)  =    -58140.3100
 EKCMT  =      3492.2426  VIRIAL  =      5099.7247  VOLUME     =    134952.1747
                                                    Density    =         1.0377
 Ewald error estimate:   0.1089E-04
 ------------------------------------------------------------------------------

 NMR restraints: Bond =    0.000   Angle =     0.000   Torsion =     0.000
               : Noesy=    0.000   Shift =     0.000   Pcshift =    14.526
===============================================================================
                VIOLATIONS      3  RESIDUALS    0.48292
                VIOLATIONS      3  RESIDUALS    0.48310
                VIOLATIONS      3  RESIDUALS    0.48287
                VIOLATIONS      3  RESIDUALS    0.48231
                VIOLATIONS      3  RESIDUALS    0.48363
                VIOLATIONS      3  RESIDUALS    0.48277
                VIOLATIONS      3  RESIDUALS    0.48369
                VIOLATIONS      3  RESIDUALS    0.48348
                VIOLATIONS      3  RESIDUALS    0.48240
                VIOLATIONS      3  RESIDUALS    0.48331
                VIOLATIONS      3  RESIDUALS    0.48306
                VIOLATIONS      3  RESIDUALS    0.48256
                VIOLATIONS      3  RESIDUALS    0.48389
                VIOLATIONS      3  RESIDUALS    0.48279
                VIOLATIONS      3  RESIDUALS    0.48238
                VIOLATIONS      3  RESIDUALS    0.48299
                VIOLATIONS      3  RESIDUALS    0.48288
                VIOLATIONS      3  RESIDUALS    0.48365
                VIOLATIONS      3  RESIDUALS    0.48344
                VIOLATIONS      3  RESIDUALS    0.48307
                VIOLATIONS      3  RESIDUALS    0.48372
                VIOLATIONS      3  RESIDUALS    0.48327
                VIOLATIONS      3  RESIDUALS    0.48357
                VIOLATIONS      3  RESIDUALS    0.48382
                VIOLATIONS      3  RESIDUALS    0.48367
                VIOLATIONS      3  RESIDUALS    0.48350
                VIOLATIONS      3  RESIDUALS    0.48352
                VIOLATIONS      3  RESIDUALS    0.48317
                VIOLATIONS      3  RESIDUALS    0.48354
                VIOLATIONS      3  RESIDUALS    0.48393
                VIOLATIONS      3  RESIDUALS    0.48361
                VIOLATIONS      3  RESIDUALS    0.48294
                VIOLATIONS      3  RESIDUALS    0.48316
                VIOLATIONS      3  RESIDUALS    0.48340
                VIOLATIONS      3  RESIDUALS    0.48327
                VIOLATIONS      3  RESIDUALS    0.48382
                VIOLATIONS      3  RESIDUALS    0.48394
                VIOLATIONS      3  RESIDUALS    0.48441
                VIOLATIONS      3  RESIDUALS    0.48454
                VIOLATIONS      3  RESIDUALS    0.48533
                VIOLATIONS      3  RESIDUALS    0.48441
                VIOLATIONS      3  RESIDUALS    0.48403
                VIOLATIONS      3  RESIDUALS    0.48457
                VIOLATIONS      3  RESIDUALS    0.48452
                VIOLATIONS      3  RESIDUALS    0.48496
                VIOLATIONS      3  RESIDUALS    0.48446
                VIOLATIONS      3  RESIDUALS    0.48402
                VIOLATIONS      3  RESIDUALS    0.48344
                VIOLATIONS      3  RESIDUALS    0.48318
                VIOLATIONS      3  RESIDUALS    0.48269
                VIOLATIONS      3  RESIDUALS    0.48261
wrapping first mol.:      -37.26571       26.35084       45.64100

 NSTEP =     2000   TIME(PS) =       4.000  TEMP(K) =   287.85  PRESS =    65.0
 Etot   =    -49746.4751  EKtot   =      7977.4884  EPtot      =    -57723.9635
 BOND   =       174.0925  ANGLE   =       510.6230  DIHED      =      -246.5139
 1-4 NB =       224.0424  1-4 EEL =      4707.4742  VDWAALS    =     10365.4708
 EELEC  =    -73473.6307  EHBOND  =         0.0000  RESTRAINT  =        14.4784
 EAMBER (non-restraint)  =    -57738.4419
 EKCMT  =      3652.3588  VIRIAL  =      3463.6304  VOLUME     =    134456.0448
                                                    Density    =         1.0416
 Ewald error estimate:   0.2280E-03
 ------------------------------------------------------------------------------

 NMR restraints: Bond =    0.000   Angle =     0.000   Torsion =     0.000
               : Noesy=    0.000   Shift =     0.000   Pcshift =    14.478
===============================================================================
                VIOLATIONS      3  RESIDUALS    0.48286
                VIOLATIONS      3  RESIDUALS    0.48192
                VIOLATIONS      3  RESIDUALS    0.48275
                VIOLATIONS      3  RESIDUALS    0.48323
                VIOLATIONS      3  RESIDUALS    0.48319
                VIOLATIONS      3  RESIDUALS    0.48381
                VIOLATIONS      3  RESIDUALS    0.48362
                VIOLATIONS      3  RESIDUALS    0.48275
                VIOLATIONS      3  RESIDUALS    0.48335
                VIOLATIONS      3  RESIDUALS    0.48260
                VIOLATIONS      3  RESIDUALS    0.48296
                VIOLATIONS      3  RESIDUALS    0.48450
                VIOLATIONS      3  RESIDUALS    0.48299
                VIOLATIONS      3  RESIDUALS    0.48395
                VIOLATIONS      3  RESIDUALS    0.48346
                VIOLATIONS      3  RESIDUALS    0.48345
                VIOLATIONS      3  RESIDUALS    0.48351
                VIOLATIONS      3  RESIDUALS    0.48369
                VIOLATIONS      3  RESIDUALS    0.48297
                VIOLATIONS      3  RESIDUALS    0.48397
                VIOLATIONS      3  RESIDUALS    0.48347
                VIOLATIONS      3  RESIDUALS    0.48348
                VIOLATIONS      3  RESIDUALS    0.48406
                VIOLATIONS      3  RESIDUALS    0.48297
                VIOLATIONS      3  RESIDUALS    0.48397
                VIOLATIONS      3  RESIDUALS    0.48331
                VIOLATIONS      3  RESIDUALS    0.48326
                VIOLATIONS      3  RESIDUALS    0.48356
                VIOLATIONS      3  RESIDUALS    0.48429
                VIOLATIONS      3  RESIDUALS    0.48403
                VIOLATIONS      3  RESIDUALS    0.48491
                VIOLATIONS      3  RESIDUALS    0.48451
                VIOLATIONS      3  RESIDUALS    0.48477
                VIOLATIONS      3  RESIDUALS    0.48451
                VIOLATIONS      3  RESIDUALS    0.48408
                VIOLATIONS      3  RESIDUALS    0.48401
                VIOLATIONS      3  RESIDUALS    0.48397
                VIOLATIONS      3  RESIDUALS    0.48437
                VIOLATIONS      3  RESIDUALS    0.48359
                VIOLATIONS      3  RESIDUALS    0.48320
                VIOLATIONS      3  RESIDUALS    0.48283
                VIOLATIONS      3  RESIDUALS    0.48385
                VIOLATIONS      3  RESIDUALS    0.48314
                VIOLATIONS      3  RESIDUALS    0.48332
                VIOLATIONS      3  RESIDUALS    0.48298
                VIOLATIONS      3  RESIDUALS    0.48294
                VIOLATIONS      3  RESIDUALS    0.48248
                VIOLATIONS      3  RESIDUALS    0.48250
                VIOLATIONS      3  RESIDUALS    0.48312
                VIOLATIONS      3  RESIDUALS    0.48334
                VIOLATIONS      3  RESIDUALS    0.48296
wrapping first mol.:      -37.32017       26.38935       45.70769

 NSTEP =     2500   TIME(PS) =       5.000  TEMP(K) =   291.65  PRESS =  -415.5
 Etot   =    -49171.5173  EKtot   =      8082.9955  EPtot      =    -57254.5128
 BOND   =       168.7302  ANGLE   =       498.5897  DIHED      =      -254.0596
 1-4 NB =       207.5810  1-4 EEL =      4753.9331  VDWAALS    =      9883.3886
 EELEC  =    -72527.1645  EHBOND  =         0.0000  RESTRAINT  =        14.4887
 EAMBER (non-restraint)  =    -57269.0015
 EKCMT  =      3741.5826  VIRIAL  =      4953.1189  VOLUME     =    135046.3218
                                                    Density    =         1.0370
 Ewald error estimate:   0.1097E-03
 ------------------------------------------------------------------------------

 NMR restraints: Bond =    0.000   Angle =     0.000   Torsion =     0.000
               : Noesy=    0.000   Shift =     0.000   Pcshift =    14.489
===============================================================================
                VIOLATIONS      3  RESIDUALS    0.48309
                VIOLATIONS      3  RESIDUALS    0.48334
                VIOLATIONS      3  RESIDUALS    0.48260
                VIOLATIONS      3  RESIDUALS    0.48327
                VIOLATIONS      3  RESIDUALS    0.48237
                VIOLATIONS      3  RESIDUALS    0.48332
                VIOLATIONS      3  RESIDUALS    0.48226
                VIOLATIONS      3  RESIDUALS    0.48305
                VIOLATIONS      3  RESIDUALS    0.48278
                VIOLATIONS      3  RESIDUALS    0.48183
                VIOLATIONS      3  RESIDUALS    0.48257
                VIOLATIONS      3  RESIDUALS    0.48255
                VIOLATIONS      3  RESIDUALS    0.48227
                VIOLATIONS      3  RESIDUALS    0.48381
                VIOLATIONS      3  RESIDUALS    0.48356
                VIOLATIONS      3  RESIDUALS    0.48303
                VIOLATIONS      3  RESIDUALS    0.48396
                VIOLATIONS      3  RESIDUALS    0.48226
                VIOLATIONS      3  RESIDUALS    0.48336
                VIOLATIONS      3  RESIDUALS    0.48336
                VIOLATIONS      3  RESIDUALS    0.48365
                VIOLATIONS      3  RESIDUALS    0.48459
                VIOLATIONS      3  RESIDUALS    0.48389
                VIOLATIONS      3  RESIDUALS    0.48344
                VIOLATIONS      3  RESIDUALS    0.48329
                VIOLATIONS      3  RESIDUALS    0.48310
                VIOLATIONS      3  RESIDUALS    0.48293
                VIOLATIONS      3  RESIDUALS    0.48275
                VIOLATIONS      3  RESIDUALS    0.48335
                VIOLATIONS      3  RESIDUALS    0.48306
                VIOLATIONS      3  RESIDUALS    0.48304
                VIOLATIONS      3  RESIDUALS    0.48364
                VIOLATIONS      3  RESIDUALS    0.48376
                VIOLATIONS      3  RESIDUALS    0.48347
                VIOLATIONS      3  RESIDUALS    0.48384
                VIOLATIONS      3  RESIDUALS    0.48296
                VIOLATIONS      3  RESIDUALS    0.48312
                VIOLATIONS      3  RESIDUALS    0.48331
                VIOLATIONS      3  RESIDUALS    0.48289
                VIOLATIONS      3  RESIDUALS    0.48340
                VIOLATIONS      3  RESIDUALS    0.48313
                VIOLATIONS      3  RESIDUALS    0.48327
                VIOLATIONS      3  RESIDUALS    0.48391
                VIOLATIONS      3  RESIDUALS    0.48314
                VIOLATIONS      3  RESIDUALS    0.48318
                VIOLATIONS      3  RESIDUALS    0.48356
                VIOLATIONS      3  RESIDUALS    0.48333
                VIOLATIONS      3  RESIDUALS    0.48366
                VIOLATIONS      3  RESIDUALS    0.48389
                VIOLATIONS      3  RESIDUALS    0.48370
                VIOLATIONS      3  RESIDUALS    0.48338
wrapping first mol.:      -37.32874       26.39541       45.71819

 NSTEP =     3000   TIME(PS) =       6.000  TEMP(K) =   290.71  PRESS =  -325.3
 Etot   =    -48943.1956  EKtot   =      8056.7562  EPtot      =    -56999.9519
 BOND   =       167.5203  ANGLE   =       526.0203  DIHED      =      -247.2951
 1-4 NB =       209.9343  1-4 EEL =      4722.7866  VDWAALS    =      9901.8100
 EELEC  =    -72295.2299  EHBOND  =         0.0000  RESTRAINT  =        14.5015
 EAMBER (non-restraint)  =    -57014.4534
 EKCMT  =      3778.2060  VIRIAL  =      4727.4579  VOLUME     =    135139.3824
                                                    Density    =         1.0363
 Ewald error estimate:   0.1165E-03
 ------------------------------------------------------------------------------

 NMR restraints: Bond =    0.000   Angle =     0.000   Torsion =     0.000
               : Noesy=    0.000   Shift =     0.000   Pcshift =    14.501
===============================================================================
                VIOLATIONS      3  RESIDUALS    0.48293
                VIOLATIONS      3  RESIDUALS    0.48288
                VIOLATIONS      3  RESIDUALS    0.48372
                VIOLATIONS      3  RESIDUALS    0.48297
                VIOLATIONS      3  RESIDUALS    0.48308
                VIOLATIONS      3  RESIDUALS    0.48333
                VIOLATIONS      3  RESIDUALS    0.48296
                VIOLATIONS      3  RESIDUALS    0.48321
                VIOLATIONS      3  RESIDUALS    0.48302
                VIOLATIONS      3  RESIDUALS    0.48313
                VIOLATIONS      3  RESIDUALS    0.48352
                VIOLATIONS      3  RESIDUALS    0.48238
                VIOLATIONS      3  RESIDUALS    0.48379
                VIOLATIONS      3  RESIDUALS    0.48307
                VIOLATIONS      3  RESIDUALS    0.48242
                VIOLATIONS      3  RESIDUALS    0.48288
                VIOLATIONS      3  RESIDUALS    0.48261
                VIOLATIONS      3  RESIDUALS    0.48365
                VIOLATIONS      3  RESIDUALS    0.48363
                VIOLATIONS      3  RESIDUALS    0.48375
                VIOLATIONS      3  RESIDUALS    0.48381
                VIOLATIONS      3  RESIDUALS    0.48358
                VIOLATIONS      3  RESIDUALS    0.48403
                VIOLATIONS      3  RESIDUALS    0.48362
                VIOLATIONS      3  RESIDUALS    0.48392
                VIOLATIONS      3  RESIDUALS    0.48379
                VIOLATIONS      3  RESIDUALS    0.48391
                VIOLATIONS      3  RESIDUALS    0.48311
                VIOLATIONS      3  RESIDUALS    0.48376
                VIOLATIONS      3  RESIDUALS    0.48315
                VIOLATIONS      3  RESIDUALS    0.48249
                VIOLATIONS      3  RESIDUALS    0.48243
                VIOLATIONS      3  RESIDUALS    0.48196
                VIOLATIONS      3  RESIDUALS    0.48268
                VIOLATIONS      3  RESIDUALS    0.48291
                VIOLATIONS      3  RESIDUALS    0.48314
                VIOLATIONS      3  RESIDUALS    0.48384
                VIOLATIONS      3  RESIDUALS    0.48449
                VIOLATIONS      3  RESIDUALS    0.48439
                VIOLATIONS      3  RESIDUALS    0.48417
                VIOLATIONS      3  RESIDUALS    0.48365
                VIOLATIONS      3  RESIDUALS    0.48329
                VIOLATIONS      3  RESIDUALS    0.48320
                VIOLATIONS      3  RESIDUALS    0.48315
                VIOLATIONS      3  RESIDUALS    0.48297
                VIOLATIONS      3  RESIDUALS    0.48300
                VIOLATIONS      3  RESIDUALS    0.48427
                VIOLATIONS      3  RESIDUALS    0.48399
                VIOLATIONS      3  RESIDUALS    0.48427
                VIOLATIONS      3  RESIDUALS    0.48399
                VIOLATIONS      3  RESIDUALS    0.48374
wrapping first mol.:      -37.32874       26.39541       45.71819

 NSTEP =     3500   TIME(PS) =       7.000  TEMP(K) =   290.50  PRESS =  -114.5
 Etot   =    -48662.6819  EKtot   =      8050.9614  EPtot      =    -56713.6433
 BOND   =       182.7304  ANGLE   =       494.6130  DIHED      =      -240.0212
 1-4 NB =       202.5090  1-4 EEL =      4721.0295  VDWAALS    =      9811.3600
 EELEC  =    -71900.3751  EHBOND  =         0.0000  RESTRAINT  =        14.5111
 EAMBER (non-restraint)  =    -56728.1544
 EKCMT  =      3718.1926  VIRIAL  =      4052.4223  VOLUME     =    135139.3824
                                                    Density    =         1.0363
 Ewald error estimate:   0.2734E-04
 ------------------------------------------------------------------------------

 NMR restraints: Bond =    0.000   Angle =     0.000   Torsion =     0.000
               : Noesy=    0.000   Shift =     0.000   Pcshift =    14.511
===============================================================================
                VIOLATIONS      3  RESIDUALS    0.48329
                VIOLATIONS      3  RESIDUALS    0.48411
                VIOLATIONS      3  RESIDUALS    0.48303
                VIOLATIONS      3  RESIDUALS    0.48346
                VIOLATIONS      3  RESIDUALS    0.48383
                VIOLATIONS      3  RESIDUALS    0.48328
                VIOLATIONS      3  RESIDUALS    0.48386
                VIOLATIONS      3  RESIDUALS    0.48414
                VIOLATIONS      3  RESIDUALS    0.48384
                VIOLATIONS      3  RESIDUALS    0.48361
                VIOLATIONS      3  RESIDUALS    0.48227
                VIOLATIONS      3  RESIDUALS    0.48263
                VIOLATIONS      3  RESIDUALS    0.48287
                VIOLATIONS      3  RESIDUALS    0.48237
                VIOLATIONS      3  RESIDUALS    0.48440
                VIOLATIONS      3  RESIDUALS    0.48378
                VIOLATIONS      3  RESIDUALS    0.48413
                VIOLATIONS      3  RESIDUALS    0.48446
                VIOLATIONS      3  RESIDUALS    0.48308
                VIOLATIONS      3  RESIDUALS    0.48318
                VIOLATIONS      3  RESIDUALS    0.48320
                VIOLATIONS      3  RESIDUALS    0.48269
                VIOLATIONS      3  RESIDUALS    0.48333
                VIOLATIONS      3  RESIDUALS    0.48316
                VIOLATIONS      3  RESIDUALS    0.48330
                VIOLATIONS      3  RESIDUALS    0.48431
                VIOLATIONS      3  RESIDUALS    0.48291
                VIOLATIONS      3  RESIDUALS    0.48296
                VIOLATIONS      3  RESIDUALS    0.48224
                VIOLATIONS      3  RESIDUALS    0.48146
                VIOLATIONS      3  RESIDUALS    0.48146
                VIOLATIONS      3  RESIDUALS    0.48197
                VIOLATIONS      3  RESIDUALS    0.48270
                VIOLATIONS      3  RESIDUALS    0.48211
                VIOLATIONS      3  RESIDUALS    0.48264
                VIOLATIONS      3  RESIDUALS    0.48223
                VIOLATIONS      3  RESIDUALS    0.48253
                VIOLATIONS      3  RESIDUALS    0.48310
                VIOLATIONS      3  RESIDUALS    0.48316
                VIOLATIONS      3  RESIDUALS    0.48232
                VIOLATIONS      3  RESIDUALS    0.48300
                VIOLATIONS      3  RESIDUALS    0.48296
                VIOLATIONS      3  RESIDUALS    0.48386
                VIOLATIONS      3  RESIDUALS    0.48387
                VIOLATIONS      3  RESIDUALS    0.48320
                VIOLATIONS      3  RESIDUALS    0.48365
                VIOLATIONS      3  RESIDUALS    0.48218
                VIOLATIONS      3  RESIDUALS    0.48372
                VIOLATIONS      3  RESIDUALS    0.48274
                VIOLATIONS      3  RESIDUALS    0.48281
                VIOLATIONS      3  RESIDUALS    0.48339
| MC Barostat: Decreasing size of volume moves
wrapping first mol.:      -37.32874       26.39541       45.71819

 NSTEP =     4000   TIME(PS) =       8.000  TEMP(K) =   296.78  PRESS =    77.7
 Etot   =    -48386.6525  EKtot   =      8225.1904  EPtot      =    -56611.8429
 BOND   =       174.6739  ANGLE   =       519.8745  DIHED      =      -248.2825
 1-4 NB =       203.0214  1-4 EEL =      4714.2924  VDWAALS    =      9755.6200
 EELEC  =    -71745.5466  EHBOND  =         0.0000  RESTRAINT  =        14.5041
 EAMBER (non-restraint)  =    -56626.3469
 EKCMT  =      3886.5478  VIRIAL  =      3659.8250  VOLUME     =    135139.3824
                                                    Density    =         1.0363
 Ewald error estimate:   0.8687E-04
 ------------------------------------------------------------------------------

 NMR restraints: Bond =    0.000   Angle =     0.000   Torsion =     0.000
               : Noesy=    0.000   Shift =     0.000   Pcshift =    14.504
===============================================================================
                VIOLATIONS      3  RESIDUALS    0.48220
                VIOLATIONS      3  RESIDUALS    0.48228
                VIOLATIONS      3  RESIDUALS    0.48351
                VIOLATIONS      3  RESIDUALS    0.48270
                VIOLATIONS      3  RESIDUALS    0.48318
                VIOLATIONS      3  RESIDUALS    0.48270
                VIOLATIONS      3  RESIDUALS    0.48159
                VIOLATIONS      3  RESIDUALS    0.48297
                VIOLATIONS      3  RESIDUALS    0.48244
                VIOLATIONS      3  RESIDUALS    0.48272
                VIOLATIONS      3  RESIDUALS    0.48314
                VIOLATIONS      3  RESIDUALS    0.48247
                VIOLATIONS      3  RESIDUALS    0.48244
                VIOLATIONS      3  RESIDUALS    0.48317
                VIOLATIONS      3  RESIDUALS    0.48253
                VIOLATIONS      3  RESIDUALS    0.48282
                VIOLATIONS      3  RESIDUALS    0.48301
                VIOLATIONS      3  RESIDUALS    0.48284
                VIOLATIONS      3  RESIDUALS    0.48313
                VIOLATIONS      3  RESIDUALS    0.48243
                VIOLATIONS      3  RESIDUALS    0.48270
                VIOLATIONS      3  RESIDUALS    0.48360
                VIOLATIONS      3  RESIDUALS    0.48208
                VIOLATIONS      3  RESIDUALS    0.48246
                VIOLATIONS      3  RESIDUALS    0.48212
                VIOLATIONS      3  RESIDUALS    0.48113
                VIOLATIONS      3  RESIDUALS    0.48151
                VIOLATIONS      3  RESIDUALS    0.48072
                VIOLATIONS      3  RESIDUALS    0.48161
                VIOLATIONS      3  RESIDUALS    0.48197
                VIOLATIONS      3  RESIDUALS    0.48128
                VIOLATIONS      3  RESIDUALS    0.48186
                VIOLATIONS      3  RESIDUALS    0.48169
                VIOLATIONS      3  RESIDUALS    0.48189
                VIOLATIONS      3  RESIDUALS    0.48232
                VIOLATIONS      3  RESIDUALS    0.48144
                VIOLATIONS      3  RESIDUALS    0.48175
                VIOLATIONS      3  RESIDUALS    0.48248
                VIOLATIONS      3  RESIDUALS    0.48213
                VIOLATIONS      3  RESIDUALS    0.48308
                VIOLATIONS      3  RESIDUALS    0.48231
                VIOLATIONS      3  RESIDUALS    0.48148
                VIOLATIONS      3  RESIDUALS    0.48171
                VIOLATIONS      3  RESIDUALS    0.48122
                VIOLATIONS      3  RESIDUALS    0.48255
                VIOLATIONS      3  RESIDUALS    0.48292
                VIOLATIONS      3  RESIDUALS    0.48270
                VIOLATIONS      3  RESIDUALS    0.48238
                VIOLATIONS      3  RESIDUALS    0.48170
                VIOLATIONS      3  RESIDUALS    0.48197
                VIOLATIONS      3  RESIDUALS    0.48232
wrapping first mol.:      -37.35563       26.41442       45.75112

 NSTEP =     4500   TIME(PS) =       9.000  TEMP(K) =   298.51  PRESS =  -292.4
 Etot   =    -48351.3969  EKtot   =      8273.0726  EPtot      =    -56624.4695
 BOND   =       190.6867  ANGLE   =       497.9338  DIHED      =      -238.5764
 1-4 NB =       214.7601  1-4 EEL =      4749.5061  VDWAALS    =      9749.6934
 EELEC  =    -71802.9427  EHBOND  =         0.0000  RESTRAINT  =        14.4695
 EAMBER (non-restraint)  =    -56638.9390
 EKCMT  =      3841.7828  VIRIAL  =      4696.8777  VOLUME     =    135431.6430
                                                    Density    =         1.0341
 Ewald error estimate:   0.7877E-05
 ------------------------------------------------------------------------------

 NMR restraints: Bond =    0.000   Angle =     0.000   Torsion =     0.000
               : Noesy=    0.000   Shift =     0.000   Pcshift =    14.469
===============================================================================
                VIOLATIONS      3  RESIDUALS    0.48171
                VIOLATIONS      3  RESIDUALS    0.48235
                VIOLATIONS      3  RESIDUALS    0.48214
                VIOLATIONS      3  RESIDUALS    0.48289
                VIOLATIONS      3  RESIDUALS    0.48287
                VIOLATIONS      3  RESIDUALS    0.48189
                VIOLATIONS      3  RESIDUALS    0.48223
                VIOLATIONS      3  RESIDUALS    0.48110
                VIOLATIONS      3  RESIDUALS    0.48125
                VIOLATIONS      3  RESIDUALS    0.48156
                VIOLATIONS      3  RESIDUALS    0.48149
                VIOLATIONS      3  RESIDUALS    0.48267
                VIOLATIONS      3  RESIDUALS    0.48223
                VIOLATIONS      3  RESIDUALS    0.48269
                VIOLATIONS      3  RESIDUALS    0.48307
                VIOLATIONS      3  RESIDUALS    0.48251
                VIOLATIONS      3  RESIDUALS    0.48273
                VIOLATIONS      3  RESIDUALS    0.48204
                VIOLATIONS      3  RESIDUALS    0.48219
                VIOLATIONS      3  RESIDUALS    0.48311
                VIOLATIONS      3  RESIDUALS    0.48296
                VIOLATIONS      3  RESIDUALS    0.48234
                VIOLATIONS      3  RESIDUALS    0.48406
                VIOLATIONS      3  RESIDUALS    0.48366
                VIOLATIONS      3  RESIDUALS    0.48417
                VIOLATIONS      3  RESIDUALS    0.48425
                VIOLATIONS      3  RESIDUALS    0.48240
                VIOLATIONS      3  RESIDUALS    0.48235
                VIOLATIONS      3  RESIDUALS    0.48249
                VIOLATIONS      3  RESIDUALS    0.48201
                VIOLATIONS      3  RESIDUALS    0.48303
                VIOLATIONS      3  RESIDUALS    0.48280
                VIOLATIONS      3  RESIDUALS    0.48199
                VIOLATIONS      3  RESIDUALS    0.48415
                VIOLATIONS      3  RESIDUALS    0.48250
                VIOLATIONS      3  RESIDUALS    0.48237
                VIOLATIONS      3  RESIDUALS    0.48230
                VIOLATIONS      3  RESIDUALS    0.48220
                VIOLATIONS      3  RESIDUALS    0.48320
                VIOLATIONS      3  RESIDUALS    0.48278
                VIOLATIONS      3  RESIDUALS    0.48209
                VIOLATIONS      3  RESIDUALS    0.48301
                VIOLATIONS      3  RESIDUALS    0.48287
                VIOLATIONS      3  RESIDUALS    0.48315
                VIOLATIONS      3  RESIDUALS    0.48383
                VIOLATIONS      3  RESIDUALS    0.48271
                VIOLATIONS      3  RESIDUALS    0.48320
                VIOLATIONS      3  RESIDUALS    0.48283
                VIOLATIONS      3  RESIDUALS    0.48237
                VIOLATIONS      3  RESIDUALS    0.48295
                VIOLATIONS      3  RESIDUALS    0.48292
wrapping first mol.:      -37.32259       26.39106       45.71066

 NSTEP =     5000   TIME(PS) =      10.000  TEMP(K) =   297.32  PRESS =   -41.2
 Etot   =    -48336.9396  EKtot   =      8240.0372  EPtot      =    -56576.9768
 BOND   =       166.8313  ANGLE   =       515.0084  DIHED      =      -245.0598
 1-4 NB =       207.6939  1-4 EEL =      4755.6235  VDWAALS    =      9617.6842
 EELEC  =    -71609.2449  EHBOND  =         0.0000  RESTRAINT  =        14.4867
 EAMBER (non-restraint)  =    -56591.4635
 EKCMT  =      3750.7222  VIRIAL  =      3870.9128  VOLUME     =    135072.6161
                                                    Density    =         1.0368
 Ewald error estimate:   0.2733E-04
 ------------------------------------------------------------------------------

 NMR restraints: Bond =    0.000   Angle =     0.000   Torsion =     0.000
               : Noesy=    0.000   Shift =     0.000   Pcshift =    14.487
===============================================================================
                VIOLATIONS      3  RESIDUALS    0.48270
                VIOLATIONS      3  RESIDUALS    0.48351
                VIOLATIONS      3  RESIDUALS    0.48285
                VIOLATIONS      3  RESIDUALS    0.48516
                VIOLATIONS      3  RESIDUALS    0.48421
                VIOLATIONS      3  RESIDUALS    0.48421
                VIOLATIONS      3  RESIDUALS    0.48330
                VIOLATIONS      3  RESIDUALS    0.48214
                VIOLATIONS      3  RESIDUALS    0.48321
                VIOLATIONS      3  RESIDUALS    0.48249
                VIOLATIONS      3  RESIDUALS    0.48215
                VIOLATIONS      3  RESIDUALS    0.48296
                VIOLATIONS      3  RESIDUALS    0.48244
                VIOLATIONS      3  RESIDUALS    0.48263
                VIOLATIONS      3  RESIDUALS    0.48313
                VIOLATIONS      3  RESIDUALS    0.48182
                VIOLATIONS      3  RESIDUALS    0.48291
                VIOLATIONS      3  RESIDUALS    0.48251
                VIOLATIONS      3  RESIDUALS    0.48251
                VIOLATIONS      3  RESIDUALS    0.48272
                VIOLATIONS      3  RESIDUALS    0.48256
                VIOLATIONS      3  RESIDUALS    0.48249
                VIOLATIONS      3  RESIDUALS    0.48238
                VIOLATIONS      3  RESIDUALS    0.48206
                VIOLATIONS      3  RESIDUALS    0.48183
                VIOLATIONS      3  RESIDUALS    0.48156
                VIOLATIONS      3  RESIDUALS    0.48105
                VIOLATIONS      3  RESIDUALS    0.48163
                VIOLATIONS      3  RESIDUALS    0.48159
                VIOLATIONS      3  RESIDUALS    0.48203
                VIOLATIONS      3  RESIDUALS    0.48211
                VIOLATIONS      3  RESIDUALS    0.48184
                VIOLATIONS      3  RESIDUALS    0.48222
                VIOLATIONS      3  RESIDUALS    0.48210
                VIOLATIONS      3  RESIDUALS    0.48181
                VIOLATIONS      3  RESIDUALS    0.48168
                VIOLATIONS      3  RESIDUALS    0.48177
                VIOLATIONS      3  RESIDUALS    0.48196
                VIOLATIONS      3  RESIDUALS    0.48166
                VIOLATIONS      3  RESIDUALS    0.48208
                VIOLATIONS      3  RESIDUALS    0.48169
                VIOLATIONS      3  RESIDUALS    0.48195
                VIOLATIONS      3  RESIDUALS    0.48268
                VIOLATIONS      3  RESIDUALS    0.48234
                VIOLATIONS      3  RESIDUALS    0.48178
                VIOLATIONS      3  RESIDUALS    0.48215
                VIOLATIONS      3  RESIDUALS    0.48183
                VIOLATIONS      3  RESIDUALS    0.48172
                VIOLATIONS      3  RESIDUALS    0.48222
                VIOLATIONS      3  RESIDUALS    0.48274
                VIOLATIONS      3  RESIDUALS    0.48253
wrapping first mol.:      -37.30440       26.37820       45.68838

 NSTEP =     5500   TIME(PS) =      11.000  TEMP(K) =   296.98  PRESS =   194.3
 Etot   =    -48162.4632  EKtot   =      8230.5325  EPtot      =    -56392.9957
 BOND   =       151.5389  ANGLE   =       492.9005  DIHED      =      -243.3547
 1-4 NB =       216.0408  1-4 EEL =      4728.5028  VDWAALS    =      9763.1048
 EELEC  =    -71516.2049  EHBOND  =         0.0000  RESTRAINT  =        14.4760
 EAMBER (non-restraint)  =    -56407.4717
 EKCMT  =      3781.9152  VIRIAL  =      3216.0010  VOLUME     =    134875.2376
                                                    Density    =         1.0383
 Ewald error estimate:   0.1668E-04
 ------------------------------------------------------------------------------

 NMR restraints: Bond =    0.000   Angle =     0.000   Torsion =     0.000
               : Noesy=    0.000   Shift =     0.000   Pcshift =    14.476
===============================================================================
                VIOLATIONS      3  RESIDUALS    0.48247
                VIOLATIONS      3  RESIDUALS    0.48240
                VIOLATIONS      3  RESIDUALS    0.48173
                VIOLATIONS      3  RESIDUALS    0.48236
                VIOLATIONS      3  RESIDUALS    0.48180
                VIOLATIONS      3  RESIDUALS    0.48231
                VIOLATIONS      3  RESIDUALS    0.48255
                VIOLATIONS      3  RESIDUALS    0.48255
                VIOLATIONS      3  RESIDUALS    0.48353
                VIOLATIONS      3  RESIDUALS    0.48339
                VIOLATIONS      3  RESIDUALS    0.48275
                VIOLATIONS      3  RESIDUALS    0.48367
                VIOLATIONS      3  RESIDUALS    0.48342
                VIOLATIONS      3  RESIDUALS    0.48236
                VIOLATIONS      3  RESIDUALS    0.48308
                VIOLATIONS      3  RESIDUALS    0.48247
                VIOLATIONS      3  RESIDUALS    0.48320
                VIOLATIONS      3  RESIDUALS    0.48380
                VIOLATIONS      3  RESIDUALS    0.48283
                VIOLATIONS      3  RESIDUALS    0.48409
                VIOLATIONS      3  RESIDUALS    0.48329
                VIOLATIONS      3  RESIDUALS    0.48308
                VIOLATIONS      3  RESIDUALS    0.48293
                VIOLATIONS      3  RESIDUALS    0.48267
                VIOLATIONS      3  RESIDUALS    0.48305
                VIOLATIONS      3  RESIDUALS    0.48295
                VIOLATIONS      3  RESIDUALS    0.48214
                VIOLATIONS      3  RESIDUALS    0.48271
                VIOLATIONS      3  RESIDUALS    0.48184
                VIOLATIONS      3  RESIDUALS    0.48250
                VIOLATIONS      3  RESIDUALS    0.48181
                VIOLATIONS      3  RESIDUALS    0.48161
                VIOLATIONS      3  RESIDUALS    0.48241
                VIOLATIONS      3  RESIDUALS    0.48191
                VIOLATIONS      3  RESIDUALS    0.48202
                VIOLATIONS      3  RESIDUALS    0.48288
                VIOLATIONS      3  RESIDUALS    0.48355
                VIOLATIONS      3  RESIDUALS    0.48366
                VIOLATIONS      3  RESIDUALS    0.48250
                VIOLATIONS      3  RESIDUALS    0.48270
                VIOLATIONS      3  RESIDUALS    0.48326
                VIOLATIONS      3  RESIDUALS    0.48225
                VIOLATIONS      3  RESIDUALS    0.48218
                VIOLATIONS      3  RESIDUALS    0.48243
                VIOLATIONS      3  RESIDUALS    0.48281
                VIOLATIONS      3  RESIDUALS    0.48360
                VIOLATIONS      3  RESIDUALS    0.48401
                VIOLATIONS      3  RESIDUALS    0.48329
                VIOLATIONS      3  RESIDUALS    0.48356
                VIOLATIONS      3  RESIDUALS    0.48275
                VIOLATIONS      3  RESIDUALS    0.48328
wrapping first mol.:      -37.30440       26.37820       45.68838

 NSTEP =     6000   TIME(PS) =      12.000  TEMP(K) =   298.91  PRESS =    76.2
 Etot   =    -48134.2680  EKtot   =      8284.1237  EPtot      =    -56418.3917
 BOND   =       176.3037  ANGLE   =       499.2673  DIHED      =      -247.1651
 1-4 NB =       212.7083  1-4 EEL =      4741.6815  VDWAALS    =      9722.9331
 EELEC  =    -71538.6166  EHBOND  =         0.0000  RESTRAINT  =        14.4961
 EAMBER (non-restraint)  =    -56432.8878
 EKCMT  =      3860.8161  VIRIAL  =      3638.9754  VOLUME     =    134875.2376
                                                    Density    =         1.0383
 Ewald error estimate:   0.1126E-03
 ------------------------------------------------------------------------------

 NMR restraints: Bond =    0.000   Angle =     0.000   Torsion =     0.000
               : Noesy=    0.000   Shift =     0.000   Pcshift =    14.496
===============================================================================
                VIOLATIONS      3  RESIDUALS    0.48254
                VIOLATIONS      3  RESIDUALS    0.48199
                VIOLATIONS      3  RESIDUALS    0.48170
                VIOLATIONS      3  RESIDUALS    0.48187
                VIOLATIONS      3  RESIDUALS    0.48220
                VIOLATIONS      3  RESIDUALS    0.48189
                VIOLATIONS      3  RESIDUALS    0.48272
                VIOLATIONS      3  RESIDUALS    0.48292
                VIOLATIONS      3  RESIDUALS    0.48288
                VIOLATIONS      3  RESIDUALS    0.48296
                VIOLATIONS      3  RESIDUALS    0.48265
                VIOLATIONS      3  RESIDUALS    0.48216
                VIOLATIONS      3  RESIDUALS    0.48177
                VIOLATIONS      3  RESIDUALS    0.48148
                VIOLATIONS      3  RESIDUALS    0.48195
                VIOLATIONS      3  RESIDUALS    0.48234
                VIOLATIONS      3  RESIDUALS    0.48252
                VIOLATIONS      3  RESIDUALS    0.48345
                VIOLATIONS      3  RESIDUALS    0.48303
                VIOLATIONS      3  RESIDUALS    0.48320
                VIOLATIONS      3  RESIDUALS    0.48379
                VIOLATIONS      3  RESIDUALS    0.48331
                VIOLATIONS      3  RESIDUALS    0.48242
                VIOLATIONS      3  RESIDUALS    0.48326
                VIOLATIONS      3  RESIDUALS    0.48244
                VIOLATIONS      3  RESIDUALS    0.48311
                VIOLATIONS      3  RESIDUALS    0.48254
                VIOLATIONS      3  RESIDUALS    0.48243
                VIOLATIONS      3  RESIDUALS    0.48302
                VIOLATIONS      3  RESIDUALS    0.48273
                VIOLATIONS      3  RESIDUALS    0.48199
                VIOLATIONS      3  RESIDUALS    0.48195
                VIOLATIONS      3  RESIDUALS    0.48145
                VIOLATIONS      3  RESIDUALS    0.48200
                VIOLATIONS      3  RESIDUALS    0.48245
                VIOLATIONS      3  RESIDUALS    0.48300
                VIOLATIONS      3  RESIDUALS    0.48344
                VIOLATIONS      3  RESIDUALS    0.48341
                VIOLATIONS      3  RESIDUALS    0.48342
                VIOLATIONS      3  RESIDUALS    0.48299
                VIOLATIONS      3  RESIDUALS    0.48341
                VIOLATIONS      3  RESIDUALS    0.48259
                VIOLATIONS      3  RESIDUALS    0.48242
                VIOLATIONS      3  RESIDUALS    0.48217
                VIOLATIONS      3  RESIDUALS    0.48260
                VIOLATIONS      3  RESIDUALS    0.48239
                VIOLATIONS      3  RESIDUALS    0.48340
                VIOLATIONS      3  RESIDUALS    0.48197
                VIOLATIONS      3  RESIDUALS    0.48264
                VIOLATIONS      3  RESIDUALS    0.48237
                VIOLATIONS      3  RESIDUALS    0.48178
wrapping first mol.:      -37.28923       26.36747       45.66980

 NSTEP =     6500   TIME(PS) =      13.000  TEMP(K) =   297.44  PRESS =  -214.8
 Etot   =    -48330.8458  EKtot   =      8243.2698  EPtot      =    -56574.1156
 BOND   =       189.6081  ANGLE   =       517.7927  DIHED      =      -245.8482
 1-4 NB =       199.7757  1-4 EEL =      4744.8418  VDWAALS    =      9608.1908
 EELEC  =    -71602.9267  EHBOND  =         0.0000  RESTRAINT  =        14.4502
 EAMBER (non-restraint)  =    -56588.5659
 EKCMT  =      3782.6592  VIRIAL  =      4407.3637  VOLUME     =    134710.7596
                                                    Density    =         1.0396
 Ewald error estimate:   0.7317E-04
 ------------------------------------------------------------------------------

 NMR restraints: Bond =    0.000   Angle =     0.000   Torsion =     0.000
               : Noesy=    0.000   Shift =     0.000   Pcshift =    14.450
===============================================================================
                VIOLATIONS      3  RESIDUALS    0.48130
                VIOLATIONS      3  RESIDUALS    0.48144
                VIOLATIONS      3  RESIDUALS    0.48133
                VIOLATIONS      3  RESIDUALS    0.48295
                VIOLATIONS      3  RESIDUALS    0.48249
                VIOLATIONS      3  RESIDUALS    0.48229
                VIOLATIONS      3  RESIDUALS    0.48266
                VIOLATIONS      3  RESIDUALS    0.48187
                VIOLATIONS      3  RESIDUALS    0.48365
                VIOLATIONS      3  RESIDUALS    0.48303
                VIOLATIONS      3  RESIDUALS    0.48284
                VIOLATIONS      3  RESIDUALS    0.48332
                VIOLATIONS      3  RESIDUALS    0.48330
                VIOLATIONS      3  RESIDUALS    0.48218
                VIOLATIONS      3  RESIDUALS    0.48298
                VIOLATIONS      3  RESIDUALS    0.48195
                VIOLATIONS      3  RESIDUALS    0.48169
                VIOLATIONS      3  RESIDUALS    0.48192
                VIOLATIONS      3  RESIDUALS    0.48137
                VIOLATIONS      3  RESIDUALS    0.48139
                VIOLATIONS      3  RESIDUALS    0.48160
                VIOLATIONS      3  RESIDUALS    0.48160
                VIOLATIONS      3  RESIDUALS    0.48231
                VIOLATIONS      3  RESIDUALS    0.48226
                VIOLATIONS      3  RESIDUALS    0.48308
                VIOLATIONS      3  RESIDUALS    0.48318
                VIOLATIONS      3  RESIDUALS    0.48263
                VIOLATIONS      3  RESIDUALS    0.48229
                VIOLATIONS      3  RESIDUALS    0.48152
                VIOLATIONS      3  RESIDUALS    0.48151
                VIOLATIONS      3  RESIDUALS    0.48140
                VIOLATIONS      3  RESIDUALS    0.48178
                VIOLATIONS      3  RESIDUALS    0.48213
                VIOLATIONS      3  RESIDUALS    0.48184
                VIOLATIONS      3  RESIDUALS    0.48173
                VIOLATIONS      3  RESIDUALS    0.48206
                VIOLATIONS      3  RESIDUALS    0.48165
                VIOLATIONS      3  RESIDUALS    0.48123
                VIOLATIONS      3  RESIDUALS    0.48157
                VIOLATIONS      3  RESIDUALS    0.48237
                VIOLATIONS      3  RESIDUALS    0.48255
                VIOLATIONS      3  RESIDUALS    0.48302
                VIOLATIONS      3  RESIDUALS    0.48284
                VIOLATIONS      3  RESIDUALS    0.48245
                VIOLATIONS      3  RESIDUALS    0.48320
                VIOLATIONS      3  RESIDUALS    0.48305
                VIOLATIONS      3  RESIDUALS    0.48340
                VIOLATIONS      3  RESIDUALS    0.48287
                VIOLATIONS      3  RESIDUALS    0.48314
                VIOLATIONS      3  RESIDUALS    0.48316
                VIOLATIONS      3  RESIDUALS    0.48394
wrapping first mol.:      -37.29515       26.37166       45.67704

 NSTEP =     7000   TIME(PS) =      14.000  TEMP(K) =   298.62  PRESS =  -273.4
 Etot   =    -48246.8107  EKtot   =      8275.9591  EPtot      =    -56522.7698
 BOND   =       174.9108  ANGLE   =       502.4911  DIHED      =      -233.5295
 1-4 NB =       202.6350  1-4 EEL =      4724.8036  VDWAALS    =      9562.8940
 EELEC  =    -71471.4930  EHBOND  =         0.0000  RESTRAINT  =        14.5182
 EAMBER (non-restraint)  =    -56537.2880
 EKCMT  =      3843.2598  VIRIAL  =      4638.8108  VOLUME     =    134774.8792
                                                    Density    =         1.0391
 Ewald error estimate:   0.1955E-03
 ------------------------------------------------------------------------------

 NMR restraints: Bond =    0.000   Angle =     0.000   Torsion =     0.000
               : Noesy=    0.000   Shift =     0.000   Pcshift =    14.518
===============================================================================
                VIOLATIONS      3  RESIDUALS    0.48292
                VIOLATIONS      3  RESIDUALS    0.48251
                VIOLATIONS      3  RESIDUALS    0.48319
                VIOLATIONS      3  RESIDUALS    0.48277
                VIOLATIONS      3  RESIDUALS    0.48269
                VIOLATIONS      3  RESIDUALS    0.48290
                VIOLATIONS      3  RESIDUALS    0.48268
                VIOLATIONS      3  RESIDUALS    0.48350
                VIOLATIONS      3  RESIDUALS    0.48397
                VIOLATIONS      3  RESIDUALS    0.48359
                VIOLATIONS      3  RESIDUALS    0.48427
                VIOLATIONS      3  RESIDUALS    0.48331
                VIOLATIONS      3  RESIDUALS    0.48262
                VIOLATIONS      3  RESIDUALS    0.48267
                VIOLATIONS      3  RESIDUALS    0.48193
                VIOLATIONS      3  RESIDUALS    0.48181
                VIOLATIONS      3  RESIDUALS    0.48224
                VIOLATIONS      3  RESIDUALS    0.48176
                VIOLATIONS      3  RESIDUALS    0.48173
                VIOLATIONS      3  RESIDUALS    0.48206
                VIOLATIONS      3  RESIDUALS    0.48196
                VIOLATIONS      3  RESIDUALS    0.48272
                VIOLATIONS      3  RESIDUALS    0.48258
                VIOLATIONS      3  RESIDUALS    0.48274
                VIOLATIONS      3  RESIDUALS    0.48335
                VIOLATIONS      3  RESIDUALS    0.48237
                VIOLATIONS      3  RESIDUALS    0.48198
                VIOLATIONS      3  RESIDUALS    0.48160
                VIOLATIONS      3  RESIDUALS    0.48232
                VIOLATIONS      3  RESIDUALS    0.48269
                VIOLATIONS      3  RESIDUALS    0.48326
                VIOLATIONS      3  RESIDUALS    0.48220
                VIOLATIONS      3  RESIDUALS    0.48298
                VIOLATIONS      3  RESIDUALS    0.48222
                VIOLATIONS      3  RESIDUALS    0.48295
                VIOLATIONS      3  RESIDUALS    0.48210
                VIOLATIONS      3  RESIDUALS    0.48220
                VIOLATIONS      3  RESIDUALS    0.48275
                VIOLATIONS      3  RESIDUALS    0.48229
                VIOLATIONS      3  RESIDUALS    0.48227
                VIOLATIONS      3  RESIDUALS    0.48211
                VIOLATIONS      3  RESIDUALS    0.48220
                VIOLATIONS      3  RESIDUALS    0.48172
                VIOLATIONS      3  RESIDUALS    0.48144
                VIOLATIONS      3  RESIDUALS    0.48132
                VIOLATIONS      3  RESIDUALS    0.48148
                VIOLATIONS      3  RESIDUALS    0.48126
                VIOLATIONS      3  RESIDUALS    0.48254
                VIOLATIONS      3  RESIDUALS    0.48248
                VIOLATIONS      3  RESIDUALS    0.48303
                VIOLATIONS      3  RESIDUALS    0.48290
wrapping first mol.:      -37.29515       26.37166       45.67704

 NSTEP =     7500   TIME(PS) =      15.000  TEMP(K) =   304.44  PRESS =    29.6
 Etot   =    -48076.2013  EKtot   =      8437.2415  EPtot      =    -56513.4428
 BOND   =       170.1819  ANGLE   =       500.3265  DIHED      =      -236.7764
 1-4 NB =       219.1028  1-4 EEL =      4724.1419  VDWAALS    =      9615.9419
 EELEC  =    -71520.8490  EHBOND  =         0.0000  RESTRAINT  =        14.4878
 EAMBER (non-restraint)  =    -56527.9306
 EKCMT  =      3893.4356  VIRIAL  =      3807.1946  VOLUME     =    134774.8792
                                                    Density    =         1.0391
 Ewald error estimate:   0.6645E-04
 ------------------------------------------------------------------------------

 NMR restraints: Bond =    0.000   Angle =     0.000   Torsion =     0.000
               : Noesy=    0.000   Shift =     0.000   Pcshift =    14.488
===============================================================================
                VIOLATIONS      3  RESIDUALS    0.48219
                VIOLATIONS      3  RESIDUALS    0.48186
                VIOLATIONS      3  RESIDUALS    0.48201
                VIOLATIONS      3  RESIDUALS    0.48165
                VIOLATIONS      3  RESIDUALS    0.48220
                VIOLATIONS      3  RESIDUALS    0.48193
                VIOLATIONS      3  RESIDUALS    0.48293
                VIOLATIONS      3  RESIDUALS    0.48378
                VIOLATIONS      3  RESIDUALS    0.48377
                VIOLATIONS      3  RESIDUALS    0.48398
                VIOLATIONS      3  RESIDUALS    0.48224
                VIOLATIONS      3  RESIDUALS    0.48227
                VIOLATIONS      3  RESIDUALS    0.48213
                VIOLATIONS      3  RESIDUALS    0.48249
                VIOLATIONS      3  RESIDUALS    0.48275
                VIOLATIONS      3  RESIDUALS    0.48235
                VIOLATIONS      3  RESIDUALS    0.48242
                VIOLATIONS      3  RESIDUALS    0.48335
                VIOLATIONS      3  RESIDUALS    0.48208
                VIOLATIONS      3  RESIDUALS    0.48184
                VIOLATIONS      3  RESIDUALS    0.48233
                VIOLATIONS      3  RESIDUALS    0.48178
                VIOLATIONS      3  RESIDUALS    0.48387
                VIOLATIONS      3  RESIDUALS    0.48269
                VIOLATIONS      3  RESIDUALS    0.48283
                VIOLATIONS      3  RESIDUALS    0.48330
                VIOLATIONS      3  RESIDUALS    0.48281
                VIOLATIONS      3  RESIDUALS    0.48204
                VIOLATIONS      3  RESIDUALS    0.48343
                VIOLATIONS      3  RESIDUALS    0.48268
                VIOLATIONS      3  RESIDUALS    0.48323
                VIOLATIONS      3  RESIDUALS    0.48375
                VIOLATIONS      3  RESIDUALS    0.48296
                VIOLATIONS      3  RESIDUALS    0.48385
                VIOLATIONS      3  RESIDUALS    0.48365
                VIOLATIONS      3  RESIDUALS    0.48294
                VIOLATIONS      3  RESIDUALS    0.48273
                VIOLATIONS      3  RESIDUALS    0.48198
                VIOLATIONS      3  RESIDUALS    0.48185
                VIOLATIONS      3  RESIDUALS    0.48163
                VIOLATIONS      3  RESIDUALS    0.48168
                VIOLATIONS      3  RESIDUALS    0.48178
                VIOLATIONS      3  RESIDUALS    0.48186
                VIOLATIONS      3  RESIDUALS    0.48200
                VIOLATIONS      3  RESIDUALS    0.48186
                VIOLATIONS      3  RESIDUALS    0.48197
                VIOLATIONS      3  RESIDUALS    0.48165
                VIOLATIONS      3  RESIDUALS    0.48219
                VIOLATIONS      3  RESIDUALS    0.48174
                VIOLATIONS      3  RESIDUALS    0.48224
                VIOLATIONS      3  RESIDUALS    0.48240
wrapping first mol.:      -37.34313       26.40558       45.73581

 NSTEP =     8000   TIME(PS) =      16.000  TEMP(K) =   299.84  PRESS =   145.3
 Etot   =    -48122.6271  EKtot   =      8309.8981  EPtot      =    -56432.5252
 BOND   =       164.0768  ANGLE   =       510.8667  DIHED      =      -232.3615
 1-4 NB =       209.7165  1-4 EEL =      4740.8193  VDWAALS    =      9929.8919
 EELEC  =    -71770.0046  EHBOND  =         0.0000  RESTRAINT  =        14.4698
 EAMBER (non-restraint)  =    -56446.9949
 EKCMT  =      3804.2947  VIRIAL  =      3379.7831  VOLUME     =    135295.7269
                                                    Density    =         1.0351
 Ewald error estimate:   0.3257E-04
 ------------------------------------------------------------------------------

 NMR restraints: Bond =    0.000   Angle =     0.000   Torsion =     0.000
               : Noesy=    0.000   Shift =     0.000   Pcshift =    14.470
===============================================================================
                VIOLATIONS      3  RESIDUALS    0.48317
                VIOLATIONS      3  RESIDUALS    0.48322
                VIOLATIONS      3  RESIDUALS    0.48285
                VIOLATIONS      3  RESIDUALS    0.48234
                VIOLATIONS      3  RESIDUALS    0.48259
                VIOLATIONS      3  RESIDUALS    0.48270
                VIOLATIONS      3  RESIDUALS    0.48262
                VIOLATIONS      3  RESIDUALS    0.48229
                VIOLATIONS      3  RESIDUALS    0.48369
                VIOLATIONS      3  RESIDUALS    0.48281
                VIOLATIONS      3  RESIDUALS    0.48182
                VIOLATIONS      3  RESIDUALS    0.48280
                VIOLATIONS      3  RESIDUALS    0.48131
                VIOLATIONS      3  RESIDUALS    0.48205
                VIOLATIONS      3  RESIDUALS    0.48306
                VIOLATIONS      3  RESIDUALS    0.48206
                VIOLATIONS      3  RESIDUALS    0.48296
                VIOLATIONS      3  RESIDUALS    0.48251
                VIOLATIONS      3  RESIDUALS    0.48267
                VIOLATIONS      3  RESIDUALS    0.48336
                VIOLATIONS      3  RESIDUALS    0.48276
                VIOLATIONS      3  RESIDUALS    0.48221
                VIOLATIONS      3  RESIDUALS    0.48297
                VIOLATIONS      3  RESIDUALS    0.48179
                VIOLATIONS      3  RESIDUALS    0.48310
                VIOLATIONS      3  RESIDUALS    0.48250
                VIOLATIONS      3  RESIDUALS    0.48223
                VIOLATIONS      3  RESIDUALS    0.48284
                VIOLATIONS      3  RESIDUALS    0.48208
                VIOLATIONS      3  RESIDUALS    0.48261
                VIOLATIONS      3  RESIDUALS    0.48276
                VIOLATIONS      3  RESIDUALS    0.48299
                VIOLATIONS      3  RESIDUALS    0.48314
                VIOLATIONS      3  RESIDUALS    0.48228
                VIOLATIONS      3  RESIDUALS    0.48287
                VIOLATIONS      3  RESIDUALS    0.48340
                VIOLATIONS      3  RESIDUALS    0.48229
                VIOLATIONS      3  RESIDUALS    0.48295
                VIOLATIONS      3  RESIDUALS    0.48304
                VIOLATIONS      3  RESIDUALS    0.48355
                VIOLATIONS      3  RESIDUALS    0.48403
                VIOLATIONS      3  RESIDUALS    0.48323
                VIOLATIONS      3  RESIDUALS    0.48256
                VIOLATIONS      3  RESIDUALS    0.48238
                VIOLATIONS      3  RESIDUALS    0.48208
                VIOLATIONS      3  RESIDUALS    0.48332
                VIOLATIONS      3  RESIDUALS    0.48288
                VIOLATIONS      3  RESIDUALS    0.48295
                VIOLATIONS      3  RESIDUALS    0.48407
                VIOLATIONS      3  RESIDUALS    0.48387
                VIOLATIONS      3  RESIDUALS    0.48319
wrapping first mol.:      -37.34313       26.40558       45.73581

 NSTEP =     8500   TIME(PS) =      17.000  TEMP(K) =   297.43  PRESS =   -10.5
 Etot   =    -48251.0007  EKtot   =      8242.9741  EPtot      =    -56493.9748
 BOND   =       173.2775  ANGLE   =       537.5029  DIHED      =      -231.7762
 1-4 NB =       212.0016  1-4 EEL =      4716.0117  VDWAALS    =      9676.6778
 EELEC  =    -71592.1698  EHBOND  =         0.0000  RESTRAINT  =        14.4996
 EAMBER (non-restraint)  =    -56508.4745
 EKCMT  =      3839.0142  VIRIAL  =      3869.7467  VOLUME     =    135295.7269
                                                    Density    =         1.0351
 Ewald error estimate:   0.9251E-04
 ------------------------------------------------------------------------------

 NMR restraints: Bond =    0.000   Angle =     0.000   Torsion =     0.000
               : Noesy=    0.000   Shift =     0.000   Pcshift =    14.500
===============================================================================
                VIOLATIONS      3  RESIDUALS    0.48338
                VIOLATIONS      3  RESIDUALS    0.48401
                VIOLATIONS      3  RESIDUALS    0.48354
                VIOLATIONS      3  RESIDUALS    0.48265
                VIOLATIONS      3  RESIDUALS    0.48225
                VIOLATIONS      3  RESIDUALS    0.48210
                VIOLATIONS      3  RESIDUALS    0.48171
                VIOLATIONS      3  RESIDUALS    0.48146
                VIOLATIONS      3  RESIDUALS    0.48104
                VIOLATIONS      3  RESIDUALS    0.48182
                VIOLATIONS      3  RESIDUALS    0.48220
                VIOLATIONS      3  RESIDUALS    0.48190
                VIOLATIONS      3  RESIDUALS    0.48255
                VIOLATIONS      3  RESIDUALS    0.48253
                VIOLATIONS      3  RESIDUALS    0.48190
                VIOLATIONS      3  RESIDUALS    0.48279
                VIOLATIONS      3  RESIDUALS    0.48160
