----------------------------------------------- 
  Element       SASA      Sigma Z        Total  
     Z         Ang**2 cal/Ang**2/mol   kcal/mol 
----------------------------------------------- 
      H        233.940       0.000       0.000
      C        102.794     107.436      11.044
      N         13.290      46.663       0.620
      O        103.065     -57.524      -5.929
      Co         0.123       0.000       0.000

 Subtotal:     453.213                   5.735
 -----------------------------------------------

  Elements    COT*SASA   Sigma Z,Z'     Total   
    Z,Z'       Ang**2  cal/Ang**2/mol kcal/mol  
 ---------------------------------------------- 
  H   C        137.781     -52.027      -7.168
  H   O          0.000     -27.737      -0.000
  C   C         64.793     -88.763      -5.751
  O   C         58.100     -22.459      -1.305
  O   O          0.000     -94.838      -0.000
  C   N         53.043    -142.707      -7.570
  N   C         42.245       0.000       0.000
  N  C(3)        0.000       0.000       0.000
  O   N          0.000      58.556       0.000

 Subtotal:                             -21.794
 ---------------------------------------------- 

 NONAQUEOUS SOLVENT CONTRIBUTION (kcal/mol):
 (proportional to SASA, atomic number independent)
 ---------------------------------------------- 
 Subtotal:                               7.861
 ---------------------------------------------- 

 CDS TOTAL (kcal/mol):                  -8.197
...............................................................................
