----------------------------------------------- 
  Element       SASA      Sigma Z        Total  
     Z         Ang**2 cal/Ang**2/mol   kcal/mol 
----------------------------------------------- 
      H        247.280       0.000       0.000
      C        106.647     107.436      11.458
      N         15.709      46.663       0.733
      O        106.120     -57.524      -6.104
      Co         0.224       0.000       0.000

 Subtotal:     475.980                   6.086
 -----------------------------------------------

  Elements    COT*SASA   Sigma Z,Z'     Total   
    Z,Z'       Ang**2  cal/Ang**2/mol kcal/mol  
 ---------------------------------------------- 
  H   C        145.974     -52.027      -7.595
  H   O          0.000     -27.737      -0.000
  C   C         66.336     -88.763      -5.888
  O   C         59.228     -22.459      -1.330
  O   O          0.000     -94.838      -0.000
  C   N         59.830    -142.707      -8.538
  N   C         49.707       0.000       0.000
  N  C(3)        0.000       0.000       0.000
  O   N          0.000      58.556       0.000

 Subtotal:                             -23.351
 ---------------------------------------------- 

 NONAQUEOUS SOLVENT CONTRIBUTION (kcal/mol):
 (proportional to SASA, atomic number independent)
 ---------------------------------------------- 
 Subtotal:                               8.256
 ---------------------------------------------- 

 CDS TOTAL (kcal/mol):                  -9.009
...............................................................................
