-I: Adding /home/dty7/Apps/amber18/dat/leap/prep to search path.
-I: Adding /home/dty7/Apps/amber18/dat/leap/lib to search path.
-I: Adding /home/dty7/Apps/amber18/dat/leap/parm to search path.
-I: Adding /home/dty7/Apps/amber18/dat/leap/cmd to search path.
-f: Source tleap.in.

Welcome to LEaP!
(no leaprc in search path)
Sourcing: ./tleap.in
----- Source: /home/dty7/Apps/amber18/dat/leap/cmd/leaprc.gaff2
----- Source of /home/dty7/Apps/amber18/dat/leap/cmd/leaprc.gaff2 done
Log file: ./leap.log
Loading parameters: /home/dty7/Apps/amber18/dat/leap/parm/gaff2.dat
Reading title:
AMBER General Force Field for organic molecules (Version 2.11, May 2016)
----- Source: /home/dty7/Apps/amber18/dat/leap/cmd/leaprc.protein.ff15ipq
----- Source of /home/dty7/Apps/amber18/dat/leap/cmd/leaprc.protein.ff15ipq done
Log file: ./leap.log
Loading parameters: /home/dty7/Apps/amber18/dat/leap/parm/parm15ipq_10.3.dat
Reading title:
Parm15 developmental parameter set
Loading library: /home/dty7/Apps/amber18/dat/leap/lib/amino15ipq_10.0.lib
Loading library: /home/dty7/Apps/amber18/dat/leap/lib/aminoct15ipq_10.0.lib
Loading library: /home/dty7/Apps/amber18/dat/leap/lib/aminont15ipq_10.0.lib
----- Source: /home/dty7/Apps/amber18/dat/leap/cmd/leaprc.water.spceb
----- Source of /home/dty7/Apps/amber18/dat/leap/cmd/leaprc.water.spceb done
Loading library: /home/dty7/Apps/amber18/dat/leap/lib/atomic_ions.lib
Loading library: /home/dty7/Apps/amber18/dat/leap/lib/solvents.lib
Loading parameters: /home/dty7/Apps/amber18/dat/leap/parm/frcmod.spceb
Reading force field modification type file (frcmod)
Reading title:
SPC/Eb water model; Takemura et al. J Phys Chem B 116 6279-6287 (2012)
Loading parameters: /home/dty7/Apps/amber18/dat/leap/parm/frcmod.ionsjc_spce
Reading force field modification type file (frcmod)
Reading title:
Monovalent ion parameters for Ewald and SPC/E water from Joung & Cheatham JPCB (2008)
Loading parameters: /home/dty7/Apps/amber18/dat/leap/parm/frcmod.ions234lm_126_spce
Reading force field modification type file (frcmod)
Reading title:
Li/Merz ion parameters of divalent to tetravalent ions for SPC/E water model (12-6 normal usage set)
Loading parameters: /home/dty7/Apps/amber18/dat/leap/parm/frcmod.ions234lm_1264_spce
Reading force field modification type file (frcmod)
Reading title:
Li/Merz ion parameters of divalent to tetravalent ions for SPC/E water model (12-6-4 set)
Loading library: ./ntaco/nta.lib
Loading PDB file: ./2kod_ntaco_forleap.pdb

/home/dty7/Apps/amber18/bin/teLeap: Warning!
Name change in pdb file residue 1 ;
this residue is split into CO and NTA.

/home/dty7/Apps/amber18/bin/teLeap: Note.
1 residues had naming warnings.
Thus, there are split residues;
residue sequence numbers will not correspond to those in the pdb.
  total atoms in file: 2780
Scaling up box by a factor of 1.444416 to meet diagonal cut criterion
  Solute vdw bounding box:              45.532 37.774 71.461
  Total bounding box for atom centers:  106.127 106.127 106.127
      (box expansion for 'iso' is  93.9%)
  Solvent unit box:                     18.774 18.774 18.774
  Volume: 614710.816 A^3 (oct)
  Total mass 335070.774 amu,  Density 0.905 g/cc
  Added 17492 residues.

/home/dty7/Apps/amber18/bin/teLeap: Warning!
addIons: 1st Ion & target unit have charges of the same sign:
     unit charge = 0.997998; ion1 charge = 1;
     can't neutralize.
1 Cl- ion required to neutralize.
Adding 1 counter ions to "ctd" using 1A grid
Grid extends from solute vdw + 2.71  to  8.71
Resolution:      1.00 Angstrom.
Solvent present: replacing closest with ion
	 when steric overlaps occur
Calculating grid charges
(Replacing solvent molecule)
Placed Cl- in ctd at (-3.81, -1.26, -10.54).

Done adding ions.
Adding 56 counter ions to "ctd" using 1A grid
Grid extends from solute vdw + 10.43  to  17.14
Resolution:      1.00 Angstrom.
Solvent present: replacing closest with ion
	 when steric overlaps occur
Calculating grid charges
(Replacing solvent molecule)
Placed Cl- in ctd at (30.21, 17.55, -19.70).
(Replacing solvent molecule)
Placed Cl- in ctd at (-3.99, -37.02, -17.17).
(Replacing solvent molecule)
Placed Cl- in ctd at (2.59, 31.04, -7.30).
(Replacing solvent molecule)
Placed Cl- in ctd at (25.11, 30.98, -1.06).
(Replacing solvent molecule)
Placed Cl- in ctd at (14.27, -7.34, -14.33).
(Replacing solvent molecule)
Placed Cl- in ctd at (-20.60, -31.46, -1.86).
(Replacing solvent molecule)
Placed Cl- in ctd at (26.61, -7.83, 9.68).
(Replacing solvent molecule)
Placed Cl- in ctd at (-11.75, -46.44, -1.56).
(Replacing solvent molecule)
Placed Cl- in ctd at (26.23, 35.65, -20.89).
(Replacing solvent molecule)
Placed Cl- in ctd at (-10.56, 24.19, -12.89).
(Replacing solvent molecule)
Placed Cl- in ctd at (-13.32, -14.75, 25.63).
(Replacing solvent molecule)
Placed Cl- in ctd at (9.36, -24.83, -18.81).
(Replacing solvent molecule)
Placed Cl- in ctd at (-16.51, -0.29, -25.38).
(No solvent overlap)
Placed Cl- in ctd at (6.80, -52.77, 15.28).
(No solvent overlap)
Placed Cl- in ctd at (7.80, 41.23, -34.72).
(Replacing solvent molecule)
Placed Cl- in ctd at (-10.99, 27.52, 9.84).
(Replacing solvent molecule)
Placed Cl- in ctd at (40.08, 1.36, -14.54).
(Replacing solvent molecule)
Placed Cl- in ctd at (10.93, -11.34, 32.17).
(Replacing solvent molecule)
Placed Cl- in ctd at (-32.42, -24.63, -19.16).
(Replacing solvent molecule)
Placed Cl- in ctd at (17.86, 14.34, -38.57).
(No solvent overlap)
Placed Cl- in ctd at (17.80, -44.77, -3.72).
(Replacing solvent molecule)
Placed Cl- in ctd at (28.87, 24.85, 17.74).
(Replacing solvent molecule)
Placed Cl- in ctd at (-35.76, -13.69, 14.74).
(Replacing solvent molecule)
Placed Cl- in ctd at (23.81, -15.12, -6.73).
(Replacing solvent molecule)
Placed Cl- in ctd at (17.61, -16.55, -14.35).
(Replacing solvent molecule)
Placed Cl- in ctd at (-36.59, 9.63, -6.08).
(Replacing solvent molecule)
Placed Cl- in ctd at (41.80, 31.97, -10.27).
(Replacing solvent molecule)
Placed Cl- in ctd at (-9.87, -46.05, 16.69).
(Replacing solvent molecule)
Placed Cl- in ctd at (-23.10, 3.05, 26.55).
(Replacing solvent molecule)
Placed Cl- in ctd at (6.61, 35.88, 19.02).
(Replacing solvent molecule)
Placed Cl- in ctd at (-6.25, -25.21, -31.79).
(Replacing solvent molecule)
Placed Cl- in ctd at (10.74, 45.85, -17.34).
(Replacing solvent molecule)
Placed Cl- in ctd at (29.12, 3.36, 26.36).
(Replacing solvent molecule)
Placed Cl- in ctd at (-18.43, -46.48, -15.53).
(Replacing solvent molecule)
Placed Cl- in ctd at (0.25, 22.14, -37.08).
(Replacing solvent molecule)
Placed Cl- in ctd at (10.10, 12.30, 33.67).
(Replacing solvent molecule)
Placed Cl- in ctd at (12.86, -36.29, 19.89).
(Replacing solvent molecule)
Placed Cl- in ctd at (-32.79, -3.10, -22.14).
(Replacing solvent molecule)
Placed Cl- in ctd at (-14.32, 36.08, -3.57).
(Replacing solvent molecule)
Placed Cl- in ctd at (-5.01, 37.92, -3.40).
(Replacing solvent molecule)
Placed Cl- in ctd at (39.13, 12.89, 5.75).
(No solvent overlap)
Placed Cl- in ctd at (2.80, -54.77, -2.72).
(No solvent overlap)
Placed Cl- in ctd at (22.80, 33.23, -36.72).
(Replacing solvent molecule)
Placed Cl- in ctd at (-36.59, -24.21, -1.07).
(Replacing solvent molecule)
Placed Cl- in ctd at (-3.91, -22.11, 31.29).
(Replacing solvent molecule)
Placed Cl- in ctd at (-13.62, 22.14, 24.91).
(Replacing solvent molecule)
Placed Cl- in ctd at (26.40, 2.02, -27.17).
(Replacing solvent molecule)
Placed Cl- in ctd at (-5.19, -6.81, -32.70).
(Replacing solvent molecule)
Placed Cl- in ctd at (-19.55, -30.45, 19.82).
(No solvent overlap)
Placed Cl- in ctd at (34.80, 32.23, -23.72).
(Replacing solvent molecule)
Placed Cl- in ctd at (-25.50, 22.00, 1.25).
(Replacing solvent molecule)
Placed Cl- in ctd at (23.81, -15.12, 19.82).
(Replacing solvent molecule)
Placed Cl- in ctd at (-21.43, 14.47, -23.81).
(Replacing solvent molecule)
Placed Cl- in ctd at (-3.77, 0.15, 34.58).
(Replacing solvent molecule)
Placed Cl- in ctd at (-21.68, -24.20, -22.88).
(Replacing solvent molecule)
Placed Cl- in ctd at (18.03, 44.41, -4.19).

Done adding ions.
Adding 56 counter ions to "ctd" using 1A grid
Grid extends from solute vdw + 4.66  to  11.38
Resolution:      1.00 Angstrom.
Solvent present: replacing closest with ion
	 when steric overlaps occur
Calculating grid charges
(Replacing solvent molecule)
Placed Na+ in ctd at (4.87, 11.45, 18.17).
(Replacing solvent molecule)
Placed Na+ in ctd at (23.19, -10.41, -12.78).
(Replacing solvent molecule)
Placed Na+ in ctd at (-9.18, 34.40, -6.99).
(Replacing solvent molecule)
Placed Na+ in ctd at (-14.65, 6.40, 2.74).
(No solvent overlap)
Placed Na+ in ctd at (28.04, 33.86, -27.95).
(Replacing solvent molecule)
Placed Na+ in ctd at (-25.67, -21.70, -17.17).
(Replacing solvent molecule)
Placed Na+ in ctd at (10.15, -17.31, -18.62).
(Replacing solvent molecule)
Placed Na+ in ctd at (12.50, 19.07, 19.56).
(Replacing solvent molecule)
Placed Na+ in ctd at (-28.05, -6.68, 2.59).
(Replacing solvent molecule)
Placed Na+ in ctd at (-12.40, -21.68, 29.55).
(Replacing solvent molecule)
Placed Na+ in ctd at (-12.04, -4.54, -28.76).
(Replacing solvent molecule)
Placed Na+ in ctd at (14.65, 42.46, -11.35).
(Replacing solvent molecule)
Placed Na+ in ctd at (24.62, -8.58, 17.74).
(Replacing solvent molecule)
Placed Na+ in ctd at (6.34, -34.35, 12.73).
(Replacing solvent molecule)
Placed Na+ in ctd at (38.03, 33.26, -16.37).
(Replacing solvent molecule)
Placed Na+ in ctd at (-9.77, 33.86, 2.13).
(Replacing solvent molecule)
Placed Na+ in ctd at (-13.78, -47.02, -8.20).
(Replacing solvent molecule)
Placed Na+ in ctd at (15.71, -19.21, -8.39).
(Replacing solvent molecule)
Placed Na+ in ctd at (-20.71, 7.60, -23.14).
(Replacing solvent molecule)
Placed Na+ in ctd at (7.56, 24.36, -27.81).
(Replacing solvent molecule)
Placed Na+ in ctd at (-11.69, 24.35, 17.84).
(Replacing solvent molecule)
Placed Na+ in ctd at (2.21, -3.11, 33.82).
(Replacing solvent molecule)
Placed Na+ in ctd at (-11.75, -23.45, 11.71).
(Replacing solvent molecule)
Placed Na+ in ctd at (22.44, 36.20, -1.32).
(No solvent overlap)
Placed Na+ in ctd at (5.04, -52.14, 8.05).
(Replacing solvent molecule)
Placed Na+ in ctd at (-29.20, -27.81, -22.81).
(Replacing solvent molecule)
Placed Na+ in ctd at (29.27, 9.30, -25.09).
(Replacing solvent molecule)
Placed Na+ in ctd at (26.15, 18.09, 13.04).
(Replacing solvent molecule)
Placed Na+ in ctd at (-30.62, 19.04, -2.04).
(Replacing solvent molecule)
Placed Na+ in ctd at (-1.06, 37.18, -9.89).
(Replacing solvent molecule)
Placed Na+ in ctd at (-28.53, -24.76, 2.69).
(No solvent overlap)
Placed Na+ in ctd at (14.04, 37.86, -36.95).
(Replacing solvent molecule)
Placed Na+ in ctd at (-0.09, 3.77, 17.50).
(Replacing solvent molecule)
Placed Na+ in ctd at (-13.62, -23.85, -28.19).
(Replacing solvent molecule)
Placed Na+ in ctd at (-3.97, 6.30, -16.50).
(No solvent overlap)
Placed Na+ in ctd at (11.04, -48.14, -3.95).
(Replacing solvent molecule)
Placed Na+ in ctd at (18.03, -13.47, 31.02).
(Replacing solvent molecule)
Placed Na+ in ctd at (-15.07, -40.76, 19.02).
(Replacing solvent molecule)
Placed Na+ in ctd at (-15.69, 0.57, 30.85).
(Replacing solvent molecule)
Placed Na+ in ctd at (38.15, 6.21, 1.99).
(Replacing solvent molecule)
Placed Na+ in ctd at (-27.13, -5.64, -6.59).
(Replacing solvent molecule)
Placed Na+ in ctd at (10.16, 18.20, -39.55).
(Replacing solvent molecule)
Placed Na+ in ctd at (1.66, -19.25, 6.29).
(Replacing solvent molecule)
Placed Na+ in ctd at (32.06, 23.91, -21.84).
(Replacing solvent molecule)
Placed Na+ in ctd at (26.90, 10.01, 29.14).
(Replacing solvent molecule)
Placed Na+ in ctd at (-4.44, -33.64, -25.87).
(Replacing solvent molecule)
Placed Na+ in ctd at (-14.49, 21.41, -17.46).
(Replacing solvent molecule)
Placed Na+ in ctd at (8.88, -43.02, 21.88).
(Replacing solvent molecule)
Placed Na+ in ctd at (-40.19, -17.13, 9.63).
(Replacing solvent molecule)
Placed Na+ in ctd at (8.36, 38.90, 12.36).
(Replacing solvent molecule)
Placed Na+ in ctd at (6.21, 43.14, -24.14).
(Replacing solvent molecule)
Placed Na+ in ctd at (40.13, -1.07, -20.22).
(No solvent overlap)
Placed Na+ in ctd at (-3.96, -52.14, -0.95).
(Replacing solvent molecule)
Placed Na+ in ctd at (-38.11, -0.45, -21.90).
(Replacing solvent molecule)
Placed Na+ in ctd at (4.49, -19.93, 33.33).
(Replacing solvent molecule)
Placed Na+ in ctd at (-27.01, 10.26, 23.45).

Done adding ions.
Checking Unit.
Building topology.
Building atom parameters.
Building bond parameters.
Building angle parameters.
Building proper torsion parameters.
Building improper torsion parameters.
 total 534 improper torsions applied
Building H-Bond parameters.
Incorporating Non-Bonded adjustments.
Not Marking per-residue atom chain types.
Marking per-residue atom chain types.
  (Residues lacking connect0/connect1 - 
   these don't have chain types marked:

	res	total affected

	CLEU	2
	NMET	2
	NTA	1
	WAT	17390
  )
 (no restraints)
Writing pdb file: 2kod_ntaco_solv.pdb
   printing CRYST1 record to PDB file with box info

/home/dty7/Apps/amber18/bin/teLeap: Warning!
 Converting N-terminal residue name to PDB format: NMET -> MET

/home/dty7/Apps/amber18/bin/teLeap: Warning!
 Converting C-terminal residue name to PDB format: CLEU -> LEU

/home/dty7/Apps/amber18/bin/teLeap: Warning!
 Converting N-terminal residue name to PDB format: NMET -> MET

/home/dty7/Apps/amber18/bin/teLeap: Warning!
 Converting C-terminal residue name to PDB format: CLEU -> LEU
	Quit

Exiting LEaP: Errors = 0; Warnings = 6; Notes = 1.
