----------------------------------------------- 
  Element       SASA      Sigma Z        Total  
     Z         Ang**2 cal/Ang**2/mol   kcal/mol 
----------------------------------------------- 
      H        243.180       0.000       0.000
      C        100.244     107.436      10.770
      N         14.116      46.663       0.659
      O        107.907     -57.524      -6.207
      Co         0.376       0.000       0.000

 Subtotal:     465.823                   5.221
 -----------------------------------------------

  Elements    COT*SASA   Sigma Z,Z'     Total   
    Z,Z'       Ang**2  cal/Ang**2/mol kcal/mol  
 ---------------------------------------------- 
  H   C        145.481     -52.027      -7.569
  H   O          0.000     -27.737      -0.000
  C   C         62.508     -88.763      -5.548
  O   C         60.332     -22.459      -1.355
  O   O          0.000     -94.838      -0.000
  C   N         54.921    -142.707      -7.838
  N   C         44.069       0.000       0.000
  N  C(3)        0.000       0.000       0.000
  O   N          0.000      58.556       0.000

 Subtotal:                             -22.310
 ---------------------------------------------- 

 NONAQUEOUS SOLVENT CONTRIBUTION (kcal/mol):
 (proportional to SASA, atomic number independent)
 ---------------------------------------------- 
 Subtotal:                               8.080
 ---------------------------------------------- 

 CDS TOTAL (kcal/mol):                  -9.009
...............................................................................
