log started: Tue Jun 14 13:51:10 2022

Log file: ./leap.log
>> #
>> # ----- leaprc for loading the general Amber Force field.
>> #       This file is mostly for use with Antechamber
>> #
>> #	load atom type hybridizations
>> #
>> addAtomTypes {
>> 	{ "h1"  "H" "sp3" }
>> 	{ "h2"  "H" "sp3" }
>> 	{ "h3"  "H" "sp3" }
>> 	{ "h4"  "H" "sp3" }
>> 	{ "h5"  "H" "sp3" }
>> 	{ "ha"  "H" "sp3" }
>> 	{ "hc"  "H" "sp3" }
>> 	{ "hn"  "H" "sp3" }
>> 	{ "ho"  "H" "sp3" }
>> 	{ "hp"  "H" "sp3" }
>> 	{ "hs"  "H" "sp3" }
>> 	{ "hw"  "H" "sp3" }
>> 	{ "hx"  "H" "sp3" }
>> 	{ "o"  "O" "sp2" }
>> 	{ "o2"  "O" "sp2" }
>> 	{ "oh"  "O" "sp3" }
>> 	{ "op"  "O" "sp3" }
>> 	{ "oq"  "O" "sp3" }
>> 	{ "os"  "O" "sp3" }
>> 	{ "ow"  "O" "sp3" }
>> 	{ "c"  "C" "sp2" }
>> 	{ "c1"  "C" "sp2" }
>> 	{ "c2"  "C" "sp2" }
>> 	{ "c3"  "C" "sp3" }
>> 	{ "ca"  "C" "sp2" }
>> 	{ "cc"  "C" "sp2" }
>> 	{ "cd"  "C" "sp2" }
>> 	{ "ce"  "C" "sp2" }
>> 	{ "cf"  "C" "sp2" }
>> 	{ "cg"  "C" "sp2" }
>> 	{ "ch"  "C" "sp2" }
>> 	{ "cp"  "C" "sp2" }
>> 	{ "cs"  "C" "sp2" }
>> 	{ "cq"  "C" "sp2" }
>> 	{ "cu"  "C" "sp2" }
>> 	{ "cv"  "C" "sp2" }
>> 	{ "cx"  "C" "sp2" }
>> 	{ "cy"  "C" "sp2" }
>> 	{ "cz"  "C" "sp2" }
>> 	{ "n"   "N" "sp2" }
>> 	{ "n1"  "N" "sp2" }
>> 	{ "n2"  "N" "sp2" }
>> 	{ "n3"  "N" "sp3" }
>> 	{ "n4"  "N" "sp3" }
>> 	{ "n5"  "N" "sp3" }
>> 	{ "n6"  "N" "sp3" }
>> 	{ "n7"  "N" "sp3" }
>> 	{ "n8"  "N" "sp3" }
>> 	{ "n9"  "N" "sp3" }
>> 	{ "na"  "N" "sp2" }
>> 	{ "nb"  "N" "sp2" }
>> 	{ "nc"  "N" "sp2" }
>> 	{ "nd"  "N" "sp2" }
>> 	{ "ne"  "N" "sp2" }
>> 	{ "nf"  "N" "sp2" }
>> 	{ "nh"  "N" "sp2" }
>> 	{ "ni"  "N" "sp2" }
>> 	{ "nj"  "N" "sp2" }
>> 	{ "nk"  "N" "sp3" }
>> 	{ "nl"  "N" "sp3" }
>> 	{ "nm"  "N" "sp2" }
>> 	{ "nn"  "N" "sp2" }
>> 	{ "no"  "N" "sp2" }
>> 	{ "np"  "N" "sp3" }
>> 	{ "nq"  "N" "sp3" }
>> 	{ "ns"  "N" "sp2" }
>> 	{ "nt"  "N" "sp2" }
>> 	{ "nu"  "N" "sp2" }
>> 	{ "nv"  "N" "sp2" }
>> 	{ "nx"  "N" "sp3" }
>> 	{ "ny"  "N" "sp3" }
>> 	{ "nz"  "N" "sp3" }
>> 	{ "n+"  "N" "sp3" }
>> 	{ "s"   "S" "sp2" }
>> 	{ "s2"   "S" "sp2" }
>> 	{ "s3"   "S" "sp3" }
>> 	{ "s4"   "S" "sp3" }
>> 	{ "s6"   "S" "sp3" }
>> 	{ "sh"   "S" "sp3" }
>> 	{ "sp"   "S" "sp3" }
>> 	{ "sq"   "S" "sp3" }
>> 	{ "ss"   "S" "sp3" }
>> 	{ "sx"   "S" "sp3" }
>> 	{ "sy"   "S" "sp3" }
>> 	{ "p2"   "P" "sp2" }
>> 	{ "p3"   "P" "sp3" }
>> 	{ "p4"   "P" "sp3" }
>> 	{ "p5"   "P" "sp3" }
>> 	{ "pb"   "P" "sp3" }
>> 	{ "pc"   "P" "sp3" }
>> 	{ "pd"   "P" "sp3" }
>> 	{ "pe"   "P" "sp3" }
>> 	{ "pf"   "P" "sp3" }
>> 	{ "px"   "P" "sp3" }
>> 	{ "py"   "P" "sp3" }
>> 	{ "f"   "F" "sp3" }
>> 	{ "cl"  "Cl" "sp3" }
>> 	{ "br"  "Br" "sp3" }
>> 	{ "i"   "I"  "sp3" }
>> }
>> #
>> #	Load the general force field parameter set.
>> #
>> gaff = loadamberparams gaff2.dat
Loading parameters: /ihome/lchong/dty7/Apps/anaconda3/envs/md/dat/leap/parm/gaff2.dat
Reading title:
AMBER General Force Field for organic molecules (Version 2.11, May 2016)
> 
> source leaprc.protein.ff15ipq
----- Source: /ihome/lchong/dty7/Apps/anaconda3/envs/md/dat/leap/cmd/leaprc.protein.ff15ipq
----- Source of /ihome/lchong/dty7/Apps/anaconda3/envs/md/dat/leap/cmd/leaprc.protein.ff15ipq done
>> logFile leap.log
log started: Tue Jun 14 13:51:10 2022

Log file: ./leap.log
>> #
>> # ----- leaprc for loading the ff15ipq force field, developmental version
>> # ----- NOTE: this is designed for PDB format 3!
>> #       Version 10.3, solvated:
>> #         Charges fit with H sigma=1.3 and SPC/Eb, backbone charges held equal
>> #        
>> #         vdw (LJEDITs removed, H sigma=1.3, ARG side chain TH sigma=1.5)
>> #         torsions generation 6 (0 ff14ipq, ALAPROALA,
>> #                                1 dipeptides,
>> #                                2 XXXGLY & GLYXXX tripeptides,
>> #                                3 XXXPRO & PROXXX tripeptides)
>> #                                4 charged tripeptides)
>> #                                5 more charged tripeptides and termini
>> #                                6 angle peptides and more termini)
>> #         Parm cleaned up extensively
>> #         Torsion phases restored to 0 and 180 degrees
>> #         Backbone CNA, HNA, NAC, ACN, and ACO angles fit
>> #         Additional assorted updates to bonded parameters and types
>> #         The SPC/Eb water model was used to derive partial charges
>> #           for this force field
>> #
>> #	load atom type hybridizations
>> #
>> addAtomTypes {
>> 	{ "H"   "H"  "sp3" }
>> 	{ "HO"  "H"  "sp3" }
>> 	{ "HS"  "H"  "sp3" }
>> 	{ "H1"  "H"  "sp3" }
>> 	{ "H2"  "H"  "sp3" }
>> 	{ "H3"  "H"  "sp3" }
>> 	{ "H4"  "H"  "sp3" }
>> 	{ "H5"  "H"  "sp3" }
>> 	{ "HW"  "H"  "sp3" }
>> 	{ "HC"  "H"  "sp3" }
>> 	{ "HA"  "H"  "sp3" }
>> 	{ "HP"  "H"  "sp3" }
>> 	{ "HZ"  "H"  "sp3" }
>> 	{ "TH"  "H"  "sp3" }
>> 	{ "OH"  "O"  "sp3" }
>> 	{ "OS"  "O"  "sp3" }
>> 	{ "O"   "O"  "sp2" }
>> 	{ "OD"  "O"  "sp2" }
>> 	{ "O2"  "O"  "sp2" }
>> 	{ "O3"  "O"  "sp2" }
>> 	{ "OP"  "O"  "sp2" }
>> 	{ "OW"  "O"  "sp3" }
>> 	{ "OA"  "O"  "sp3" }
>> 	{ "CT"  "C"  "sp3" }
>> 	{ "CX"  "C"  "sp3" }
>> 	{ "TJ"  "C"  "sp3" }
>> 	{ "TG"  "C"  "sp3" }
>> 	{ "TM"  "C"  "sp3" }
>> 	{ "TP"  "C"  "sp3" }
>> 	{ "C8"  "C"  "sp3" }
>> 	{ "2C"  "C"  "sp3" }
>> 	{ "3C"  "C"  "sp3" }
>> 	{ "TA"  "C"  "sp3" }
>> 	{ "CH"  "C"  "sp3" }
>> 	{ "CS"  "C"  "sp2" }
>> 	{ "C"   "C"  "sp2" }
>> 	{ "CO"  "C"  "sp2" }
>> 	{ "C*"  "C"  "sp2" }
>> 	{ "CA"  "C"  "sp2" }
>> 	{ "CB"  "C"  "sp2" }
>> 	{ "CC"  "C"  "sp2" }
>> 	{ "CN"  "C"  "sp2" }
>> 	{ "CM"  "C"  "sp2" }
>> 	{ "CK"  "C"  "sp2" }
>> 	{ "CQ"  "C"  "sp2" }
>> 	{ "CD"  "C"  "sp2" }
>> 	{ "C5"  "C"  "sp2" }
>> 	{ "C4"  "C"  "sp2" }
>> 	{ "CP"  "C"  "sp2" }
>> 	{ "CI"  "C"  "sp3" }
>> 	{ "CJ"  "C"  "sp2" }
>> 	{ "CW"  "C"  "sp2" }
>> 	{ "CV"  "C"  "sp2" }
>> 	{ "CR"  "C"  "sp2" }
>> 	{ "CA"  "C"  "sp2" }
>> 	{ "CY"  "C"  "sp2" }
>> 	{ "C0"  "Ca" "sp3" }
>> 	{ "MG"  "Mg" "sp3" }
>> 	{ "N"   "N"  "sp2" }
>> 	{ "NA"  "N"  "sp2" }
>> 	{ "N2"  "N"  "sp2" }
>> 	{ "N*"  "N"  "sp2" }
>> 	{ "NP"  "N"  "sp2" }
>> 	{ "NQ"  "N"  "sp2" }
>> 	{ "NB"  "N"  "sp2" }
>> 	{ "NC"  "N"  "sp2" }
>> 	{ "TN"  "N"  "sp2" }
>> 	{ "NT"  "N"  "sp3" }
>> 	{ "NY"  "N"  "sp2" }
>> 	{ "N3"  "N"  "sp3" }
>> 	{ "NL"  "N"  "sp3" }
>> 	{ "ND"  "N"  "sp3" }
>> 	{ "S"   "S"  "sp3" }
>> 	{ "SH"  "S"  "sp3" }
>> 	{ "P"   "P"  "sp3" }
>> 	{ "LP"  ""   "sp3" }
>> 	{ "EP"  ""   "sp3" }
>> 	{ "F"   "F"  "sp3" }
>> 	{ "Cl"  "Cl" "sp3" }
>> 	{ "Br"  "Br" "sp3" }
>> 	{ "I"   "I"  "sp3" }
>> }
>> #
>> #	Load the main parameter set.
>> #
>> parm15ipq = loadamberparams parm15ipq_10.3.dat
Loading parameters: /ihome/lchong/dty7/Apps/anaconda3/envs/md/dat/leap/parm/parm15ipq_10.3.dat
Reading title:
Parm15 developmental parameter set
(UNKNOWN ATOM TYPE: FE)
(UNKNOWN ATOM TYPE: Zn)
(UNKNOWN ATOM TYPE: EP)
>> #
>> #	Load main chain and terminating amino acid libraries, nucleic acids
>> #
>> loadOff amino15ipq_10.0.lib
Loading library: /ihome/lchong/dty7/Apps/anaconda3/envs/md/dat/leap/lib/amino15ipq_10.0.lib
Loading: ALA
Loading: ARG
Loading: ASH
Loading: ASN
Loading: ASP
Loading: CYM
Loading: CYS
Loading: CYX
Loading: GLH
Loading: GLN
Loading: GLU
Loading: GLY
Loading: HID
Loading: HIE
Loading: HIP
Loading: ILE
Loading: LEU
Loading: LYN
Loading: LYS
Loading: MET
Loading: MTB
Loading: NLE
Loading: PHE
Loading: PRO
Loading: SER
Loading: THR
Loading: TRP
Loading: TYR
Loading: VAL
>> loadOff aminoct15ipq_10.0.lib
Loading library: /ihome/lchong/dty7/Apps/anaconda3/envs/md/dat/leap/lib/aminoct15ipq_10.0.lib
Loading: CALA
Loading: CARG
Loading: CASH
Loading: CASN
Loading: CASP
Loading: CCYM
Loading: CCYS
Loading: CCYX
Loading: CGLH
Loading: CGLN
Loading: CGLU
Loading: CGLY
Loading: CHID
Loading: CHIE
Loading: CHIP
Loading: CILE
Loading: CLEU
Loading: CLYN
Loading: CLYS
Loading: CMET
Loading: CNLE
Loading: CPHE
Loading: CPRO
Loading: CSER
Loading: CTHR
Loading: CTRP
Loading: CTYR
Loading: CVAL
Loading: NHE
Loading: NME
>> loadOff aminont15ipq_10.0.lib
Loading library: /ihome/lchong/dty7/Apps/anaconda3/envs/md/dat/leap/lib/aminont15ipq_10.0.lib
Loading: ACE
Loading: NALA
Loading: NARG
Loading: NASH
Loading: NASN
Loading: NASP
Loading: NCYM
Loading: NCYS
Loading: NCYX
Loading: NGLH
Loading: NGLN
Loading: NGLU
Loading: NGLY
Loading: NHID
Loading: NHIE
Loading: NHIP
Loading: NILE
Loading: NLEU
Loading: NLYS
Loading: NMET
Loading: NNLE
Loading: NPHE
Loading: NPRO
Loading: NSER
Loading: NTHR
Loading: NTRP
Loading: NTYR
Loading: NVAL
>> 
>> #
>> #	Define the PDB name map for the amino acids 
>> #
>> addPdbResMap {
>>   { 0 "ALA" "NALA" } { 1 "ALA" "CALA" }
>>   { 0 "ARG" "NARG" } { 1 "ARG" "CARG" }
>>   { 0 "ASH" "NASH" } { 1 "ASH" "CASH" }
>>   { 0 "ASN" "NASN" } { 1 "ASN" "CASN" }
>>   { 0 "ASP" "NASP" } { 1 "ASP" "CASP" }
>>   { 0 "CYM" "NCYM" } { 1 "CYM" "CCYM" }
>>   { 0 "CYS" "NCYS" } { 1 "CYS" "CCYS" }
>>   { 0 "CYX" "NCYX" } { 1 "CYX" "CCYX" }
>>   { 0 "GLH" "NGLH" } { 1 "GLH" "CGLH" }
>>   { 0 "GLN" "NGLN" } { 1 "GLN" "CGLN" }
>>   { 0 "GLU" "NGLU" } { 1 "GLU" "CGLU" }
>>   { 0 "GLY" "NGLY" } { 1 "GLY" "CGLY" }
>>   { 0 "HID" "NHID" } { 1 "HID" "CHID" }
>>   { 0 "HIE" "NHIE" } { 1 "HIE" "CHIE" }
>>   { 0 "HIP" "NHIP" } { 1 "HIP" "CHIP" }
>>   { 0 "ILE" "NILE" } { 1 "ILE" "CILE" }
>>   { 0 "LEU" "NLEU" } { 1 "LEU" "CLEU" }
>>                      { 1 "LYN" "CLYN" }
>>   { 0 "LYS" "NLYS" } { 1 "LYS" "CLYS" }
>>   { 0 "MET" "NMET" } { 1 "MET" "CMET" }
>>   { 0 "NLE" "NNLE" } { 1 "NLE" "CNLE" }
>>   { 0 "PHE" "NPHE" } { 1 "PHE" "CPHE" }
>>   { 0 "PRO" "NPRO" } { 1 "PRO" "CPRO" }
>>   { 0 "SER" "NSER" } { 1 "SER" "CSER" }
>>   { 0 "THR" "NTHR" } { 1 "THR" "CTHR" }
>>   { 0 "TRP" "NTRP" } { 1 "TRP" "CTRP" }
>>   { 0 "TYR" "NTYR" } { 1 "TYR" "CTYR" }
>>   { 0 "VAL" "NVAL" } { 1 "VAL" "CVAL" }
>>   { 0 "HIS" "NHIS" } { 1 "HIS" "CHIS" }
>> 
>> }
>> 
>> #
>> # assume that most often proteins use HIE
>> #
>> NHIS = NHIE
>> HIS = HIE
>> CHIS = CHIE
> 
> source leaprc.fluorine.ff15ipq
----- Source: /ihome/lchong/dty7/Apps/anaconda3/envs/md/dat/leap/cmd/leaprc.fluorine.ff15ipq
----- Source of /ihome/lchong/dty7/Apps/anaconda3/envs/md/dat/leap/cmd/leaprc.fluorine.ff15ipq done
>> logFile leap.log
log started: Tue Jun 14 13:51:11 2022

Log file: ./leap.log
>> #
>> # ----- leaprc for loading ff15ipq fluorinated, aromatic amino acid residues
>> #       D.T. Yang, A.M Gronenborn, L.T. Chong, Development and Validation 
>> #       of Fluorinated, Aromatic Amino Acid Parameters for Use with the 
>> #       AMBER ff15ipq Protein Force Field 
>> #       J. Phys. Chem. A, 126, 14, 2286-2297 (2022). 
>> #
>> # This file contains IPolQ optimized parameters for fluorinated amino acids:
>> #
>> # F4F:   4(para)-fluoro-phenylalanine
>> # FTF:   4(para)-trifluoromethyl-phenylalanine  
>> # Y3F:   3(meta)-fluoro-tyrosine
>> # YDF:   3,5(meta)-difluro-tyrosine
>> # W4F:   4-fluoro-tryptophan 
>> # W5F:   5-fluoro-tryptophan
>> # W6F:   6-fluoro-tryptophan
>> # W7F:   7-fluoro-tryptophan 
>> #
>> # To use these residues, load this file into leap, after the Amber-FF, e.g.:
>> #
>> # > source leaprc.protein.ff15ipq
>> # > source leaprc.fluorine.ff15ipq
>> #
>> #   Load the fluorinated amino acid parameter set.
>> #
>> loadamberparams frcmod.ff15ipq-19F
Loading parameters: /ihome/lchong/dty7/Apps/anaconda3/envs/md/dat/leap/parm/frcmod.ff15ipq-19F
Reading force field modification type file (frcmod)
Reading title:
Set of parameters for fluorinated, aromatic amino acids for use with the ff15ipq force field
>> #
>> #   Load the fluorinated amino acid libraries.
>> #
>> # load individual residues
>> loadoff ff15ipq-19F.lib
Loading library: /ihome/lchong/dty7/Apps/anaconda3/envs/md/dat/leap/lib/ff15ipq-19F.lib
Loading: F4F
Loading: FTF
Loading: W4F
Loading: W5F
Loading: W6F
Loading: W7F
Loading: Y3F
Loading: YDF
> 
> source leaprc.water.spceb
----- Source: /ihome/lchong/dty7/Apps/anaconda3/envs/md/dat/leap/cmd/leaprc.water.spceb
----- Source of /ihome/lchong/dty7/Apps/anaconda3/envs/md/dat/leap/cmd/leaprc.water.spceb done
>> #
>> #       Load water and ions for SPC/E + Joung-Chetham monovalent ions
>> # 
>> addAtomTypes {
>> 	{ "F-"   "F" "sp3" }
>> 	{ "Cl-"  "Cl" "sp3" }
>> 	{ "Br-"  "Br" "sp3" }
>> 	{ "I-"   "I"  "sp3" }
>> 	{ "Li+"  "Li"  "sp3" }
>> 	{ "Na+"  "Na"  "sp3" }
>> 	{ "K+"  "K"  "sp3" }
>> 	{ "Rb+"  "Rb"  "sp3" }
>> 	{ "Cs+"  "Cs"  "sp3" }
>>     { "OW"   "O"   "sp3" }
>>     { "HW"   "H"   "sp3" }
>> }
>> loadOff atomic_ions.lib
Loading library: /ihome/lchong/dty7/Apps/anaconda3/envs/md/dat/leap/lib/atomic_ions.lib
Loading: AG
Loading: AL
Loading: Ag
Loading: BA
Loading: BR
Loading: Be
Loading: CA
Loading: CD
Loading: CE
Loading: CL
Loading: CO
Loading: CR
Loading: CS
Loading: CU
Loading: CU1
Loading: Ce
Loading: Cl-
Loading: Cr
Loading: Dy
Loading: EU
Loading: EU3
Loading: Er
Loading: F
Loading: FE
Loading: FE2
Loading: GD3
Loading: H3O+
Loading: HE+
Loading: HG
Loading: HZ+
Loading: Hf
Loading: IN
Loading: IOD
Loading: K
Loading: K+
Loading: LA
Loading: LI
Loading: LU
Loading: MG
Loading: MN
Loading: NA
Loading: NH4
Loading: NI
Loading: Na+
Loading: Nd
Loading: PB
Loading: PD
Loading: PR
Loading: PT
Loading: Pu
Loading: RB
Loading: Ra
Loading: SM
Loading: SR
Loading: Sm
Loading: Sn
Loading: TB
Loading: TL
Loading: Th
Loading: Tl
Loading: Tm
Loading: U4+
Loading: V2+
Loading: Y
Loading: YB2
Loading: ZN
Loading: Zr
>> loadOff solvents.lib
Loading library: /ihome/lchong/dty7/Apps/anaconda3/envs/md/dat/leap/lib/solvents.lib
Loading: CHCL3BOX
Loading: DC4
Loading: FB3
Loading: FB3BOX
Loading: FB4
Loading: FB4BOX
Loading: MEOHBOX
Loading: NMABOX
Loading: O3P
Loading: OP3
Loading: OPC
Loading: OPC3BOX
Loading: OPCBOX
Loading: PL3
Loading: POL3BOX
Loading: QSPCFWBOX
Loading: SPC
Loading: SPCBOX
Loading: SPCFWBOX
Loading: SPF
Loading: SPG
Loading: T4E
Loading: TIP3PBOX
Loading: TIP3PFBOX
Loading: TIP4PBOX
Loading: TIP4PEWBOX
Loading: TIP5PBOX
Loading: TP3
Loading: TP4
Loading: TP5
Loading: TPF
>> HOH = SPC
>> WAT = SPC
>> loadAmberParams frcmod.spceb
Loading parameters: /ihome/lchong/dty7/Apps/anaconda3/envs/md/dat/leap/parm/frcmod.spceb
Reading force field modification type file (frcmod)
Reading title:
SPC/Eb water model; Takemura et al. J Phys Chem B 116 6279-6287 (2012)
>> loadAmberParams frcmod.ionsjc_spce
Loading parameters: /ihome/lchong/dty7/Apps/anaconda3/envs/md/dat/leap/parm/frcmod.ionsjc_spce
Reading force field modification type file (frcmod)
Reading title:
Monovalent ion parameters for Ewald and SPC/E water from Joung & Cheatham JPCB (2008)
>> loadAmberParams frcmod.ions234lm_126_spce
Loading parameters: /ihome/lchong/dty7/Apps/anaconda3/envs/md/dat/leap/parm/frcmod.ions234lm_126_spce
Reading force field modification type file (frcmod)
Reading title:
Li/Merz ion parameters of divalent to tetravalent ions for SPC/E water model (12-6 normal usage set)
(UNKNOWN ATOM TYPE: Be2+)
(UNKNOWN ATOM TYPE: Cu2+)
(UNKNOWN ATOM TYPE: Ni2+)
(UNKNOWN ATOM TYPE: Pt2+)
(UNKNOWN ATOM TYPE: Zn2+)
(UNKNOWN ATOM TYPE: Co2+)
(UNKNOWN ATOM TYPE: Pd2+)
(UNKNOWN ATOM TYPE: Ag2+)
(UNKNOWN ATOM TYPE: Cr2+)
(UNKNOWN ATOM TYPE: Fe2+)
(UNKNOWN ATOM TYPE: Mg2+)
(UNKNOWN ATOM TYPE: V2+)
(UNKNOWN ATOM TYPE: Mn2+)
(UNKNOWN ATOM TYPE: Hg2+)
(UNKNOWN ATOM TYPE: Cd2+)
(UNKNOWN ATOM TYPE: Yb2+)
(UNKNOWN ATOM TYPE: Ca2+)
(UNKNOWN ATOM TYPE: Sn2+)
(UNKNOWN ATOM TYPE: Pb2+)
(UNKNOWN ATOM TYPE: Eu2+)
(UNKNOWN ATOM TYPE: Sr2+)
(UNKNOWN ATOM TYPE: Sm2+)
(UNKNOWN ATOM TYPE: Ba2+)
(UNKNOWN ATOM TYPE: Ra2+)
(UNKNOWN ATOM TYPE: Al3+)
(UNKNOWN ATOM TYPE: Fe3+)
(UNKNOWN ATOM TYPE: Cr3+)
(UNKNOWN ATOM TYPE: In3+)
(UNKNOWN ATOM TYPE: Tl3+)
(UNKNOWN ATOM TYPE: Y3+)
(UNKNOWN ATOM TYPE: La3+)
(UNKNOWN ATOM TYPE: Ce3+)
(UNKNOWN ATOM TYPE: Pr3+)
(UNKNOWN ATOM TYPE: Nd3+)
(UNKNOWN ATOM TYPE: Sm3+)
(UNKNOWN ATOM TYPE: Eu3+)
(UNKNOWN ATOM TYPE: Gd3+)
(UNKNOWN ATOM TYPE: Tb3+)
(UNKNOWN ATOM TYPE: Dy3+)
(UNKNOWN ATOM TYPE: Er3+)
(UNKNOWN ATOM TYPE: Tm3+)
(UNKNOWN ATOM TYPE: Lu3+)
(UNKNOWN ATOM TYPE: Hf4+)
(UNKNOWN ATOM TYPE: Zr4+)
(UNKNOWN ATOM TYPE: Ce4+)
(UNKNOWN ATOM TYPE: U4+)
(UNKNOWN ATOM TYPE: Pu4+)
(UNKNOWN ATOM TYPE: Th4+)
>> 
> 
> loadamberparams frcmod.ions234lm_1264_spce
Loading parameters: /ihome/lchong/dty7/Apps/anaconda3/envs/md/dat/leap/parm/frcmod.ions234lm_1264_spce
Reading force field modification type file (frcmod)
Reading title:
Li/Merz ion parameters of divalent to tetravalent ions for SPC/E water model (12-6-4 set)
(UNKNOWN ATOM TYPE: Be2+)
(UNKNOWN ATOM TYPE: Cu2+)
(UNKNOWN ATOM TYPE: Ni2+)
(UNKNOWN ATOM TYPE: Zn2+)
(UNKNOWN ATOM TYPE: Co2+)
(UNKNOWN ATOM TYPE: Cr2+)
(UNKNOWN ATOM TYPE: Fe2+)
(UNKNOWN ATOM TYPE: Mg2+)
(UNKNOWN ATOM TYPE: V2+)
(UNKNOWN ATOM TYPE: Mn2+)
(UNKNOWN ATOM TYPE: Hg2+)
(UNKNOWN ATOM TYPE: Cd2+)
(UNKNOWN ATOM TYPE: Ca2+)
(UNKNOWN ATOM TYPE: Sn2+)
(UNKNOWN ATOM TYPE: Sr2+)
(UNKNOWN ATOM TYPE: Ba2+)
(UNKNOWN ATOM TYPE: Al3+)
(UNKNOWN ATOM TYPE: Fe3+)
(UNKNOWN ATOM TYPE: Cr3+)
(UNKNOWN ATOM TYPE: In3+)
(UNKNOWN ATOM TYPE: Tl3+)
(UNKNOWN ATOM TYPE: Y3+)
(UNKNOWN ATOM TYPE: La3+)
(UNKNOWN ATOM TYPE: Ce3+)
(UNKNOWN ATOM TYPE: Pr3+)
(UNKNOWN ATOM TYPE: Nd3+)
(UNKNOWN ATOM TYPE: Sm3+)
(UNKNOWN ATOM TYPE: Eu3+)
(UNKNOWN ATOM TYPE: Gd3+)
(UNKNOWN ATOM TYPE: Tb3+)
(UNKNOWN ATOM TYPE: Dy3+)
(UNKNOWN ATOM TYPE: Er3+)
(UNKNOWN ATOM TYPE: Tm3+)
(UNKNOWN ATOM TYPE: Lu3+)
(UNKNOWN ATOM TYPE: Hf4+)
(UNKNOWN ATOM TYPE: Zr4+)
(UNKNOWN ATOM TYPE: Ce4+)
(UNKNOWN ATOM TYPE: U4+)
(UNKNOWN ATOM TYPE: Pu4+)
(UNKNOWN ATOM TYPE: Th4+)
> loadamberparams ../simprep/idaco/ida.frcmod

/ihome/lchong/dty7/Apps/anaconda3/envs/md/bin/teLeap: Fatal Error!
Could not open file ../simprep/idaco/ida.frcmod: No such file or directory

Exiting LEaP: Errors = 1; Warnings = 0; Notes = 0.
log started: Tue Jun 14 13:52:15 2022

Log file: ./leap.log
>> #
>> # ----- leaprc for loading the general Amber Force field.
>> #       This file is mostly for use with Antechamber
>> #
>> #	load atom type hybridizations
>> #
>> addAtomTypes {
>> 	{ "h1"  "H" "sp3" }
>> 	{ "h2"  "H" "sp3" }
>> 	{ "h3"  "H" "sp3" }
>> 	{ "h4"  "H" "sp3" }
>> 	{ "h5"  "H" "sp3" }
>> 	{ "ha"  "H" "sp3" }
>> 	{ "hc"  "H" "sp3" }
>> 	{ "hn"  "H" "sp3" }
>> 	{ "ho"  "H" "sp3" }
>> 	{ "hp"  "H" "sp3" }
>> 	{ "hs"  "H" "sp3" }
>> 	{ "hw"  "H" "sp3" }
>> 	{ "hx"  "H" "sp3" }
>> 	{ "o"  "O" "sp2" }
>> 	{ "o2"  "O" "sp2" }
>> 	{ "oh"  "O" "sp3" }
>> 	{ "op"  "O" "sp3" }
>> 	{ "oq"  "O" "sp3" }
>> 	{ "os"  "O" "sp3" }
>> 	{ "ow"  "O" "sp3" }
>> 	{ "c"  "C" "sp2" }
>> 	{ "c1"  "C" "sp2" }
>> 	{ "c2"  "C" "sp2" }
>> 	{ "c3"  "C" "sp3" }
>> 	{ "ca"  "C" "sp2" }
>> 	{ "cc"  "C" "sp2" }
>> 	{ "cd"  "C" "sp2" }
>> 	{ "ce"  "C" "sp2" }
>> 	{ "cf"  "C" "sp2" }
>> 	{ "cg"  "C" "sp2" }
>> 	{ "ch"  "C" "sp2" }
>> 	{ "cp"  "C" "sp2" }
>> 	{ "cs"  "C" "sp2" }
>> 	{ "cq"  "C" "sp2" }
>> 	{ "cu"  "C" "sp2" }
>> 	{ "cv"  "C" "sp2" }
>> 	{ "cx"  "C" "sp2" }
>> 	{ "cy"  "C" "sp2" }
>> 	{ "cz"  "C" "sp2" }
>> 	{ "n"   "N" "sp2" }
>> 	{ "n1"  "N" "sp2" }
>> 	{ "n2"  "N" "sp2" }
>> 	{ "n3"  "N" "sp3" }
>> 	{ "n4"  "N" "sp3" }
>> 	{ "n5"  "N" "sp3" }
>> 	{ "n6"  "N" "sp3" }
>> 	{ "n7"  "N" "sp3" }
>> 	{ "n8"  "N" "sp3" }
>> 	{ "n9"  "N" "sp3" }
>> 	{ "na"  "N" "sp2" }
>> 	{ "nb"  "N" "sp2" }
>> 	{ "nc"  "N" "sp2" }
>> 	{ "nd"  "N" "sp2" }
>> 	{ "ne"  "N" "sp2" }
>> 	{ "nf"  "N" "sp2" }
>> 	{ "nh"  "N" "sp2" }
>> 	{ "ni"  "N" "sp2" }
>> 	{ "nj"  "N" "sp2" }
>> 	{ "nk"  "N" "sp3" }
>> 	{ "nl"  "N" "sp3" }
>> 	{ "nm"  "N" "sp2" }
>> 	{ "nn"  "N" "sp2" }
>> 	{ "no"  "N" "sp2" }
>> 	{ "np"  "N" "sp3" }
>> 	{ "nq"  "N" "sp3" }
>> 	{ "ns"  "N" "sp2" }
>> 	{ "nt"  "N" "sp2" }
>> 	{ "nu"  "N" "sp2" }
>> 	{ "nv"  "N" "sp2" }
>> 	{ "nx"  "N" "sp3" }
>> 	{ "ny"  "N" "sp3" }
>> 	{ "nz"  "N" "sp3" }
>> 	{ "n+"  "N" "sp3" }
>> 	{ "s"   "S" "sp2" }
>> 	{ "s2"   "S" "sp2" }
>> 	{ "s3"   "S" "sp3" }
>> 	{ "s4"   "S" "sp3" }
>> 	{ "s6"   "S" "sp3" }
>> 	{ "sh"   "S" "sp3" }
>> 	{ "sp"   "S" "sp3" }
>> 	{ "sq"   "S" "sp3" }
>> 	{ "ss"   "S" "sp3" }
>> 	{ "sx"   "S" "sp3" }
>> 	{ "sy"   "S" "sp3" }
>> 	{ "p2"   "P" "sp2" }
>> 	{ "p3"   "P" "sp3" }
>> 	{ "p4"   "P" "sp3" }
>> 	{ "p5"   "P" "sp3" }
>> 	{ "pb"   "P" "sp3" }
>> 	{ "pc"   "P" "sp3" }
>> 	{ "pd"   "P" "sp3" }
>> 	{ "pe"   "P" "sp3" }
>> 	{ "pf"   "P" "sp3" }
>> 	{ "px"   "P" "sp3" }
>> 	{ "py"   "P" "sp3" }
>> 	{ "f"   "F" "sp3" }
>> 	{ "cl"  "Cl" "sp3" }
>> 	{ "br"  "Br" "sp3" }
>> 	{ "i"   "I"  "sp3" }
>> }
>> #
>> #	Load the general force field parameter set.
>> #
>> gaff = loadamberparams gaff2.dat
Loading parameters: /ihome/lchong/dty7/Apps/anaconda3/envs/md/dat/leap/parm/gaff2.dat
Reading title:
AMBER General Force Field for organic molecules (Version 2.11, May 2016)
> 
> source leaprc.protein.ff15ipq
----- Source: /ihome/lchong/dty7/Apps/anaconda3/envs/md/dat/leap/cmd/leaprc.protein.ff15ipq
----- Source of /ihome/lchong/dty7/Apps/anaconda3/envs/md/dat/leap/cmd/leaprc.protein.ff15ipq done
>> logFile leap.log
log started: Tue Jun 14 13:52:15 2022

Log file: ./leap.log
>> #
>> # ----- leaprc for loading the ff15ipq force field, developmental version
>> # ----- NOTE: this is designed for PDB format 3!
>> #       Version 10.3, solvated:
>> #         Charges fit with H sigma=1.3 and SPC/Eb, backbone charges held equal
>> #        
>> #         vdw (LJEDITs removed, H sigma=1.3, ARG side chain TH sigma=1.5)
>> #         torsions generation 6 (0 ff14ipq, ALAPROALA,
>> #                                1 dipeptides,
>> #                                2 XXXGLY & GLYXXX tripeptides,
>> #                                3 XXXPRO & PROXXX tripeptides)
>> #                                4 charged tripeptides)
>> #                                5 more charged tripeptides and termini
>> #                                6 angle peptides and more termini)
>> #         Parm cleaned up extensively
>> #         Torsion phases restored to 0 and 180 degrees
>> #         Backbone CNA, HNA, NAC, ACN, and ACO angles fit
>> #         Additional assorted updates to bonded parameters and types
>> #         The SPC/Eb water model was used to derive partial charges
>> #           for this force field
>> #
>> #	load atom type hybridizations
>> #
>> addAtomTypes {
>> 	{ "H"   "H"  "sp3" }
>> 	{ "HO"  "H"  "sp3" }
>> 	{ "HS"  "H"  "sp3" }
>> 	{ "H1"  "H"  "sp3" }
>> 	{ "H2"  "H"  "sp3" }
>> 	{ "H3"  "H"  "sp3" }
>> 	{ "H4"  "H"  "sp3" }
>> 	{ "H5"  "H"  "sp3" }
>> 	{ "HW"  "H"  "sp3" }
>> 	{ "HC"  "H"  "sp3" }
>> 	{ "HA"  "H"  "sp3" }
>> 	{ "HP"  "H"  "sp3" }
>> 	{ "HZ"  "H"  "sp3" }
>> 	{ "TH"  "H"  "sp3" }
>> 	{ "OH"  "O"  "sp3" }
>> 	{ "OS"  "O"  "sp3" }
>> 	{ "O"   "O"  "sp2" }
>> 	{ "OD"  "O"  "sp2" }
>> 	{ "O2"  "O"  "sp2" }
>> 	{ "O3"  "O"  "sp2" }
>> 	{ "OP"  "O"  "sp2" }
>> 	{ "OW"  "O"  "sp3" }
>> 	{ "OA"  "O"  "sp3" }
>> 	{ "CT"  "C"  "sp3" }
>> 	{ "CX"  "C"  "sp3" }
>> 	{ "TJ"  "C"  "sp3" }
>> 	{ "TG"  "C"  "sp3" }
>> 	{ "TM"  "C"  "sp3" }
>> 	{ "TP"  "C"  "sp3" }
>> 	{ "C8"  "C"  "sp3" }
>> 	{ "2C"  "C"  "sp3" }
>> 	{ "3C"  "C"  "sp3" }
>> 	{ "TA"  "C"  "sp3" }
>> 	{ "CH"  "C"  "sp3" }
>> 	{ "CS"  "C"  "sp2" }
>> 	{ "C"   "C"  "sp2" }
>> 	{ "CO"  "C"  "sp2" }
>> 	{ "C*"  "C"  "sp2" }
>> 	{ "CA"  "C"  "sp2" }
>> 	{ "CB"  "C"  "sp2" }
>> 	{ "CC"  "C"  "sp2" }
>> 	{ "CN"  "C"  "sp2" }
>> 	{ "CM"  "C"  "sp2" }
>> 	{ "CK"  "C"  "sp2" }
>> 	{ "CQ"  "C"  "sp2" }
>> 	{ "CD"  "C"  "sp2" }
>> 	{ "C5"  "C"  "sp2" }
>> 	{ "C4"  "C"  "sp2" }
>> 	{ "CP"  "C"  "sp2" }
>> 	{ "CI"  "C"  "sp3" }
>> 	{ "CJ"  "C"  "sp2" }
>> 	{ "CW"  "C"  "sp2" }
>> 	{ "CV"  "C"  "sp2" }
>> 	{ "CR"  "C"  "sp2" }
>> 	{ "CA"  "C"  "sp2" }
>> 	{ "CY"  "C"  "sp2" }
>> 	{ "C0"  "Ca" "sp3" }
>> 	{ "MG"  "Mg" "sp3" }
>> 	{ "N"   "N"  "sp2" }
>> 	{ "NA"  "N"  "sp2" }
>> 	{ "N2"  "N"  "sp2" }
>> 	{ "N*"  "N"  "sp2" }
>> 	{ "NP"  "N"  "sp2" }
>> 	{ "NQ"  "N"  "sp2" }
>> 	{ "NB"  "N"  "sp2" }
>> 	{ "NC"  "N"  "sp2" }
>> 	{ "TN"  "N"  "sp2" }
>> 	{ "NT"  "N"  "sp3" }
>> 	{ "NY"  "N"  "sp2" }
>> 	{ "N3"  "N"  "sp3" }
>> 	{ "NL"  "N"  "sp3" }
>> 	{ "ND"  "N"  "sp3" }
>> 	{ "S"   "S"  "sp3" }
>> 	{ "SH"  "S"  "sp3" }
>> 	{ "P"   "P"  "sp3" }
>> 	{ "LP"  ""   "sp3" }
>> 	{ "EP"  ""   "sp3" }
>> 	{ "F"   "F"  "sp3" }
>> 	{ "Cl"  "Cl" "sp3" }
>> 	{ "Br"  "Br" "sp3" }
>> 	{ "I"   "I"  "sp3" }
>> }
>> #
>> #	Load the main parameter set.
>> #
>> parm15ipq = loadamberparams parm15ipq_10.3.dat
Loading parameters: /ihome/lchong/dty7/Apps/anaconda3/envs/md/dat/leap/parm/parm15ipq_10.3.dat
Reading title:
Parm15 developmental parameter set
(UNKNOWN ATOM TYPE: FE)
(UNKNOWN ATOM TYPE: Zn)
(UNKNOWN ATOM TYPE: EP)
>> #
>> #	Load main chain and terminating amino acid libraries, nucleic acids
>> #
>> loadOff amino15ipq_10.0.lib
Loading library: /ihome/lchong/dty7/Apps/anaconda3/envs/md/dat/leap/lib/amino15ipq_10.0.lib
Loading: ALA
Loading: ARG
Loading: ASH
Loading: ASN
Loading: ASP
Loading: CYM
Loading: CYS
Loading: CYX
Loading: GLH
Loading: GLN
Loading: GLU
Loading: GLY
Loading: HID
Loading: HIE
Loading: HIP
Loading: ILE
Loading: LEU
Loading: LYN
Loading: LYS
Loading: MET
Loading: MTB
Loading: NLE
Loading: PHE
Loading: PRO
Loading: SER
Loading: THR
Loading: TRP
Loading: TYR
Loading: VAL
>> loadOff aminoct15ipq_10.0.lib
Loading library: /ihome/lchong/dty7/Apps/anaconda3/envs/md/dat/leap/lib/aminoct15ipq_10.0.lib
Loading: CALA
Loading: CARG
Loading: CASH
Loading: CASN
Loading: CASP
Loading: CCYM
Loading: CCYS
Loading: CCYX
Loading: CGLH
Loading: CGLN
Loading: CGLU
Loading: CGLY
Loading: CHID
Loading: CHIE
Loading: CHIP
Loading: CILE
Loading: CLEU
Loading: CLYN
Loading: CLYS
Loading: CMET
Loading: CNLE
Loading: CPHE
Loading: CPRO
Loading: CSER
Loading: CTHR
Loading: CTRP
Loading: CTYR
Loading: CVAL
Loading: NHE
Loading: NME
>> loadOff aminont15ipq_10.0.lib
Loading library: /ihome/lchong/dty7/Apps/anaconda3/envs/md/dat/leap/lib/aminont15ipq_10.0.lib
Loading: ACE
Loading: NALA
Loading: NARG
Loading: NASH
Loading: NASN
Loading: NASP
Loading: NCYM
Loading: NCYS
Loading: NCYX
Loading: NGLH
Loading: NGLN
Loading: NGLU
Loading: NGLY
Loading: NHID
Loading: NHIE
Loading: NHIP
Loading: NILE
Loading: NLEU
Loading: NLYS
Loading: NMET
Loading: NNLE
Loading: NPHE
Loading: NPRO
Loading: NSER
Loading: NTHR
Loading: NTRP
Loading: NTYR
Loading: NVAL
>> 
>> #
>> #	Define the PDB name map for the amino acids 
>> #
>> addPdbResMap {
>>   { 0 "ALA" "NALA" } { 1 "ALA" "CALA" }
>>   { 0 "ARG" "NARG" } { 1 "ARG" "CARG" }
>>   { 0 "ASH" "NASH" } { 1 "ASH" "CASH" }
>>   { 0 "ASN" "NASN" } { 1 "ASN" "CASN" }
>>   { 0 "ASP" "NASP" } { 1 "ASP" "CASP" }
>>   { 0 "CYM" "NCYM" } { 1 "CYM" "CCYM" }
>>   { 0 "CYS" "NCYS" } { 1 "CYS" "CCYS" }
>>   { 0 "CYX" "NCYX" } { 1 "CYX" "CCYX" }
>>   { 0 "GLH" "NGLH" } { 1 "GLH" "CGLH" }
>>   { 0 "GLN" "NGLN" } { 1 "GLN" "CGLN" }
>>   { 0 "GLU" "NGLU" } { 1 "GLU" "CGLU" }
>>   { 0 "GLY" "NGLY" } { 1 "GLY" "CGLY" }
>>   { 0 "HID" "NHID" } { 1 "HID" "CHID" }
>>   { 0 "HIE" "NHIE" } { 1 "HIE" "CHIE" }
>>   { 0 "HIP" "NHIP" } { 1 "HIP" "CHIP" }
>>   { 0 "ILE" "NILE" } { 1 "ILE" "CILE" }
>>   { 0 "LEU" "NLEU" } { 1 "LEU" "CLEU" }
>>                      { 1 "LYN" "CLYN" }
>>   { 0 "LYS" "NLYS" } { 1 "LYS" "CLYS" }
>>   { 0 "MET" "NMET" } { 1 "MET" "CMET" }
>>   { 0 "NLE" "NNLE" } { 1 "NLE" "CNLE" }
>>   { 0 "PHE" "NPHE" } { 1 "PHE" "CPHE" }
>>   { 0 "PRO" "NPRO" } { 1 "PRO" "CPRO" }
>>   { 0 "SER" "NSER" } { 1 "SER" "CSER" }
>>   { 0 "THR" "NTHR" } { 1 "THR" "CTHR" }
>>   { 0 "TRP" "NTRP" } { 1 "TRP" "CTRP" }
>>   { 0 "TYR" "NTYR" } { 1 "TYR" "CTYR" }
>>   { 0 "VAL" "NVAL" } { 1 "VAL" "CVAL" }
>>   { 0 "HIS" "NHIS" } { 1 "HIS" "CHIS" }
>> 
>> }
>> 
>> #
>> # assume that most often proteins use HIE
>> #
>> NHIS = NHIE
>> HIS = HIE
>> CHIS = CHIE
> 
> source leaprc.fluorine.ff15ipq
----- Source: /ihome/lchong/dty7/Apps/anaconda3/envs/md/dat/leap/cmd/leaprc.fluorine.ff15ipq
----- Source of /ihome/lchong/dty7/Apps/anaconda3/envs/md/dat/leap/cmd/leaprc.fluorine.ff15ipq done
>> logFile leap.log
log started: Tue Jun 14 13:52:15 2022

Log file: ./leap.log
>> #
>> # ----- leaprc for loading ff15ipq fluorinated, aromatic amino acid residues
>> #       D.T. Yang, A.M Gronenborn, L.T. Chong, Development and Validation 
>> #       of Fluorinated, Aromatic Amino Acid Parameters for Use with the 
>> #       AMBER ff15ipq Protein Force Field 
>> #       J. Phys. Chem. A, 126, 14, 2286-2297 (2022). 
>> #
>> # This file contains IPolQ optimized parameters for fluorinated amino acids:
>> #
>> # F4F:   4(para)-fluoro-phenylalanine
>> # FTF:   4(para)-trifluoromethyl-phenylalanine  
>> # Y3F:   3(meta)-fluoro-tyrosine
>> # YDF:   3,5(meta)-difluro-tyrosine
>> # W4F:   4-fluoro-tryptophan 
>> # W5F:   5-fluoro-tryptophan
>> # W6F:   6-fluoro-tryptophan
>> # W7F:   7-fluoro-tryptophan 
>> #
>> # To use these residues, load this file into leap, after the Amber-FF, e.g.:
>> #
>> # > source leaprc.protein.ff15ipq
>> # > source leaprc.fluorine.ff15ipq
>> #
>> #   Load the fluorinated amino acid parameter set.
>> #
>> loadamberparams frcmod.ff15ipq-19F
Loading parameters: /ihome/lchong/dty7/Apps/anaconda3/envs/md/dat/leap/parm/frcmod.ff15ipq-19F
Reading force field modification type file (frcmod)
Reading title:
Set of parameters for fluorinated, aromatic amino acids for use with the ff15ipq force field
>> #
>> #   Load the fluorinated amino acid libraries.
>> #
>> # load individual residues
>> loadoff ff15ipq-19F.lib
Loading library: /ihome/lchong/dty7/Apps/anaconda3/envs/md/dat/leap/lib/ff15ipq-19F.lib
Loading: F4F
Loading: FTF
Loading: W4F
Loading: W5F
Loading: W6F
Loading: W7F
Loading: Y3F
Loading: YDF
> 
> source leaprc.water.spceb
----- Source: /ihome/lchong/dty7/Apps/anaconda3/envs/md/dat/leap/cmd/leaprc.water.spceb
----- Source of /ihome/lchong/dty7/Apps/anaconda3/envs/md/dat/leap/cmd/leaprc.water.spceb done
>> #
>> #       Load water and ions for SPC/E + Joung-Chetham monovalent ions
>> # 
>> addAtomTypes {
>> 	{ "F-"   "F" "sp3" }
>> 	{ "Cl-"  "Cl" "sp3" }
>> 	{ "Br-"  "Br" "sp3" }
>> 	{ "I-"   "I"  "sp3" }
>> 	{ "Li+"  "Li"  "sp3" }
>> 	{ "Na+"  "Na"  "sp3" }
>> 	{ "K+"  "K"  "sp3" }
>> 	{ "Rb+"  "Rb"  "sp3" }
>> 	{ "Cs+"  "Cs"  "sp3" }
>>     { "OW"   "O"   "sp3" }
>>     { "HW"   "H"   "sp3" }
>> }
>> loadOff atomic_ions.lib
Loading library: /ihome/lchong/dty7/Apps/anaconda3/envs/md/dat/leap/lib/atomic_ions.lib
Loading: AG
Loading: AL
Loading: Ag
Loading: BA
Loading: BR
Loading: Be
Loading: CA
Loading: CD
Loading: CE
Loading: CL
Loading: CO
Loading: CR
Loading: CS
Loading: CU
Loading: CU1
Loading: Ce
Loading: Cl-
Loading: Cr
Loading: Dy
Loading: EU
Loading: EU3
Loading: Er
Loading: F
Loading: FE
Loading: FE2
Loading: GD3
Loading: H3O+
Loading: HE+
Loading: HG
Loading: HZ+
Loading: Hf
Loading: IN
Loading: IOD
Loading: K
Loading: K+
Loading: LA
Loading: LI
Loading: LU
Loading: MG
Loading: MN
Loading: NA
Loading: NH4
Loading: NI
Loading: Na+
Loading: Nd
Loading: PB
Loading: PD
Loading: PR
Loading: PT
Loading: Pu
Loading: RB
Loading: Ra
Loading: SM
Loading: SR
Loading: Sm
Loading: Sn
Loading: TB
Loading: TL
Loading: Th
Loading: Tl
Loading: Tm
Loading: U4+
Loading: V2+
Loading: Y
Loading: YB2
Loading: ZN
Loading: Zr
>> loadOff solvents.lib
Loading library: /ihome/lchong/dty7/Apps/anaconda3/envs/md/dat/leap/lib/solvents.lib
Loading: CHCL3BOX
Loading: DC4
Loading: FB3
Loading: FB3BOX
Loading: FB4
Loading: FB4BOX
Loading: MEOHBOX
Loading: NMABOX
Loading: O3P
Loading: OP3
Loading: OPC
Loading: OPC3BOX
Loading: OPCBOX
Loading: PL3
Loading: POL3BOX
Loading: QSPCFWBOX
Loading: SPC
Loading: SPCBOX
Loading: SPCFWBOX
Loading: SPF
Loading: SPG
Loading: T4E
Loading: TIP3PBOX
Loading: TIP3PFBOX
Loading: TIP4PBOX
Loading: TIP4PEWBOX
Loading: TIP5PBOX
Loading: TP3
Loading: TP4
Loading: TP5
Loading: TPF
>> HOH = SPC
>> WAT = SPC
>> loadAmberParams frcmod.spceb
Loading parameters: /ihome/lchong/dty7/Apps/anaconda3/envs/md/dat/leap/parm/frcmod.spceb
Reading force field modification type file (frcmod)
Reading title:
SPC/Eb water model; Takemura et al. J Phys Chem B 116 6279-6287 (2012)
>> loadAmberParams frcmod.ionsjc_spce
Loading parameters: /ihome/lchong/dty7/Apps/anaconda3/envs/md/dat/leap/parm/frcmod.ionsjc_spce
Reading force field modification type file (frcmod)
Reading title:
Monovalent ion parameters for Ewald and SPC/E water from Joung & Cheatham JPCB (2008)
>> loadAmberParams frcmod.ions234lm_126_spce
Loading parameters: /ihome/lchong/dty7/Apps/anaconda3/envs/md/dat/leap/parm/frcmod.ions234lm_126_spce
Reading force field modification type file (frcmod)
Reading title:
Li/Merz ion parameters of divalent to tetravalent ions for SPC/E water model (12-6 normal usage set)
(UNKNOWN ATOM TYPE: Be2+)
(UNKNOWN ATOM TYPE: Cu2+)
(UNKNOWN ATOM TYPE: Ni2+)
(UNKNOWN ATOM TYPE: Pt2+)
(UNKNOWN ATOM TYPE: Zn2+)
(UNKNOWN ATOM TYPE: Co2+)
(UNKNOWN ATOM TYPE: Pd2+)
(UNKNOWN ATOM TYPE: Ag2+)
(UNKNOWN ATOM TYPE: Cr2+)
(UNKNOWN ATOM TYPE: Fe2+)
(UNKNOWN ATOM TYPE: Mg2+)
(UNKNOWN ATOM TYPE: V2+)
(UNKNOWN ATOM TYPE: Mn2+)
(UNKNOWN ATOM TYPE: Hg2+)
(UNKNOWN ATOM TYPE: Cd2+)
(UNKNOWN ATOM TYPE: Yb2+)
(UNKNOWN ATOM TYPE: Ca2+)
(UNKNOWN ATOM TYPE: Sn2+)
(UNKNOWN ATOM TYPE: Pb2+)
(UNKNOWN ATOM TYPE: Eu2+)
(UNKNOWN ATOM TYPE: Sr2+)
(UNKNOWN ATOM TYPE: Sm2+)
(UNKNOWN ATOM TYPE: Ba2+)
(UNKNOWN ATOM TYPE: Ra2+)
(UNKNOWN ATOM TYPE: Al3+)
(UNKNOWN ATOM TYPE: Fe3+)
(UNKNOWN ATOM TYPE: Cr3+)
(UNKNOWN ATOM TYPE: In3+)
(UNKNOWN ATOM TYPE: Tl3+)
(UNKNOWN ATOM TYPE: Y3+)
(UNKNOWN ATOM TYPE: La3+)
(UNKNOWN ATOM TYPE: Ce3+)
(UNKNOWN ATOM TYPE: Pr3+)
(UNKNOWN ATOM TYPE: Nd3+)
(UNKNOWN ATOM TYPE: Sm3+)
(UNKNOWN ATOM TYPE: Eu3+)
(UNKNOWN ATOM TYPE: Gd3+)
(UNKNOWN ATOM TYPE: Tb3+)
(UNKNOWN ATOM TYPE: Dy3+)
(UNKNOWN ATOM TYPE: Er3+)
(UNKNOWN ATOM TYPE: Tm3+)
(UNKNOWN ATOM TYPE: Lu3+)
(UNKNOWN ATOM TYPE: Hf4+)
(UNKNOWN ATOM TYPE: Zr4+)
(UNKNOWN ATOM TYPE: Ce4+)
(UNKNOWN ATOM TYPE: U4+)
(UNKNOWN ATOM TYPE: Pu4+)
(UNKNOWN ATOM TYPE: Th4+)
>> 
> 
> loadamberparams frcmod.ions234lm_1264_spce
Loading parameters: /ihome/lchong/dty7/Apps/anaconda3/envs/md/dat/leap/parm/frcmod.ions234lm_1264_spce
Reading force field modification type file (frcmod)
Reading title:
Li/Merz ion parameters of divalent to tetravalent ions for SPC/E water model (12-6-4 set)
(UNKNOWN ATOM TYPE: Be2+)
(UNKNOWN ATOM TYPE: Cu2+)
(UNKNOWN ATOM TYPE: Ni2+)
(UNKNOWN ATOM TYPE: Zn2+)
(UNKNOWN ATOM TYPE: Co2+)
(UNKNOWN ATOM TYPE: Cr2+)
(UNKNOWN ATOM TYPE: Fe2+)
(UNKNOWN ATOM TYPE: Mg2+)
(UNKNOWN ATOM TYPE: V2+)
(UNKNOWN ATOM TYPE: Mn2+)
(UNKNOWN ATOM TYPE: Hg2+)
(UNKNOWN ATOM TYPE: Cd2+)
(UNKNOWN ATOM TYPE: Ca2+)
(UNKNOWN ATOM TYPE: Sn2+)
(UNKNOWN ATOM TYPE: Sr2+)
(UNKNOWN ATOM TYPE: Ba2+)
(UNKNOWN ATOM TYPE: Al3+)
(UNKNOWN ATOM TYPE: Fe3+)
(UNKNOWN ATOM TYPE: Cr3+)
(UNKNOWN ATOM TYPE: In3+)
(UNKNOWN ATOM TYPE: Tl3+)
(UNKNOWN ATOM TYPE: Y3+)
(UNKNOWN ATOM TYPE: La3+)
(UNKNOWN ATOM TYPE: Ce3+)
(UNKNOWN ATOM TYPE: Pr3+)
(UNKNOWN ATOM TYPE: Nd3+)
(UNKNOWN ATOM TYPE: Sm3+)
(UNKNOWN ATOM TYPE: Eu3+)
(UNKNOWN ATOM TYPE: Gd3+)
(UNKNOWN ATOM TYPE: Tb3+)
(UNKNOWN ATOM TYPE: Dy3+)
(UNKNOWN ATOM TYPE: Er3+)
(UNKNOWN ATOM TYPE: Tm3+)
(UNKNOWN ATOM TYPE: Lu3+)
(UNKNOWN ATOM TYPE: Hf4+)
(UNKNOWN ATOM TYPE: Zr4+)
(UNKNOWN ATOM TYPE: Ce4+)
(UNKNOWN ATOM TYPE: U4+)
(UNKNOWN ATOM TYPE: Pu4+)
(UNKNOWN ATOM TYPE: Th4+)
> gb1 = loadpdb gb1-co-leap.pdb
Loading PDB file: ./gb1-co-leap.pdb
Matching PDB residue names to LEaP variables.
Mapped residue MET, term: Terminal/beginning, seq. number: 0 to: NMET.
Mapped residue GLU, term: Terminal/last, seq. number: 55 to: CGLU.
  Added missing heavy atom: .R<CGLU 56>.A<OXT 16>
  total atoms in file: 853
  Leap added 1 missing atom according to residue templates:
       1 Heavy
> solvateoct gb1 SPCBOX 12.0
Scaling up box by a factor of 1.206483 to meet diagonal cut criterion
  Solute vdw bounding box:              27.962 38.863 24.219
  Total bounding box for atom centers:  67.819 67.819 67.819
      (box expansion for 'iso' is  52.0%)
  Solvent unit box:                     18.774 18.774 18.774
The number of boxes:  x= 4  y= 4  z= 4
  Volume: 162962.661 A^3 (oct)
  Total mass 86087.584 amu,  Density 0.877 g/cc
  Added 4428 residues.
> addions gb1 Na+ 0
3 Na+ ions required to neutralize.
Adding 3 counter ions to "gb1" using 1A grid
Total solute charge:  -3.00  Max atom radius:   2.00
Grid extends from solute vdw + 1.21  to  7.21
Box:
   enclosing:  -22.50 -18.37 -23.66   22.75 20.68 19.99
   sized:			      41.50 45.63 40.34
   edge:        64.00
Resolution:      1.00 Angstrom.
Tree depth: 6
Volume =  7.65% of box, grid points 20054
Solvent present: replacing closest with ion
	 when steric overlaps occur
Calculating grid charges
(Replacing solvent molecule)
Placed Na+ in gb1 at (-16.23, -5.74, -3.03).
(Replacing solvent molecule)
Placed Na+ in gb1 at (-11.03, -1.13, 10.81).
(Replacing solvent molecule)
Placed Na+ in gb1 at (3.95, -1.32, 16.08).

Done adding ions.
> addions gb1 Cl- 15
Adding 15 counter ions to "gb1" using 1A grid
Total solute charge:  -0.00  Max atom radius:   2.00
Grid extends from solute vdw + 6.83  to  12.83
Box:
   enclosing:  -29.06 -23.99 -29.28   28.37 26.30 28.91
   sized:			      34.94 40.01 34.72
   edge:        64.00
Resolution:      1.00 Angstrom.
Tree depth: 6
Volume = 13.45% of box, grid points 35255
Solvent present: replacing closest with ion
	 when steric overlaps occur
Calculating grid charges
(Replacing solvent molecule)
Placed Cl- in gb1 at (8.33, -13.60, 13.47).
(Replacing solvent molecule)
Placed Cl- in gb1 at (-16.29, 14.46, 8.20).
(Replacing solvent molecule)
Placed Cl- in gb1 at (16.62, -6.82, 6.35).
(Replacing solvent molecule)
Placed Cl- in gb1 at (-21.86, -10.35, -3.32).
(Replacing solvent molecule)
Placed Cl- in gb1 at (-17.43, 1.26, 14.94).
(Replacing solvent molecule)
Placed Cl- in gb1 at (15.61, -2.28, -17.74).
(Replacing solvent molecule)
Placed Cl- in gb1 at (4.70, -4.26, 25.02).
(Replacing solvent molecule)
Placed Cl- in gb1 at (-0.90, -16.75, 7.41).
(Replacing solvent molecule)
Placed Cl- in gb1 at (4.06, 15.26, -14.57).
(Replacing solvent molecule)
Placed Cl- in gb1 at (-10.19, 25.62, 0.41).
(Replacing solvent molecule)
Placed Cl- in gb1 at (-5.36, -4.62, -29.53).
(Replacing solvent molecule)
Placed Cl- in gb1 at (25.63, -16.65, -10.47).
(Replacing solvent molecule)
Placed Cl- in gb1 at (-25.36, -0.27, -8.87).
(Replacing solvent molecule)
Placed Cl- in gb1 at (-5.94, 15.62, 23.08).
(Replacing solvent molecule)
Placed Cl- in gb1 at (27.13, 9.59, -3.03).

Done adding ions.
> addions gb1 Na+ 15
Adding 15 counter ions to "gb1" using 1A grid
Total solute charge:  -15.00  Max atom radius:   2.71
Grid extends from solute vdw + 3.05  to  9.77
Box:
   enclosing:  -35.13 -26.51 -39.30   36.89 35.38 34.79
   sized:			      92.87 101.49 88.70
   edge:        128.00
Resolution:      1.00 Angstrom.
Tree depth: 7
Volume =  2.61% of box, grid points 54632
Solvent present: replacing closest with ion
	 when steric overlaps occur
Calculating grid charges
(Replacing solvent molecule)
Placed Na+ in gb1 at (-15.72, 1.02, 4.41).
(Replacing solvent molecule)
Placed Na+ in gb1 at (18.89, 3.36, -6.88).
(Replacing solvent molecule)
Placed Na+ in gb1 at (3.21, -15.37, 11.14).
(Replacing solvent molecule)
Placed Na+ in gb1 at (-0.62, 13.57, -6.67).
(Replacing solvent molecule)
Placed Na+ in gb1 at (-24.19, -4.74, -5.47).
(Replacing solvent molecule)
Placed Na+ in gb1 at (-6.32, 13.10, 19.06).
(Replacing solvent molecule)
Placed Na+ in gb1 at (-6.62, 0.67, -17.06).
(Replacing solvent molecule)
Placed Na+ in gb1 at (21.19, -13.97, -8.45).
(Replacing solvent molecule)
Placed Na+ in gb1 at (-11.49, 24.51, 5.90).
(Replacing solvent molecule)
Placed Na+ in gb1 at (9.10, -8.51, 24.17).
(No solvent overlap)
Placed Na+ in gb1 at (-2.13, -8.51, -32.30).
(Replacing solvent molecule)
Placed Na+ in gb1 at (26.86, 10.46, 2.71).
(Replacing solvent molecule)
Placed Na+ in gb1 at (-2.00, -11.91, -4.55).
(Replacing solvent molecule)
Placed Na+ in gb1 at (8.33, 18.25, -18.74).
(Replacing solvent molecule)
Placed Na+ in gb1 at (-16.26, 1.37, 19.46).

Done adding ions.
> saveamberparm gb1 gb1_co_solv.prmtop gb1_co_solv.inpcrd
Checking Unit.
Building topology.
Building atom parameters.
Building bond parameters.
Building angle parameters.
Building proper torsion parameters.
Building improper torsion parameters.
 ** Warning: No sp2 improper torsion term for  C*-CN-CB-CA
        atoms are: CG CE2 CD2 CE3
 ** Warning: No sp2 improper torsion term for  CA-F-CA-CA
        atoms are: CH2 FZ3 CZ3 CE3
 ** Warning: No sp2 improper torsion term for  NA-CA-CN-CB
        atoms are: NE1 CZ2 CE2 CD2
 total 173 improper torsions applied
Building H-Bond parameters.
Incorporating Non-Bonded adjustments.
Not Marking per-residue atom chain types.
Marking per-residue atom chain types.
  (Residues lacking connect0/connect1 - 
   these don't have chain types marked:

	res	total affected

	CGLU	1
	NMET	1
	WAT	4396
  )
 (no restraints)
> savepdb gb1 gb1_co_solv.pdb
Writing pdb file: gb1_co_solv.pdb
   printing CRYST1 record to PDB file with box info

/ihome/lchong/dty7/Apps/anaconda3/envs/md/bin/teLeap: Warning!
 Converting N-terminal residue name to PDB format: NMET -> MET

/ihome/lchong/dty7/Apps/anaconda3/envs/md/bin/teLeap: Warning!
 Converting C-terminal residue name to PDB format: CGLU -> GLU
> quit
	Quit

Exiting LEaP: Errors = 0; Warnings = 2; Notes = 0.
