----------------------------------------------- 
  Element       SASA      Sigma Z        Total  
     Z         Ang**2 cal/Ang**2/mol   kcal/mol 
----------------------------------------------- 
      H        236.194      48.690      11.500
      C         97.514     129.740      12.651
      N         23.271       0.000       0.000
      O        105.289       0.000       0.000
      Co         1.658       0.000       0.000

 Subtotal:     463.926                  24.152
 -----------------------------------------------

  Elements    COT*SASA   Sigma Z,Z'     Total   
    Z,Z'       Ang**2  cal/Ang**2/mol kcal/mol  
 ---------------------------------------------- 
  H   C        138.605     -60.770      -8.423
  H   O          0.000       0.000       0.000
  C   C         59.699     -72.950      -4.355
  O   C         57.415      68.690       3.944
  O   O          0.000       0.000       0.000
  C   N         54.639       0.000       0.000
  N   C         72.784     -48.220      -3.510
  N  C(3)        0.000      84.100       0.000
  O   N          0.000     121.980       0.000

 Subtotal:                             -12.344
 ---------------------------------------------- 

 NONAQUEOUS SOLVENT CONTRIBUTION (kcal/mol):
 (proportional to SASA, atomic number independent)
 ---------------------------------------------- 
 Subtotal:                               0.000
 ---------------------------------------------- 

 CDS TOTAL (kcal/mol):                  11.808
...............................................................................
