
          -------------------------------------------------------
          Amber 18 PMEMD                              2018
          -------------------------------------------------------

| PMEMD implementation of SANDER, Release 18

| Run on 05/11/2022 at 16:17:05

|   Executable path: pmemd.MPI
| Working directory: /ihome/lchong/dty7/gb1-ntaco/min-equil
|          Hostname: smp-n123

  [-O]verwriting output

File Assignments:
|   MDIN: 04_eq2.in                                                             
|  MDOUT: 04_eq2.out                                                            
| INPCRD: 03_eq1.rst                                                            
|   PARM: gb1-ntaco_solv.prmtop                                                 
| RESTRT: 04_eq2.rst                                                            
|   REFC: 03_eq1.rst                                                            
|  MDVEL: mdvel                                                                 
|   MDEN: mden                                                                  
|  MDCRD: mdcrd                                                                 
| MDINFO: mdinfo                                                                
|LOGFILE: logfile                                                               
|  MDFRC: mdfrc                                                                 

 
 Here is the input file:
 
1 ns solute restrained NPT equilibration using Langevin thermostat and MC baros
&cntrl                                                                         
  irest     = 1,                                                               
  ntx       = 5,                                                               
  ig        = -1,                                                              
  dt        = 0.002,                                                           
  nstlim    = 500000,                                                          
  nscm      = 500,                                                             
  ntr       = 1,                                                               
  restraint_wt  = 1.0,                                                         
  restraintmask = '!:WAT & !@H',                                               
  ntb       = 2,                                                               
  ntp       = 1,                                                               
  barostat  = 2,                                                               
  pres0     = 1.0,                                                             
  mcbarint  = 100,                                                             
  comp      = 44.6,                                                            
  taup      = 1.0,                                                             
  ntt       = 3,                                                               
  temp0     = 298.0,                                                           
  gamma_ln  = 1.0,                                                             
  ntf       = 2,                                                               
  ntc       = 2,                                                               
  cut       = 10.0,                                                            
  ntpr      = 500,                                                             
  ntxo      = 2,                                                               
  ntwr      = 500000,                                                          
  ioutfm    = 1,                                                               
  ntwx      = 500,                                                             
  iwrap     = 1,                                                               
&end                                                                           


Note: ig = -1. Setting random seed to   535233 based on wallclock time in
      microseconds and disabling the synchronization of random numbers 
      between tasks to improve performance.
| irandom = 1, using AMBER's internal random number generator (default).
 
 
| Conditional Compilation Defines Used:
| MPI
| FFTW_FFT
| BINTRAJ
| MKL
| EMIL
 
| Largest sphere to fit in unit cell has radius =    24.198

| New format PARM file being parsed.
| Version =    1.000 Date = 05/11/22 Time = 15:59:17

| Note: 1-4 EEL scale factors are being read from the topology file.

| Note: 1-4 VDW scale factors are being read from the topology file.
| Duplicated    0 dihedrals

| Duplicated    0 dihedrals

--------------------------------------------------------------------------------
   1.  RESOURCE   USE: 
--------------------------------------------------------------------------------

 getting box info from netcdf restart file
 NATOM  =   13701 NTYPES =      24 NBONH =   13210 MBONA  =     461
 NTHETH =     950 MTHETA =     626 NPHIH =    1872 MPHIA  =    2034
 NHPARM =       0 NPARM  =       0 NNB   =   21859 NRES   =    4358
 NBONA  =     461 NTHETA =     626 NPHIA =    2034 NUMBND =      79
 NUMANG =     173 NPTRA  =     338 NATYP =      47 NPHB   =       0
 IFBOX  =       2 NMXRS  =      24 IFCAP =       0 NEXTRA =       0
 NCOPY  =       0

| Coordinate Index Table dimensions:     8    8    8
| Direct force subcell size =     7.4092    7.4092    7.4092

     BOX TYPE: TRUNCATED OCTAHEDRON

--------------------------------------------------------------------------------
   2.  CONTROL  DATA  FOR  THE  RUN
--------------------------------------------------------------------------------

default_name                                                                    

General flags:
     imin    =       0, nmropt  =       0

Nature and format of input:
     ntx     =       5, irest   =       1, ntrx    =       1

Nature and format of output:
     ntxo    =       2, ntpr    =     500, ntrx    =       1, ntwr    =  500000
     iwrap   =       1, ntwx    =     500, ntwv    =       0, ntwe    =       0
     ioutfm  =       1, ntwprt  =       0, idecomp =       0, rbornstat=      0

Potential function:
     ntf     =       2, ntb     =       2, igb     =       0, nsnb    =      25
     ipol    =       0, gbsa    =       0, iesp    =       0
     dielc   =   1.00000, cut     =  10.00000, intdiel =   1.00000

Frozen or restrained atoms:
     ibelly  =       0, ntr     =       1
     restraint_wt =   1.00000

Molecular dynamics:
     nstlim  =    500000, nscm    =         0, nrespa  =         1
     t       =   0.00000, dt      =   0.00200, vlimit  =  20.00000

Langevin dynamics temperature regulation:
     ig      =  535233
     temp0   = 298.00000, tempi   =   0.00000, gamma_ln=   1.00000

Pressure regulation:
     ntp     =       1
     pres0   =   1.00000, comp    =  44.60000, taup    =   1.00000
     Monte-Carlo Barostat:
     mcbarint  =     100

SHAKE:
     ntc     =       2, jfastw  =       0
     tol     =   0.00001

| Intermolecular bonds treatment:
|     no_intermolecular_bonds =       1

| Energy averages sample interval:
|     ene_avg_sampling =     500

Ewald parameters:
     verbose =       0, ew_type =       0, nbflag  =       1, use_pme =       1
     vdwmeth =       1, eedmeth =       1, netfrc  =       1
     Box X =   59.274   Box Y =   59.274   Box Z =   59.274
     Alpha =  109.471   Beta  =  109.471   Gamma =  109.471
     NFFT1 =   60       NFFT2 =   60       NFFT3 =   60
     Cutoff=   10.000   Tol   =0.100E-04
     Ewald Coefficient =  0.27511
     Interpolation order =    4

| PMEMD ewald parallel performance parameters:
|     block_fft =    0
|     fft_blk_y_divisor =    2
|     excl_recip =    0
|     excl_master =    0
|     atm_redist_freq =  320

    LOADING THE CONSTRAINED ATOMS AS GROUPS


   5.  REFERENCE ATOM COORDINATES

  default_name                                                                    
     Mask !:WAT & !@H; matches   854 atoms
| MONTE CARLO BAROSTAT IMPORTANT NOTE:
|   The Monte-Carlo barostat does not require the virial to adjust the system volume.
|   Since it is an expensive calculation, it is skipped for efficiency. A side-effect
|   is that the reported pressure is always 0 because it is not calculated.

--------------------------------------------------------------------------------
   3.  ATOMIC COORDINATES AND VELOCITIES
--------------------------------------------------------------------------------

default_name                                                                    
 begin time read from input coords =    20.000 ps

 
 Number of triangulated 3-point waters found:     4264

     Sum of charges from parm topology file =  -0.00200670
     Forcing neutrality...

| Dynamic Memory, Types Used:
| Reals             3939665
| Integers           640232

| Nonbonded Pairs Initial Allocation:     1342012

| Running AMBER/MPI version on    8 MPI task

 
--------------------------------------------------------------------------------
   4.  RESULTS
--------------------------------------------------------------------------------

 ---------------------------------------------------
 APPROXIMATING switch and d/dx switch using CUBIC SPLINE INTERPOLATION
 using   5000.0 points per unit in tabled values
 TESTING RELATIVE ERROR over r ranging from 0.0 to cutoff
| CHECK switch(x): max rel err =   0.3316E-14   at   2.351880
| CHECK d/dx switch(x): max rel err =   0.8066E-11   at   2.747240
 ---------------------------------------------------
|---------------------------------------------------
| APPROXIMATING direct energy using CUBIC SPLINE INTERPOLATION
|  with   50.0 points per unit in tabled values
| Relative Error Limit not exceeded for r .gt.   2.34
| APPROXIMATING direct force using CUBIC SPLINE INTERPOLATION
|  with   50.0 points per unit in tabled values
| Relative Error Limit not exceeded for r .gt.   2.81
|---------------------------------------------------
wrapping first mol.:       19.72299       27.89252       48.31126

 NSTEP =      500   TIME(PS) =      21.000  TEMP(K) =   302.23  PRESS =     0.0
 Etot   =    -46771.4055  EKtot   =      8376.1606  EPtot      =    -55147.5660
 BOND   =       171.5718  ANGLE   =       524.9218  DIHED      =      -249.4980
 1-4 NB =       207.5062  1-4 EEL =      4716.5817  VDWAALS    =      9174.9208
 EELEC  =    -69772.3044  EHBOND  =         0.0000  RESTRAINT  =        78.7340
 EAMBER (non-restraint)  =    -55226.3001
 EKCMT  =         0.0000  VIRIAL  =         0.0000  VOLUME     =    159463.0394
                                                    Density    =         0.8782
 Ewald error estimate:   0.1507E-03
 ------------------------------------------------------------------------------

| MC Barostat: Decreasing size of volume moves
wrapping first mol.:       19.72299       27.89252       48.31126

 NSTEP =     1000   TIME(PS) =      22.000  TEMP(K) =   298.93  PRESS =     0.0
 Etot   =    -46908.9593  EKtot   =      8284.6949  EPtot      =    -55193.6542
 BOND   =       166.2339  ANGLE   =       520.3806  DIHED      =      -236.2328
 1-4 NB =       205.9539  1-4 EEL =      4704.2086  VDWAALS    =      9267.4844
 EELEC  =    -69919.6742  EHBOND  =         0.0000  RESTRAINT  =        97.9913
 EAMBER (non-restraint)  =    -55291.6455
 EKCMT  =         0.0000  VIRIAL  =         0.0000  VOLUME     =    159463.0394
                                                    Density    =         0.8782
 Ewald error estimate:   0.3528E-04
 ------------------------------------------------------------------------------

wrapping first mol.:       19.67301       27.82184       48.18884

 NSTEP =     1500   TIME(PS) =      23.000  TEMP(K) =   296.83  PRESS =     0.0
 Etot   =    -46956.5858  EKtot   =      8226.3573  EPtot      =    -55182.9431
 BOND   =       182.4644  ANGLE   =       493.5047  DIHED      =      -225.1597
 1-4 NB =       207.0205  1-4 EEL =      4705.9682  VDWAALS    =      9447.7853
 EELEC  =    -70089.6662  EHBOND  =         0.0000  RESTRAINT  =        95.1396
 EAMBER (non-restraint)  =    -55278.0827
 EKCMT  =         0.0000  VIRIAL  =         0.0000  VOLUME     =    158253.8349
                                                    Density    =         0.8849
 Ewald error estimate:   0.1223E-03
 ------------------------------------------------------------------------------

wrapping first mol.:       19.65092       27.79060       48.13473

 NSTEP =     2000   TIME(PS) =      24.000  TEMP(K) =   298.35  PRESS =     0.0
 Etot   =    -46972.5535  EKtot   =      8268.6710  EPtot      =    -55241.2246
 BOND   =       191.7026  ANGLE   =       489.2287  DIHED      =      -240.4216
 1-4 NB =       206.4337  1-4 EEL =      4718.8085  VDWAALS    =      9097.0528
 EELEC  =    -69792.4096  EHBOND  =         0.0000  RESTRAINT  =        88.3801
 EAMBER (non-restraint)  =    -55329.6047
 EKCMT  =         0.0000  VIRIAL  =         0.0000  VOLUME     =    157721.3673
                                                    Density    =         0.8879
 Ewald error estimate:   0.1140E-03
 ------------------------------------------------------------------------------

wrapping first mol.:       19.61395       27.73831       48.04416

 NSTEP =     2500   TIME(PS) =      25.000  TEMP(K) =   300.57  PRESS =     0.0
 Etot   =    -46715.0369  EKtot   =      8330.1525  EPtot      =    -55045.1894
 BOND   =       177.3650  ANGLE   =       469.0934  DIHED      =      -242.0240
 1-4 NB =       225.1148  1-4 EEL =      4743.2741  VDWAALS    =      9591.4866
 EELEC  =    -70105.2005  EHBOND  =         0.0000  RESTRAINT  =        95.7012
 EAMBER (non-restraint)  =    -55140.8906
 EKCMT  =         0.0000  VIRIAL  =         0.0000  VOLUME     =    156832.7628
                                                    Density    =         0.8930
 Ewald error estimate:   0.3736E-04
 ------------------------------------------------------------------------------

wrapping first mol.:       19.53457       27.62606       47.84973

 NSTEP =     3000   TIME(PS) =      26.000  TEMP(K) =   304.44  PRESS =     0.0
 Etot   =    -46939.4801  EKtot   =      8437.3958  EPtot      =    -55376.8759
 BOND   =       185.8658  ANGLE   =       503.9289  DIHED      =      -241.9504
 1-4 NB =       217.6784  1-4 EEL =      4712.2881  VDWAALS    =      9307.3478
 EELEC  =    -70158.3874  EHBOND  =         0.0000  RESTRAINT  =        96.3530
 EAMBER (non-restraint)  =    -55473.2289
 EKCMT  =         0.0000  VIRIAL  =         0.0000  VOLUME     =    154936.3777
                                                    Density    =         0.9039
 Ewald error estimate:   0.1522E-03
 ------------------------------------------------------------------------------

wrapping first mol.:       19.43972       27.49191       47.61738

 NSTEP =     3500   TIME(PS) =      27.000  TEMP(K) =   298.85  PRESS =     0.0
 Etot   =    -47203.7183  EKtot   =      8282.5333  EPtot      =    -55486.2516
 BOND   =       180.2645  ANGLE   =       493.1440  DIHED      =      -225.9374
 1-4 NB =       204.1968  1-4 EEL =      4718.5175  VDWAALS    =      9626.6577
 EELEC  =    -70585.9296  EHBOND  =         0.0000  RESTRAINT  =       102.8349
 EAMBER (non-restraint)  =    -55589.0865
 EKCMT  =         0.0000  VIRIAL  =         0.0000  VOLUME     =    152690.2916
                                                    Density    =         0.9172
 Ewald error estimate:   0.4397E-06
 ------------------------------------------------------------------------------

wrapping first mol.:       19.40973       27.44950       47.54392

 NSTEP =     4000   TIME(PS) =      28.000  TEMP(K) =   292.59  PRESS =     0.0
 Etot   =    -47404.3784  EKtot   =      8108.8308  EPtot      =    -55513.2092
 BOND   =       168.5543  ANGLE   =       484.3197  DIHED      =      -235.3179
 1-4 NB =       212.6965  1-4 EEL =      4689.4423  VDWAALS    =      9541.9843
 EELEC  =    -70473.9037  EHBOND  =         0.0000  RESTRAINT  =        99.0152
 EAMBER (non-restraint)  =    -55612.2244
 EKCMT  =         0.0000  VIRIAL  =         0.0000  VOLUME     =    151984.6914
                                                    Density    =         0.9214
 Ewald error estimate:   0.8589E-04
 ------------------------------------------------------------------------------

wrapping first mol.:       19.33336       27.34150       47.35686

 NSTEP =     4500   TIME(PS) =      29.000  TEMP(K) =   299.06  PRESS =     0.0
 Etot   =    -47364.6507  EKtot   =      8288.2031  EPtot      =    -55652.8537
 BOND   =       171.7686  ANGLE   =       485.7270  DIHED      =      -248.0276
 1-4 NB =       214.5276  1-4 EEL =      4724.2979  VDWAALS    =      9505.1064
 EELEC  =    -70606.9081  EHBOND  =         0.0000  RESTRAINT  =       100.6545
 EAMBER (non-restraint)  =    -55753.5082
 EKCMT  =         0.0000  VIRIAL  =         0.0000  VOLUME     =    150197.8743
                                                    Density    =         0.9324
 Ewald error estimate:   0.1671E-04
 ------------------------------------------------------------------------------

wrapping first mol.:       19.24570       27.21753       47.14214

 NSTEP =     5000   TIME(PS) =      30.000  TEMP(K) =   299.06  PRESS =     0.0
 Etot   =    -47420.2602  EKtot   =      8288.1240  EPtot      =    -55708.3842
 BOND   =       150.1853  ANGLE   =       476.5226  DIHED      =      -247.8403
 1-4 NB =       213.9576  1-4 EEL =      4745.2083  VDWAALS    =      9463.7208
 EELEC  =    -70615.0668  EHBOND  =         0.0000  RESTRAINT  =       104.9282
 EAMBER (non-restraint)  =    -55813.3124
 EKCMT  =         0.0000  VIRIAL  =         0.0000  VOLUME     =    148164.0544
                                                    Density    =         0.9452
 Ewald error estimate:   0.2878E-04
 ------------------------------------------------------------------------------

wrapping first mol.:       19.18008       27.12473       46.98141

 NSTEP =     5500   TIME(PS) =      31.000  TEMP(K) =   299.37  PRESS =     0.0
 Etot   =    -47721.5858  EKtot   =      8296.7510  EPtot      =    -56018.3368
 BOND   =       163.6804  ANGLE   =       470.2674  DIHED      =      -220.4482
 1-4 NB =       203.3912  1-4 EEL =      4745.4028  VDWAALS    =      9978.4087
 EELEC  =    -71472.9552  EHBOND  =         0.0000  RESTRAINT  =       113.9161
 EAMBER (non-restraint)  =    -56132.2529
 EKCMT  =         0.0000  VIRIAL  =         0.0000  VOLUME     =    146653.7467
                                                    Density    =         0.9549
 Ewald error estimate:   0.3384E-04
 ------------------------------------------------------------------------------

wrapping first mol.:       19.12269       27.04356       46.84082

 NSTEP =     6000   TIME(PS) =      32.000  TEMP(K) =   299.50  PRESS =     0.0
 Etot   =    -47618.5797  EKtot   =      8300.5878  EPtot      =    -55919.1675
 BOND   =       173.5002  ANGLE   =       478.2406  DIHED      =      -224.7526
 1-4 NB =       219.7228  1-4 EEL =      4746.0290  VDWAALS    =      9793.2720
 EELEC  =    -71202.4926  EHBOND  =         0.0000  RESTRAINT  =        97.3130
 EAMBER (non-restraint)  =    -56016.4806
 EKCMT  =         0.0000  VIRIAL  =         0.0000  VOLUME     =    145341.0796
                                                    Density    =         0.9636
 Ewald error estimate:   0.1049E-03
 ------------------------------------------------------------------------------

wrapping first mol.:       19.12269       27.04356       46.84082

 NSTEP =     6500   TIME(PS) =      33.000  TEMP(K) =   298.61  PRESS =     0.0
 Etot   =    -47785.7612  EKtot   =      8275.8130  EPtot      =    -56061.5742
 BOND   =       172.8560  ANGLE   =       476.0802  DIHED      =      -250.4586
 1-4 NB =       221.8627  1-4 EEL =      4718.3901  VDWAALS    =      9770.0340
 EELEC  =    -71267.7138  EHBOND  =         0.0000  RESTRAINT  =        97.3751
 EAMBER (non-restraint)  =    -56158.9494
 EKCMT  =         0.0000  VIRIAL  =         0.0000  VOLUME     =    145341.0796
                                                    Density    =         0.9636
 Ewald error estimate:   0.1026E-03
 ------------------------------------------------------------------------------

wrapping first mol.:       19.02545       26.90605       46.60265

 NSTEP =     7000   TIME(PS) =      34.000  TEMP(K) =   296.30  PRESS =     0.0
 Etot   =    -47787.1118  EKtot   =      8211.7847  EPtot      =    -55998.8965
 BOND   =       199.2383  ANGLE   =       477.7728  DIHED      =      -244.6740
 1-4 NB =       210.2487  1-4 EEL =      4724.4681  VDWAALS    =      9684.7108
 EELEC  =    -71157.9413  EHBOND  =         0.0000  RESTRAINT  =       107.2800
 EAMBER (non-restraint)  =    -56106.1765
 EKCMT  =         0.0000  VIRIAL  =         0.0000  VOLUME     =    143135.2773
                                                    Density    =         0.9784
 Ewald error estimate:   0.4872E-04
 ------------------------------------------------------------------------------

wrapping first mol.:       19.00509       26.87725       46.55276

 NSTEP =     7500   TIME(PS) =      35.000  TEMP(K) =   298.64  PRESS =     0.0
 Etot   =    -47808.3767  EKtot   =      8276.6072  EPtot      =    -56084.9839
 BOND   =       172.0862  ANGLE   =       480.2639  DIHED      =      -229.4709
 1-4 NB =       207.5749  1-4 EEL =      4726.9071  VDWAALS    =      9489.2794
 EELEC  =    -71040.1052  EHBOND  =         0.0000  RESTRAINT  =       108.4807
 EAMBER (non-restraint)  =    -56193.4646
 EKCMT  =         0.0000  VIRIAL  =         0.0000  VOLUME     =    142676.1002
                                                    Density    =         0.9816
 Ewald error estimate:   0.1158E-03
 ------------------------------------------------------------------------------

wrapping first mol.:       18.98400       26.84742       46.50110

 NSTEP =     8000   TIME(PS) =      36.000  TEMP(K) =   297.85  PRESS =     0.0
 Etot   =    -47736.8900  EKtot   =      8254.6434  EPtot      =    -55991.5334
 BOND   =       170.5932  ANGLE   =       527.2282  DIHED      =      -227.3817
 1-4 NB =       205.3743  1-4 EEL =      4698.6562  VDWAALS    =      9530.0565
 EELEC  =    -71014.0666  EHBOND  =         0.0000  RESTRAINT  =       118.0066
 EAMBER (non-restraint)  =    -56109.5399
 EKCMT  =         0.0000  VIRIAL  =         0.0000  VOLUME     =    142201.6328
                                                    Density    =         0.9848
 Ewald error estimate:   0.1711E-03
 ------------------------------------------------------------------------------

wrapping first mol.:       18.98151       26.84390       46.49500

 NSTEP =     8500   TIME(PS) =      37.000  TEMP(K) =   298.24  PRESS =     0.0
 Etot   =    -47692.0598  EKtot   =      8265.4871  EPtot      =    -55957.5469
 BOND   =       171.8881  ANGLE   =       469.9322  DIHED      =      -234.5315
 1-4 NB =       204.7280  1-4 EEL =      4740.1955  VDWAALS    =      9436.5091
 EELEC  =    -70861.1807  EHBOND  =         0.0000  RESTRAINT  =       114.9125
 EAMBER (non-restraint)  =    -56072.4594
 EKCMT  =         0.0000  VIRIAL  =         0.0000  VOLUME     =    142145.7159
                                                    Density    =         0.9852
 Ewald error estimate:   0.5589E-04
 ------------------------------------------------------------------------------

wrapping first mol.:       18.94350       26.79016       46.40191

 NSTEP =     9000   TIME(PS) =      38.000  TEMP(K) =   300.16  PRESS =     0.0
 Etot   =    -47670.6769  EKtot   =      8318.7941  EPtot      =    -55989.4711
 BOND   =       175.1550  ANGLE   =       476.4234  DIHED      =      -236.2187
 1-4 NB =       214.6412  1-4 EEL =      4740.4089  VDWAALS    =      9512.8503
 EELEC  =    -70986.9458  EHBOND  =         0.0000  RESTRAINT  =       114.2147
 EAMBER (non-restraint)  =    -56103.6857
 EKCMT  =         0.0000  VIRIAL  =         0.0000  VOLUME     =    141293.6053
                                                    Density    =         0.9912
 Ewald error estimate:   0.2496E-04
 ------------------------------------------------------------------------------

wrapping first mol.:       18.93428       26.77712       46.37932

 NSTEP =     9500   TIME(PS) =      39.000  TEMP(K) =   297.42  PRESS =     0.0
 Etot   =    -47725.3853  EKtot   =      8242.7195  EPtot      =    -55968.1049
 BOND   =       162.4579  ANGLE   =       476.3401  DIHED      =      -226.4755
 1-4 NB =       210.5253  1-4 EEL =      4748.3002  VDWAALS    =      9346.0114
 EELEC  =    -70795.9936  EHBOND  =         0.0000  RESTRAINT  =       110.7295
 EAMBER (non-restraint)  =    -56078.8343
 EKCMT  =         0.0000  VIRIAL  =         0.0000  VOLUME     =    141087.3579
                                                    Density    =         0.9926
 Ewald error estimate:   0.1126E-03
 ------------------------------------------------------------------------------

wrapping first mol.:       18.93180       26.77360       46.37324

 NSTEP =    10000   TIME(PS) =      40.000  TEMP(K) =   296.32  PRESS =     0.0
 Etot   =    -47648.5920  EKtot   =      8212.4259  EPtot      =    -55861.0179
 BOND   =       174.8231  ANGLE   =       476.7611  DIHED      =      -240.6393
 1-4 NB =       214.2240  1-4 EEL =      4747.7178  VDWAALS    =      9474.9979
 EELEC  =    -70826.5399  EHBOND  =         0.0000  RESTRAINT  =       117.6374
 EAMBER (non-restraint)  =    -55978.6553
 EKCMT  =         0.0000  VIRIAL  =         0.0000  VOLUME     =    141031.8674
                                                    Density    =         0.9930
 Ewald error estimate:   0.1819E-04
 ------------------------------------------------------------------------------

wrapping first mol.:       18.88262       26.70406       46.25278

 NSTEP =    10500   TIME(PS) =      41.000  TEMP(K) =   300.19  PRESS =     0.0
 Etot   =    -47668.9381  EKtot   =      8319.6424  EPtot      =    -55988.5805
 BOND   =       171.6616  ANGLE   =       500.4065  DIHED      =      -231.6571
 1-4 NB =       224.0706  1-4 EEL =      4726.1095  VDWAALS    =      9477.6361
 EELEC  =    -70978.7857  EHBOND  =         0.0000  RESTRAINT  =       121.9781
 EAMBER (non-restraint)  =    -56110.5586
 EKCMT  =         0.0000  VIRIAL  =         0.0000  VOLUME     =    139935.6619
                                                    Density    =         1.0008
 Ewald error estimate:   0.2536E-04
 ------------------------------------------------------------------------------

wrapping first mol.:       18.88203       26.70322       46.25132

 NSTEP =    11000   TIME(PS) =      42.000  TEMP(K) =   295.76  PRESS =     0.0
 Etot   =    -47843.4809  EKtot   =      8196.8869  EPtot      =    -56040.3677
 BOND   =       193.9965  ANGLE   =       468.1527  DIHED      =      -237.7027
 1-4 NB =       208.9490  1-4 EEL =      4728.8645  VDWAALS    =      9567.2580
 EELEC  =    -71083.2467  EHBOND  =         0.0000  RESTRAINT  =       113.3610
 EAMBER (non-restraint)  =    -56153.7287
 EKCMT  =         0.0000  VIRIAL  =         0.0000  VOLUME     =    139922.4529
                                                    Density    =         1.0009
 Ewald error estimate:   0.9565E-04
 ------------------------------------------------------------------------------

wrapping first mol.:       18.83310       26.63403       46.13149

 NSTEP =    11500   TIME(PS) =      43.000  TEMP(K) =   294.58  PRESS =     0.0
 Etot   =    -47875.1678  EKtot   =      8163.9630  EPtot      =    -56039.1308
 BOND   =       187.8875  ANGLE   =       501.0501  DIHED      =      -244.7275
 1-4 NB =       222.1191  1-4 EEL =      4749.8716  VDWAALS    =      9921.4984
 EELEC  =    -71479.5014  EHBOND  =         0.0000  RESTRAINT  =       102.6714
 EAMBER (non-restraint)  =    -56141.8022
 EKCMT  =         0.0000  VIRIAL  =         0.0000  VOLUME     =    138837.6837
                                                    Density    =         1.0087
 Ewald error estimate:   0.3973E-04
 ------------------------------------------------------------------------------

wrapping first mol.:       18.82296       26.61969       46.10665

 NSTEP =    12000   TIME(PS) =      44.000  TEMP(K) =   299.70  PRESS =     0.0
 Etot   =    -48041.2051  EKtot   =      8306.0481  EPtot      =    -56347.2531
 BOND   =       173.0704  ANGLE   =       481.2654  DIHED      =      -246.1012
 1-4 NB =       220.6886  1-4 EEL =      4725.6154  VDWAALS    =      9611.2321
 EELEC  =    -71427.0724  EHBOND  =         0.0000  RESTRAINT  =       114.0485
 EAMBER (non-restraint)  =    -56461.3016
 EKCMT  =         0.0000  VIRIAL  =         0.0000  VOLUME     =    138613.5140
                                                    Density    =         1.0103
 Ewald error estimate:   0.1049E-03
 ------------------------------------------------------------------------------

wrapping first mol.:       18.81649       26.61053       46.09079

 NSTEP =    12500   TIME(PS) =      45.000  TEMP(K) =   290.83  PRESS =     0.0
 Etot   =    -47995.9992  EKtot   =      8060.1934  EPtot      =    -56056.1926
 BOND   =       186.6837  ANGLE   =       486.2124  DIHED      =      -239.5917
 1-4 NB =       215.5846  1-4 EEL =      4715.5014  VDWAALS    =      9869.0312
 EELEC  =    -71411.6687  EHBOND  =         0.0000  RESTRAINT  =       122.0545
 EAMBER (non-restraint)  =    -56178.2471
 EKCMT  =         0.0000  VIRIAL  =         0.0000  VOLUME     =    138470.5817
                                                    Density    =         1.0114
 Ewald error estimate:   0.1316E-04
 ------------------------------------------------------------------------------

wrapping first mol.:       18.80420       26.59315       46.06068

 NSTEP =    13000   TIME(PS) =      46.000  TEMP(K) =   296.01  PRESS =     0.0
 Etot   =    -48116.2292  EKtot   =      8203.7033  EPtot      =    -56319.9325
 BOND   =       194.5398  ANGLE   =       465.7294  DIHED      =      -231.0163
 1-4 NB =       205.5686  1-4 EEL =      4732.4150  VDWAALS    =      9652.7525
 EELEC  =    -71457.2648  EHBOND  =         0.0000  RESTRAINT  =       117.3433
 EAMBER (non-restraint)  =    -56437.2758
 EKCMT  =         0.0000  VIRIAL  =         0.0000  VOLUME     =    138199.3674
                                                    Density    =         1.0134
 Ewald error estimate:   0.3904E-04
 ------------------------------------------------------------------------------

wrapping first mol.:       18.80420       26.59315       46.06068

 NSTEP =    13500   TIME(PS) =      47.000  TEMP(K) =   292.30  PRESS =     0.0
 Etot   =    -48106.2218  EKtot   =      8100.8286  EPtot      =    -56207.0505
 BOND   =       173.0525  ANGLE   =       515.4029  DIHED      =      -238.8586
 1-4 NB =       214.5321  1-4 EEL =      4716.8896  VDWAALS    =      9653.2089
 EELEC  =    -71357.6749  EHBOND  =         0.0000  RESTRAINT  =       116.3969
 EAMBER (non-restraint)  =    -56323.4474
 EKCMT  =         0.0000  VIRIAL  =         0.0000  VOLUME     =    138199.3674
                                                    Density    =         1.0134
 Ewald error estimate:   0.3687E-04
 ------------------------------------------------------------------------------

wrapping first mol.:       18.76470       26.53730       45.96394

 NSTEP =    14000   TIME(PS) =      48.000  TEMP(K) =   293.89  PRESS =     0.0
 Etot   =    -48169.9512  EKtot   =      8144.8887  EPtot      =    -56314.8400
 BOND   =       175.6093  ANGLE   =       485.2358  DIHED      =      -256.0174
 1-4 NB =       216.1180  1-4 EEL =      4720.7970  VDWAALS    =      9405.7476
 EELEC  =    -71175.6013  EHBOND  =         0.0000  RESTRAINT  =       113.2712
 EAMBER (non-restraint)  =    -56428.1112
 EKCMT  =         0.0000  VIRIAL  =         0.0000  VOLUME     =    137330.4268
                                                    Density    =         1.0198
 Ewald error estimate:   0.1581E-03
 ------------------------------------------------------------------------------

wrapping first mol.:       18.74450       26.50872       45.91445

 NSTEP =    14500   TIME(PS) =      49.000  TEMP(K) =   294.10  PRESS =     0.0
 Etot   =    -48221.6989  EKtot   =      8150.6743  EPtot      =    -56372.3732
 BOND   =       174.9582  ANGLE   =       482.2094  DIHED      =      -227.1346
 1-4 NB =       214.7726  1-4 EEL =      4719.9351  VDWAALS    =      9640.3170
 EELEC  =    -71495.7862  EHBOND  =         0.0000  RESTRAINT  =       118.3554
 EAMBER (non-restraint)  =    -56490.7286
 EKCMT  =         0.0000  VIRIAL  =         0.0000  VOLUME     =    136887.2677
                                                    Density    =         1.0231
 Ewald error estimate:   0.1176E-03
 ------------------------------------------------------------------------------

wrapping first mol.:       18.72839       26.48594       45.87499

 NSTEP =    15000   TIME(PS) =      50.000  TEMP(K) =   296.50  PRESS =     0.0
 Etot   =    -48099.7095  EKtot   =      8217.2018  EPtot      =    -56316.9113
 BOND   =       171.1196  ANGLE   =       490.5529  DIHED      =      -232.4115
 1-4 NB =       214.7254  1-4 EEL =      4666.2049  VDWAALS    =      9681.2652
 EELEC  =    -71427.9161  EHBOND  =         0.0000  RESTRAINT  =       119.5482
 EAMBER (non-restraint)  =    -56436.4595
 EKCMT  =         0.0000  VIRIAL  =         0.0000  VOLUME     =    136534.6369
                                                    Density    =         1.0257
 Ewald error estimate:   0.8181E-04
 ------------------------------------------------------------------------------

wrapping first mol.:       18.72702       26.48401       45.87164

 NSTEP =    15500   TIME(PS) =      51.000  TEMP(K) =   298.00  PRESS =     0.0
 Etot   =    -48109.0540  EKtot   =      8258.7589  EPtot      =    -56367.8129
 BOND   =       171.8143  ANGLE   =       483.0729  DIHED      =      -243.5357
 1-4 NB =       212.5079  1-4 EEL =      4717.2531  VDWAALS    =      9648.8674
 EELEC  =    -71473.3417  EHBOND  =         0.0000  RESTRAINT  =       115.5488
 EAMBER (non-restraint)  =    -56483.3618
 EKCMT  =         0.0000  VIRIAL  =         0.0000  VOLUME     =    136504.7548
                                                    Density    =         1.0259
 Ewald error estimate:   0.1029E-03
 ------------------------------------------------------------------------------

wrapping first mol.:       18.71881       26.47239       45.85152

 NSTEP =    16000   TIME(PS) =      52.000  TEMP(K) =   296.69  PRESS =     0.0
 Etot   =    -48053.5605  EKtot   =      8222.7073  EPtot      =    -56276.2679
 BOND   =       159.8334  ANGLE   =       484.7658  DIHED      =      -238.2068
 1-4 NB =       218.5178  1-4 EEL =      4759.7969  VDWAALS    =      9672.3010
 EELEC  =    -71451.6766  EHBOND  =         0.0000  RESTRAINT  =       118.4005
 EAMBER (non-restraint)  =    -56394.6684
 EKCMT  =         0.0000  VIRIAL  =         0.0000  VOLUME     =    136325.1857
                                                    Density    =         1.0273
 Ewald error estimate:   0.6132E-04
 ------------------------------------------------------------------------------

wrapping first mol.:       18.71881       26.47239       45.85152

 NSTEP =    16500   TIME(PS) =      53.000  TEMP(K) =   298.24  PRESS =     0.0
 Etot   =    -48010.6487  EKtot   =      8265.5081  EPtot      =    -56276.1568
 BOND   =       166.1847  ANGLE   =       480.7938  DIHED      =      -246.3940
 1-4 NB =       219.1435  1-4 EEL =      4746.6377  VDWAALS    =      9377.2108
 EELEC  =    -71125.0468  EHBOND  =         0.0000  RESTRAINT  =       105.3135
 EAMBER (non-restraint)  =    -56381.4703
 EKCMT  =         0.0000  VIRIAL  =         0.0000  VOLUME     =    136325.1857
                                                    Density    =         1.0273
 Ewald error estimate:   0.1844E-03
 ------------------------------------------------------------------------------

wrapping first mol.:       18.68896       26.43018       45.77841

 NSTEP =    17000   TIME(PS) =      54.000  TEMP(K) =   301.33  PRESS =     0.0
 Etot   =    -47855.8967  EKtot   =      8351.1864  EPtot      =    -56207.0831
 BOND   =       163.2343  ANGLE   =       457.9186  DIHED      =      -233.9971
 1-4 NB =       221.8496  1-4 EEL =      4741.7752  VDWAALS    =      9514.4139
 EELEC  =    -71181.6539  EHBOND  =         0.0000  RESTRAINT  =       109.3762
 EAMBER (non-restraint)  =    -56316.4593
 EKCMT  =         0.0000  VIRIAL  =         0.0000  VOLUME     =    135674.1204
                                                    Density    =         1.0322
 Ewald error estimate:   0.5239E-04
 ------------------------------------------------------------------------------

wrapping first mol.:       18.68896       26.43018       45.77841

 NSTEP =    17500   TIME(PS) =      55.000  TEMP(K) =   300.50  PRESS =     0.0
 Etot   =    -47905.3905  EKtot   =      8328.1460  EPtot      =    -56233.5365
 BOND   =       165.2275  ANGLE   =       489.2385  DIHED      =      -244.0629
 1-4 NB =       205.1623  1-4 EEL =      4691.1739  VDWAALS    =      9603.7749
 EELEC  =    -71252.4417  EHBOND  =         0.0000  RESTRAINT  =       108.3910
 EAMBER (non-restraint)  =    -56341.9275
 EKCMT  =         0.0000  VIRIAL  =         0.0000  VOLUME     =    135674.1204
                                                    Density    =         1.0322
 Ewald error estimate:   0.6809E-06
 ------------------------------------------------------------------------------

wrapping first mol.:       18.68896       26.43018       45.77841

 NSTEP =    18000   TIME(PS) =      56.000  TEMP(K) =   298.21  PRESS =     0.0
 Etot   =    -47997.4034  EKtot   =      8264.6174  EPtot      =    -56262.0208
 BOND   =       173.6111  ANGLE   =       460.3887  DIHED      =      -243.7397
 1-4 NB =       228.6295  1-4 EEL =      4729.9886  VDWAALS    =      9546.3403
 EELEC  =    -71264.6498  EHBOND  =         0.0000  RESTRAINT  =       107.4104
 EAMBER (non-restraint)  =    -56369.4312
 EKCMT  =         0.0000  VIRIAL  =         0.0000  VOLUME     =    135674.1204
                                                    Density    =         1.0322
 Ewald error estimate:   0.3274E-04
 ------------------------------------------------------------------------------

wrapping first mol.:       18.68700       26.42740       45.77360

 NSTEP =    18500   TIME(PS) =      57.000  TEMP(K) =   302.99  PRESS =     0.0
 Etot   =    -47792.5392  EKtot   =      8397.3007  EPtot      =    -56189.8400
 BOND   =       182.4165  ANGLE   =       543.4440  DIHED      =      -228.4648
 1-4 NB =       215.0722  1-4 EEL =      4727.3502  VDWAALS    =      9605.5973
 EELEC  =    -71350.2637  EHBOND  =         0.0000  RESTRAINT  =       115.0085
 EAMBER (non-restraint)  =    -56304.8484
 EKCMT  =         0.0000  VIRIAL  =         0.0000  VOLUME     =    135631.3835
                                                    Density    =         1.0325
 Ewald error estimate:   0.6489E-04
 ------------------------------------------------------------------------------

wrapping first mol.:       18.68879       26.42994       45.77799

 NSTEP =    19000   TIME(PS) =      58.000  TEMP(K) =   298.86  PRESS =     0.0
 Etot   =    -47833.7909  EKtot   =      8282.8299  EPtot      =    -56116.6208
 BOND   =       183.0137  ANGLE   =       496.0924  DIHED      =      -240.1875
 1-4 NB =       216.9270  1-4 EEL =      4729.6760  VDWAALS    =      9538.4665
 EELEC  =    -71168.3963  EHBOND  =         0.0000  RESTRAINT  =       127.7874
 EAMBER (non-restraint)  =    -56244.4082
 EKCMT  =         0.0000  VIRIAL  =         0.0000  VOLUME     =    135670.3999
                                                    Density    =         1.0322
 Ewald error estimate:   0.1079E-04
 ------------------------------------------------------------------------------

wrapping first mol.:       18.66658       26.39853       45.72359

 NSTEP =    19500   TIME(PS) =      59.000  TEMP(K) =   294.44  PRESS =     0.0
 Etot   =    -48095.1254  EKtot   =      8160.1982  EPtot      =    -56255.3236
 BOND   =       184.5412  ANGLE   =       482.5877  DIHED      =      -231.9420
 1-4 NB =       210.2247  1-4 EEL =      4730.9310  VDWAALS    =      9572.1230
 EELEC  =    -71327.7338  EHBOND  =         0.0000  RESTRAINT  =       123.9445
 EAMBER (non-restraint)  =    -56379.2682
 EKCMT  =         0.0000  VIRIAL  =         0.0000  VOLUME     =    135187.3015
                                                    Density    =         1.0359
 Ewald error estimate:   0.1285E-03
 ------------------------------------------------------------------------------

wrapping first mol.:       18.67539       26.41099       45.74518

 NSTEP =    20000   TIME(PS) =      60.000  TEMP(K) =   297.50  PRESS =     0.0
 Etot   =    -48140.5636  EKtot   =      8244.9999  EPtot      =    -56385.5635
 BOND   =       150.2248  ANGLE   =       509.0838  DIHED      =      -242.5902
 1-4 NB =       217.1002  1-4 EEL =      4745.5481  VDWAALS    =      9738.8010
 EELEC  =    -71613.5446  EHBOND  =         0.0000  RESTRAINT  =       109.8134
 EAMBER (non-restraint)  =    -56495.3769
 EKCMT  =         0.0000  VIRIAL  =         0.0000  VOLUME     =    135378.8556
                                                    Density    =         1.0345
 Ewald error estimate:   0.2362E-03
 ------------------------------------------------------------------------------

wrapping first mol.:       18.65289       26.37917       45.69005

 NSTEP =    20500   TIME(PS) =      61.000  TEMP(K) =   296.30  PRESS =     0.0
 Etot   =    -48306.3396  EKtot   =      8211.7789  EPtot      =    -56518.1185
 BOND   =       154.4560  ANGLE   =       478.5325  DIHED      =      -236.8268
 1-4 NB =       222.3753  1-4 EEL =      4734.4078  VDWAALS    =      9791.1262
 EELEC  =    -71778.2156  EHBOND  =         0.0000  RESTRAINT  =       116.0261
 EAMBER (non-restraint)  =    -56634.1446
 EKCMT  =         0.0000  VIRIAL  =         0.0000  VOLUME     =    134890.0408
                                                    Density    =         1.0382
 Ewald error estimate:   0.9602E-04
 ------------------------------------------------------------------------------

wrapping first mol.:       18.66012       26.38939       45.70776

 NSTEP =    21000   TIME(PS) =      62.000  TEMP(K) =   296.13  PRESS =     0.0
 Etot   =    -48176.9598  EKtot   =      8207.0180  EPtot      =    -56383.9778
 BOND   =       163.3712  ANGLE   =       477.2504  DIHED      =      -245.1800
 1-4 NB =       228.2043  1-4 EEL =      4750.0394  VDWAALS    =      9438.2756
 EELEC  =    -71309.1472  EHBOND  =         0.0000  RESTRAINT  =       113.2085
 EAMBER (non-restraint)  =    -56497.1863
 EKCMT  =         0.0000  VIRIAL  =         0.0000  VOLUME     =    135046.9330
                                                    Density    =         1.0370
 Ewald error estimate:   0.1710E-03
 ------------------------------------------------------------------------------

wrapping first mol.:       18.67318       26.40787       45.73977

 NSTEP =    21500   TIME(PS) =      63.000  TEMP(K) =   294.75  PRESS =     0.0
 Etot   =    -48219.4411  EKtot   =      8168.6924  EPtot      =    -56388.1335
 BOND   =       174.4324  ANGLE   =       483.2493  DIHED      =      -221.3525
 1-4 NB =       212.7660  1-4 EEL =      4711.6418  VDWAALS    =      9532.6992
 EELEC  =    -71404.5704  EHBOND  =         0.0000  RESTRAINT  =       123.0009
 EAMBER (non-restraint)  =    -56511.1343
 EKCMT  =         0.0000  VIRIAL  =         0.0000  VOLUME     =    135330.8705
                                                    Density    =         1.0348
 Ewald error estimate:   0.1005E-04
 ------------------------------------------------------------------------------

wrapping first mol.:       18.67318       26.40787       45.73977

 NSTEP =    22000   TIME(PS) =      64.000  TEMP(K) =   295.65  PRESS =     0.0
 Etot   =    -48042.3970  EKtot   =      8193.7978  EPtot      =    -56236.1948
 BOND   =       162.4550  ANGLE   =       481.6416  DIHED      =      -233.9795
 1-4 NB =       218.1270  1-4 EEL =      4729.0881  VDWAALS    =      9578.5249
 EELEC  =    -71291.9279  EHBOND  =         0.0000  RESTRAINT  =       119.8762
 EAMBER (non-restraint)  =    -56356.0710
 EKCMT  =         0.0000  VIRIAL  =         0.0000  VOLUME     =    135330.8705
                                                    Density    =         1.0348
 Ewald error estimate:   0.5902E-04
 ------------------------------------------------------------------------------

wrapping first mol.:       18.68478       26.42426       45.76816

 NSTEP =    22500   TIME(PS) =      65.000  TEMP(K) =   299.15  PRESS =     0.0
 Etot   =    -47949.9010  EKtot   =      8290.7447  EPtot      =    -56240.6457
 BOND   =       185.5553  ANGLE   =       504.5221  DIHED      =      -224.8334
 1-4 NB =       221.1177  1-4 EEL =      4737.7630  VDWAALS    =      9500.9280
 EELEC  =    -71279.5826  EHBOND  =         0.0000  RESTRAINT  =       113.8842
 EAMBER (non-restraint)  =    -56354.5299
 EKCMT  =         0.0000  VIRIAL  =         0.0000  VOLUME     =    135583.0639
                                                    Density    =         1.0329
 Ewald error estimate:   0.3746E-04
 ------------------------------------------------------------------------------

wrapping first mol.:       18.66396       26.39482       45.71717

 NSTEP =    23000   TIME(PS) =      66.000  TEMP(K) =   301.08  PRESS =     0.0
 Etot   =    -48036.6228  EKtot   =      8344.1191  EPtot      =    -56380.7419
 BOND   =       172.3646  ANGLE   =       496.3456  DIHED      =      -220.9460
 1-4 NB =       210.6540  1-4 EEL =      4749.5736  VDWAALS    =      9496.6960
 EELEC  =    -71391.3143  EHBOND  =         0.0000  RESTRAINT  =       105.8845
 EAMBER (non-restraint)  =    -56486.6264
 EKCMT  =         0.0000  VIRIAL  =         0.0000  VOLUME     =    135130.3504
                                                    Density    =         1.0364
 Ewald error estimate:   0.1413E-03
 ------------------------------------------------------------------------------

wrapping first mol.:       18.68929       26.43064       45.77922

 NSTEP =    23500   TIME(PS) =      67.000  TEMP(K) =   299.71  PRESS =     0.0
 Etot   =    -47917.8927  EKtot   =      8306.1657  EPtot      =    -56224.0584
 BOND   =       182.8554  ANGLE   =       477.4645  DIHED      =      -226.6233
 1-4 NB =       207.0719  1-4 EEL =      4746.4256  VDWAALS    =      9854.9178
 EELEC  =    -71571.5955  EHBOND  =         0.0000  RESTRAINT  =       105.4253
 EAMBER (non-restraint)  =    -56329.4837
 EKCMT  =         0.0000  VIRIAL  =         0.0000  VOLUME     =    135681.2977
                                                    Density    =         1.0322
 Ewald error estimate:   0.6869E-04
 ------------------------------------------------------------------------------

wrapping first mol.:       18.68695       26.42734       45.77349

 NSTEP =    24000   TIME(PS) =      68.000  TEMP(K) =   299.36  PRESS =     0.0
 Etot   =    -47969.9808  EKtot   =      8296.6557  EPtot      =    -56266.6365
 BOND   =       174.8741  ANGLE   =       446.3640  DIHED      =      -240.5334
 1-4 NB =       203.7075  1-4 EEL =      4708.8472  VDWAALS    =      9688.1473
 EELEC  =    -71362.1926  EHBOND  =         0.0000  RESTRAINT  =       114.1494
 EAMBER (non-restraint)  =    -56380.7859
 EKCMT  =         0.0000  VIRIAL  =         0.0000  VOLUME     =    135630.4112
                                                    Density    =         1.0325
 Ewald error estimate:   0.2422E-04
 ------------------------------------------------------------------------------

wrapping first mol.:       18.66618       26.39796       45.72260

 NSTEP =    24500   TIME(PS) =      69.000  TEMP(K) =   301.51  PRESS =     0.0
 Etot   =    -47903.3255  EKtot   =      8356.1594  EPtot      =    -56259.4849
 BOND   =       186.9852  ANGLE   =       502.2964  DIHED      =      -239.2761
 1-4 NB =       203.3636  1-4 EEL =      4713.2723  VDWAALS    =      9743.8666
 EELEC  =    -71473.1316  EHBOND  =         0.0000  RESTRAINT  =       103.1386
 EAMBER (non-restraint)  =    -56362.6235
 EKCMT  =         0.0000  VIRIAL  =         0.0000  VOLUME     =    135178.5411
                                                    Density    =         1.0360
 Ewald error estimate:   0.1388E-04
 ------------------------------------------------------------------------------

wrapping first mol.:       18.68490       26.42443       45.76846

 NSTEP =    25000   TIME(PS) =      70.000  TEMP(K) =   299.81  PRESS =     0.0
 Etot   =    -48194.6985  EKtot   =      8309.1416  EPtot      =    -56503.8402
 BOND   =       184.9961  ANGLE   =       489.8871  DIHED      =      -244.6353
 1-4 NB =       205.7580  1-4 EEL =      4727.1687  VDWAALS    =      9686.4817
 EELEC  =    -71670.6684  EHBOND  =         0.0000  RESTRAINT  =       117.1719
 EAMBER (non-restraint)  =    -56621.0120
 EKCMT  =         0.0000  VIRIAL  =         0.0000  VOLUME     =    135585.6735
                                                    Density    =         1.0329
 Ewald error estimate:   0.1276E-03
 ------------------------------------------------------------------------------

wrapping first mol.:       18.68398       26.42314       45.76621

 NSTEP =    25500   TIME(PS) =      71.000  TEMP(K) =   298.81  PRESS =     0.0
 Etot   =    -48134.3393  EKtot   =      8281.4005  EPtot      =    -56415.7398
 BOND   =       199.0012  ANGLE   =       482.9583  DIHED      =      -236.9484
 1-4 NB =       203.3224  1-4 EEL =      4722.9235  VDWAALS    =      9661.0189
 EELEC  =    -71561.9181  EHBOND  =         0.0000  RESTRAINT  =       113.9025
 EAMBER (non-restraint)  =    -56529.6423
 EKCMT  =         0.0000  VIRIAL  =         0.0000  VOLUME     =    135565.6884
                                                    Density    =         1.0330
 Ewald error estimate:   0.1010E-03
 ------------------------------------------------------------------------------

wrapping first mol.:       18.68398       26.42314       45.76621

 NSTEP =    26000   TIME(PS) =      72.000  TEMP(K) =   297.41  PRESS =     0.0
 Etot   =    -48086.7121  EKtot   =      8242.4260  EPtot      =    -56329.1381
 BOND   =       172.7615  ANGLE   =       467.7961  DIHED      =      -230.7016
 1-4 NB =       223.5161  1-4 EEL =      4751.7608  VDWAALS    =      9592.1248
 EELEC  =    -71422.1980  EHBOND  =         0.0000  RESTRAINT  =       115.8022
 EAMBER (non-restraint)  =    -56444.9403
 EKCMT  =         0.0000  VIRIAL  =         0.0000  VOLUME     =    135565.6884
                                                    Density    =         1.0330
 Ewald error estimate:   0.6050E-04
 ------------------------------------------------------------------------------

wrapping first mol.:       18.69255       26.43525       45.78720

 NSTEP =    26500   TIME(PS) =      73.000  TEMP(K) =   298.88  PRESS =     0.0
 Etot   =    -48027.6036  EKtot   =      8283.3447  EPtot      =    -56310.9484
 BOND   =       162.6833  ANGLE   =       469.7556  DIHED      =      -229.1256
 1-4 NB =       222.2662  1-4 EEL =      4739.1111  VDWAALS    =      9768.2123
 EELEC  =    -71557.5758  EHBOND  =         0.0000  RESTRAINT  =       113.7245
 EAMBER (non-restraint)  =    -56424.6728
 EKCMT  =         0.0000  VIRIAL  =         0.0000  VOLUME     =    135752.3007
                                                    Density    =         1.0316
 Ewald error estimate:   0.1572E-04
 ------------------------------------------------------------------------------

wrapping first mol.:       18.67091       26.40465       45.73420

 NSTEP =    27000   TIME(PS) =      74.000  TEMP(K) =   298.42  PRESS =     0.0
 Etot   =    -48106.1923  EKtot   =      8270.6441  EPtot      =    -56376.8364
 BOND   =       163.4571  ANGLE   =       480.4812  DIHED      =      -222.8678
 1-4 NB =       212.8839  1-4 EEL =      4726.2933  VDWAALS    =      9511.5800
 EELEC  =    -71370.5884  EHBOND  =         0.0000  RESTRAINT  =       121.9242
 EAMBER (non-restraint)  =    -56498.7606
 EKCMT  =         0.0000  VIRIAL  =         0.0000  VOLUME     =    135281.3969
                                                    Density    =         1.0352
 Ewald error estimate:   0.7523E-04
 ------------------------------------------------------------------------------

wrapping first mol.:       18.65458       26.38156       45.69420

 NSTEP =    27500   TIME(PS) =      75.000  TEMP(K) =   300.29  PRESS =     0.0
 Etot   =    -48065.2981  EKtot   =      8322.2896  EPtot      =    -56387.5878
 BOND   =       177.5895  ANGLE   =       483.7151  DIHED      =      -241.2407
 1-4 NB =       221.4920  1-4 EEL =      4753.1323  VDWAALS    =      9802.2546
 EELEC  =    -71702.4484  EHBOND  =         0.0000  RESTRAINT  =       117.9179
 EAMBER (non-restraint)  =    -56505.5057
 EKCMT  =         0.0000  VIRIAL  =         0.0000  VOLUME     =    134926.8102
                                                    Density    =         1.0379
 Ewald error estimate:   0.3811E-04
 ------------------------------------------------------------------------------

wrapping first mol.:       18.65458       26.38156       45.69420

 NSTEP =    28000   TIME(PS) =      76.000  TEMP(K) =   296.82  PRESS =     0.0
 Etot   =    -48158.1172  EKtot   =      8226.2511  EPtot      =    -56384.3684
 BOND   =       204.3491  ANGLE   =       473.8807  DIHED      =      -236.7219
 1-4 NB =       213.4871  1-4 EEL =      4705.9141  VDWAALS    =      9689.7735
 EELEC  =    -71563.5199  EHBOND  =         0.0000  RESTRAINT  =       128.4690
 EAMBER (non-restraint)  =    -56512.8373
 EKCMT  =         0.0000  VIRIAL  =         0.0000  VOLUME     =    134926.8102
                                                    Density    =         1.0379
 Ewald error estimate:   0.7060E-04
 ------------------------------------------------------------------------------

wrapping first mol.:       18.66239       26.39261       45.71334

 NSTEP =    28500   TIME(PS) =      77.000  TEMP(K) =   294.69  PRESS =     0.0
 Etot   =    -48074.1714  EKtot   =      8167.2346  EPtot      =    -56241.4060
 BOND   =       192.3329  ANGLE   =       487.7746  DIHED      =      -236.1271
 1-4 NB =       206.5731  1-4 EEL =      4708.5525  VDWAALS    =      9750.8184
 EELEC  =    -71467.3020  EHBOND  =         0.0000  RESTRAINT  =       115.9718
 EAMBER (non-restraint)  =    -56357.3778
 EKCMT  =         0.0000  VIRIAL  =         0.0000  VOLUME     =    135096.3898
                                                    Density    =         1.0366
 Ewald error estimate:   0.4289E-04
 ------------------------------------------------------------------------------

wrapping first mol.:       18.66239       26.39261       45.71334

 NSTEP =    29000   TIME(PS) =      78.000  TEMP(K) =   299.05  PRESS =     0.0
 Etot   =    -48112.8393  EKtot   =      8288.0484  EPtot      =    -56400.8877
 BOND   =       167.2970  ANGLE   =       479.8371  DIHED      =      -227.8685
 1-4 NB =       214.3183  1-4 EEL =      4704.7662  VDWAALS    =      9825.0648
 EELEC  =    -71673.8878  EHBOND  =         0.0000  RESTRAINT  =       109.5850
 EAMBER (non-restraint)  =    -56510.4727
 EKCMT  =         0.0000  VIRIAL  =         0.0000  VOLUME     =    135096.3898
                                                    Density    =         1.0366
 Ewald error estimate:   0.1084E-04
 ------------------------------------------------------------------------------

wrapping first mol.:       18.66259       26.39289       45.71382

 NSTEP =    29500   TIME(PS) =      79.000  TEMP(K) =   300.96  PRESS =     0.0
 Etot   =    -48111.1921  EKtot   =      8340.9414  EPtot      =    -56452.1335
 BOND   =       194.8871  ANGLE   =       497.6638  DIHED      =      -229.2333
 1-4 NB =       214.3174  1-4 EEL =      4704.9871  VDWAALS    =      9662.1130
 EELEC  =    -71608.7594  EHBOND  =         0.0000  RESTRAINT  =       111.8908
 EAMBER (non-restraint)  =    -56564.0243
 EKCMT  =         0.0000  VIRIAL  =         0.0000  VOLUME     =    135100.6854
                                                    Density    =         1.0366
 Ewald error estimate:   0.1639E-03
 ------------------------------------------------------------------------------

wrapping first mol.:       18.62764       26.34347       45.62822

 NSTEP =    30000   TIME(PS) =      80.000  TEMP(K) =   297.08  PRESS =     0.0
 Etot   =    -48004.4629  EKtot   =      8233.4193  EPtot      =    -56237.8821
 BOND   =       183.4352  ANGLE   =       502.3855  DIHED      =      -240.8353
 1-4 NB =       215.7206  1-4 EEL =      4704.8151  VDWAALS    =      9697.6082
 EELEC  =    -71421.6141  EHBOND  =         0.0000  RESTRAINT  =       120.6027
 EAMBER (non-restraint)  =    -56358.4849
 EKCMT  =         0.0000  VIRIAL  =         0.0000  VOLUME     =    134343.1555
                                                    Density    =         1.0424
 Ewald error estimate:   0.6072E-04
 ------------------------------------------------------------------------------

wrapping first mol.:       18.64399       26.36659       45.66827

 NSTEP =    30500   TIME(PS) =      81.000  TEMP(K) =   298.13  PRESS =     0.0
 Etot   =    -48118.8469  EKtot   =      8262.3945  EPtot      =    -56381.2414
 BOND   =       176.8195  ANGLE   =       478.1164  DIHED      =      -228.0387
 1-4 NB =       221.1950  1-4 EEL =      4694.5743  VDWAALS    =      9621.4530
 EELEC  =    -71455.3717  EHBOND  =         0.0000  RESTRAINT  =       110.0107
 EAMBER (non-restraint)  =    -56491.2521
 EKCMT  =         0.0000  VIRIAL  =         0.0000  VOLUME     =    134697.1806
                                                    Density    =         1.0397
 Ewald error estimate:   0.1004E-03
 ------------------------------------------------------------------------------

wrapping first mol.:       18.65292       26.37922       45.69014

 NSTEP =    31000   TIME(PS) =      82.000  TEMP(K) =   297.82  PRESS =     0.0
 Etot   =    -48044.0084  EKtot   =      8254.0123  EPtot      =    -56298.0207
 BOND   =       177.0747  ANGLE   =       461.7854  DIHED      =      -231.1336
 1-4 NB =       207.8623  1-4 EEL =      4743.5780  VDWAALS    =      9704.9809
 EELEC  =    -71469.7280  EHBOND  =         0.0000  RESTRAINT  =       107.5595
 EAMBER (non-restraint)  =    -56405.5802
 EKCMT  =         0.0000  VIRIAL  =         0.0000  VOLUME     =    134890.8397
                                                    Density    =         1.0382
 Ewald error estimate:   0.9138E-04
 ------------------------------------------------------------------------------

wrapping first mol.:       18.65292       26.37922       45.69014

 NSTEP =    31500   TIME(PS) =      83.000  TEMP(K) =   298.77  PRESS =     0.0
 Etot   =    -47947.2790  EKtot   =      8280.3196  EPtot      =    -56227.5986
 BOND   =       186.8844  ANGLE   =       503.4429  DIHED      =      -246.1766
 1-4 NB =       210.1859  1-4 EEL =      4698.3605  VDWAALS    =      9482.2451
 EELEC  =    -71174.3549  EHBOND  =         0.0000  RESTRAINT  =       111.8140
 EAMBER (non-restraint)  =    -56339.4126
 EKCMT  =         0.0000  VIRIAL  =         0.0000  VOLUME     =    134890.8397
                                                    Density    =         1.0382
 Ewald error estimate:   0.4080E-04
 ------------------------------------------------------------------------------

wrapping first mol.:       18.63532       26.35433       45.64703

 NSTEP =    32000   TIME(PS) =      84.000  TEMP(K) =   297.22  PRESS =     0.0
 Etot   =    -48088.4303  EKtot   =      8237.1705  EPtot      =    -56325.6008
 BOND   =       186.7422  ANGLE   =       496.9085  DIHED      =      -232.3238
 1-4 NB =       214.4115  1-4 EEL =      4751.0985  VDWAALS    =      9685.1181
 EELEC  =    -71532.5939  EHBOND  =         0.0000  RESTRAINT  =       105.0381
 EAMBER (non-restraint)  =    -56430.6389
 EKCMT  =         0.0000  VIRIAL  =         0.0000  VOLUME     =    134509.3731
                                                    Density    =         1.0412
 Ewald error estimate:   0.1720E-04
 ------------------------------------------------------------------------------

wrapping first mol.:       18.62769       26.34353       45.62832

 NSTEP =    32500   TIME(PS) =      85.000  TEMP(K) =   301.70  PRESS =     0.0
 Etot   =    -48084.0607  EKtot   =      8361.4797  EPtot      =    -56445.5404
 BOND   =       171.7190  ANGLE   =       478.1329  DIHED      =      -223.2653
 1-4 NB =       225.0087  1-4 EEL =      4741.6382  VDWAALS    =      9639.0241
 EELEC  =    -71585.8119  EHBOND  =         0.0000  RESTRAINT  =       108.0137
 EAMBER (non-restraint)  =    -56553.5542
 EKCMT  =         0.0000  VIRIAL  =         0.0000  VOLUME     =    134344.0734
                                                    Density    =         1.0424
 Ewald error estimate:   0.1734E-03
 ------------------------------------------------------------------------------

wrapping first mol.:       18.62769       26.34353       45.62832

 NSTEP =    33000   TIME(PS) =      86.000  TEMP(K) =   299.72  PRESS =     0.0
 Etot   =    -48181.0043  EKtot   =      8306.4440  EPtot      =    -56487.4482
 BOND   =       164.7004  ANGLE   =       474.5098  DIHED      =      -233.6746
 1-4 NB =       216.9922  1-4 EEL =      4725.7314  VDWAALS    =      9712.4630
 EELEC  =    -71656.6803  EHBOND  =         0.0000  RESTRAINT  =       108.5098
 EAMBER (non-restraint)  =    -56595.9581
 EKCMT  =         0.0000  VIRIAL  =         0.0000  VOLUME     =    134344.0734
                                                    Density    =         1.0424
 Ewald error estimate:   0.2198E-04
 ------------------------------------------------------------------------------

wrapping first mol.:       18.65792       26.38629       45.70239

 NSTEP =    33500   TIME(PS) =      87.000  TEMP(K) =   296.63  PRESS =     0.0
 Etot   =    -47983.9915  EKtot   =      8220.8303  EPtot      =    -56204.8218
 BOND   =       169.6411  ANGLE   =       515.4099  DIHED      =      -230.0973
 1-4 NB =       205.9261  1-4 EEL =      4708.0453  VDWAALS    =      9612.2635
 EELEC  =    -71298.5063  EHBOND  =         0.0000  RESTRAINT  =       112.4958
 EAMBER (non-restraint)  =    -56317.3177
 EKCMT  =         0.0000  VIRIAL  =         0.0000  VOLUME     =    134999.3305
                                                    Density    =         1.0374
 Ewald error estimate:   0.4208E-04
 ------------------------------------------------------------------------------

wrapping first mol.:       18.65873       26.38742       45.70436

 NSTEP =    34000   TIME(PS) =      88.000  TEMP(K) =   298.42  PRESS =     0.0
 Etot   =    -48126.2291  EKtot   =      8270.4977  EPtot      =    -56396.7267
 BOND   =       189.6734  ANGLE   =       493.5507  DIHED      =      -244.8062
 1-4 NB =       211.8715  1-4 EEL =      4700.2687  VDWAALS    =      9636.1904
 EELEC  =    -71488.1454  EHBOND  =         0.0000  RESTRAINT  =       104.6701
 EAMBER (non-restraint)  =    -56501.3969
 EKCMT  =         0.0000  VIRIAL  =         0.0000  VOLUME     =    135016.7809
                                                    Density    =         1.0372
 Ewald error estimate:   0.9548E-04
 ------------------------------------------------------------------------------

