Warning: When compiling code please add the following flags to nvcc:
         -gencode arch=compute_35,code=[compute_35,sm_35] \
         -gencode arch=compute_61,code=[compute_61,sm_61] 
         -gencode arch=compute_70,code=[compute_70,sm_70] 
+ export 'DO_PARALLEL=mpirun -np 8'
+ DO_PARALLEL='mpirun -np 8'
+ SANDER=pmemd.MPI
+ PDB=gb1-ntaco_solv
+ printf '\nstart min\n\n'
+ mpirun -np 8 pmemd.MPI -O -i 02_min.in -o 02_min.out -p gb1-ntaco_solv.prmtop -c gb1-ntaco_solv.inpcrd -r 02_min.rst
+ printf '\ndone min\n\n'
+ printf '\nstart restrained system heat in\n\n'
+ mpirun -np 8 pmemd.MPI -O -i 03_eq1.in -o 03_eq1.out -p gb1-ntaco_solv.prmtop -c 02_min.rst -r 03_eq1.rst -ref 02_min.rst
+ printf '\ndone restrained system heat in\n\n'
+ printf '\nstart restrained equil\n\n'
+ mpirun -np 8 pmemd.MPI -O -i 04_eq2.in -o 04_eq2.out -p gb1-ntaco_solv.prmtop -c 03_eq1.rst -r 04_eq2.rst -ref 03_eq1.rst
<<<<<<< HEAD
+ printf '\ndone restrained equil\n\n'
+ printf '\nstart unrestrained equil\n\n'
+ mpirun -np 8 pmemd.MPI -O -i 05_eq3.in -o 05_eq3.out -p gb1-ntaco_solv.prmtop -c 04_eq2.rst -r 05_eq3.rst
+ printf '\ndone unrestrained equil\n\n'
=======
>>>>>>> 2487c8372e82bce5cc9b20fbe30ec98e6db0c097
