----------------------------------------------- 
  Element       SASA      Sigma Z        Total  
     Z         Ang**2 cal/Ang**2/mol   kcal/mol 
----------------------------------------------- 
      H        241.493      48.690      11.758
      C         94.179     129.740      12.219
      N         13.587       0.000       0.000
      O        111.532       0.000       0.000
      Co         0.449       0.000       0.000

 Subtotal:     461.240                  23.977
 -----------------------------------------------

  Elements    COT*SASA   Sigma Z,Z'     Total   
    Z,Z'       Ang**2  cal/Ang**2/mol kcal/mol  
 ---------------------------------------------- 
  H   C        145.008     -60.770      -8.812
  H   O          0.000       0.000       0.000
  C   C         60.962     -72.950      -4.447
  O   C         60.773      68.690       4.175
  O   O          0.000       0.000       0.000
  C   N         47.892       0.000       0.000
  N   C         42.269     -48.220      -2.038
  N  C(3)        0.000      84.100       0.000
  O   N          0.000     121.980       0.000

 Subtotal:                             -11.123
 ---------------------------------------------- 

 NONAQUEOUS SOLVENT CONTRIBUTION (kcal/mol):
 (proportional to SASA, atomic number independent)
 ---------------------------------------------- 
 Subtotal:                               0.000
 ---------------------------------------------- 

 CDS TOTAL (kcal/mol):                  12.854
...............................................................................
