            --------------------------------------------------------
                             AMBER SQM VERSION 19
 
                                     By
              Ross C. Walker, Michael F. Crowley, Scott Brozell,
                         Tim Giese, Andreas W. Goetz,
                        Tai-Sung Lee and David A. Case
 
            --------------------------------------------------------
 

--------------------------------------------------------------------------------
  QM CALCULATION INFO
--------------------------------------------------------------------------------

| QMMM: Citation for AMBER QMMM Run:
| QMMM: R.C. Walker, M.F. Crowley and D.A. Case, J. COMP. CHEM. 29:1019, 2008

QMMM: SINGLET STATE CALCULATION
QMMM: RHF CALCULATION, NO. OF DOUBLY OCCUPIED LEVELS = 37

| QMMM: *** Selected Hamiltonian *** 
| QMMM: AM1         

| QMMM: *** Parameter sets in use ***
| QMMM: O : M.J.S.DEWAR et al. JACS, 107, 3902, (1985)
| QMMM: N : M.J.S.DEWAR et al. JACS, 107, 3902, (1985)
| QMMM: C : M.J.S.DEWAR et al. JACS, 107, 3902, (1985)
| QMMM: H : M.J.S.DEWAR et al. JACS, 107, 3902, (1985)

| QMMM: *** SCF convergence criteria ***
| QMMM: Energy change                :  0.1D-09 kcal/mol
| QMMM: Error matrix |FP-PF|         :  0.1D+00 au
| QMMM: Density matrix change        :  0.5D-06
| QMMM: Maximum number of SCF cycles :     1000

| QMMM: *** Diagonalization Routine Information ***
| QMMM: Pseudo diagonalizations are allowed.
| QMMM: Auto diagonalization routine selection is in use.
| QMMM:
| QMMM: Timing diagonalization routines:
| QMMM:                              norbs =       58
| QMMM:    diag iterations used for timing =       15
| QMMM:
| QMMM:              Internal diag routine = 0.005354 seconds
| QMMM:                 Dspev diag routine = 0.011156 seconds
| QMMM:                Dspevd diag routine = 0.004202 seconds
| QMMM:                Dspevx diag routine = 0.026445 seconds
| QMMM:                 Dsyev diag routine = 0.006004 seconds
| QMMM:                Dsyevd diag routine = 0.004577 seconds
| QMMM:                Dsyevr diag routine = 0.005232 seconds
| QMMM:
| QMMM:                Pseudo diag routine = 0.001294 seconds
| QMMM:
| QMMM: Using dspevd routine (diag_routine=3).

  QMMM: QM Region Cartesian Coordinates (*=link atom) 
  QMMM: QM_NO.   MM_NO.  ATOM         X         Y         Z
  QMMM:     1        1      O       -3.7800   -4.8760  -20.2610
  QMMM:     2        2      O       -2.4500   -7.1680  -20.7530
  QMMM:     3        3      O       -3.5520   -7.1920  -23.2560
  QMMM:     4        4      N       -2.2480   -5.0920  -22.4140
  QMMM:     5        5      O       -3.1690   -6.8650  -25.4270
  QMMM:     6        6      O       -0.2770   -7.2800  -20.3010
  QMMM:     7        7      O       -3.2210   -2.7650  -19.8330
  QMMM:     8        8      C       -1.2250   -6.8010  -20.9090
  QMMM:     9        9      C       -3.1780   -3.7640  -20.5370
  QMMM:    10       10      C       -3.0790   -6.5180  -24.2600
  QMMM:    11       11      C       -2.4230   -3.7260  -21.8610
  QMMM:    12       12      C       -2.4220   -5.1830  -23.8920
  QMMM:    13       13      C       -0.9870   -5.7410  -21.9610
  QMMM:    14       14      H       -2.9850   -3.1220  -22.5740
  QMMM:    15       15      H       -1.4430   -3.2750  -21.7020
  QMMM:    16       16      H       -1.4470   -5.1150  -24.3750
  QMMM:    17       17      H       -3.0530   -4.3630  -24.2330
  QMMM:    18       18      H       -0.5050   -6.2050  -22.8210
  QMMM:    19       19      H       -0.3240   -4.9790  -21.5520

--------------------------------------------------------------------------------
  RESULTS
--------------------------------------------------------------------------------

      iter         sqm energy              rms gradient
      ----    -------------------    -----------------------
xmin    10     -125.2333 kcal/mol        1.6038 kcal/(mol*A)
xmin    20     -139.4791 kcal/mol        3.5318 kcal/(mol*A)
xmin    30     -145.6848 kcal/mol        0.5421 kcal/(mol*A)
xmin    40     -145.8079 kcal/mol        0.0789 kcal/(mol*A)
xmin    50     -145.8520 kcal/mol        0.0803 kcal/(mol*A)
xmin    60     -145.9098 kcal/mol        0.5008 kcal/(mol*A)
xmin    70     -146.1256 kcal/mol        0.2294 kcal/(mol*A)
xmin    80     -146.3260 kcal/mol        0.1280 kcal/(mol*A)
xmin    90     -146.7111 kcal/mol        0.4039 kcal/(mol*A)
xmin   100     -146.9159 kcal/mol        0.2164 kcal/(mol*A)
xmin   110     -146.9689 kcal/mol        0.0544 kcal/(mol*A)
xmin   120     -146.9754 kcal/mol        0.0083 kcal/(mol*A)
xmin   130     -146.9756 kcal/mol        0.0039 kcal/(mol*A)
xmin   140     -146.9756 kcal/mol        0.0017 kcal/(mol*A)
  ... geometry converged !
 
 Final MO eigenvalues (eV):
 -28.3892  -26.9321  -26.9321  -25.2848  -23.0938  -23.0937  -23.0758  -17.9602
 -17.9600  -13.5370   -9.6068   -9.6066   -8.3703   -5.8757   -5.8756   -5.7719
  -4.8652   -4.8650   -4.1744   -4.0054   -4.0053   -3.4665   -3.1545   -2.5285
  -2.5284   -1.6858   -1.6855    0.5535    0.5930    0.5931    0.8152    0.8196
   0.8197    1.1829    1.2800    1.2801    1.6533   12.9758   13.5583   13.5584
  14.2636   14.6648   14.6649   14.9687   14.9687   15.1934   15.3611   15.3981
  15.3983   15.5558   17.0100   17.0100   18.2711   18.2711   18.2871   19.0084
  19.0085   19.0120

 Heat of formation   =       -146.97561465 kcal/mol  (       -6.37334091 eV)

 Total SCF energy    =     -68654.10893118 kcal/mol  (    -2977.06556226 eV)
 Electronic energy   =    -305183.75013201 kcal/mol  (   -13233.76046711 eV)
 Core-core repulsion =     236529.64120084 kcal/mol  (    10256.69490485 eV)
 
    Atomic Charges for Step       1 :
  Atom    Element       Mulliken Charge
     1      O                 -0.631
     2      O                 -0.632
     3      O                 -0.632
     4      N                 -0.205
     5      O                 -0.632
     6      O                 -0.631
     7      O                 -0.632
     8      C                  0.328
     9      C                  0.328
    10      C                  0.328
    11      C                 -0.114
    12      C                 -0.114
    13      C                 -0.114
    14      H                  0.036
    15      H                  0.081
    16      H                  0.036
    17      H                  0.081
    18      H                  0.081
    19      H                  0.036
 Total Mulliken Charge =      -3.000
 
                  X        Y        Z     TOTAL  
  QM DIPOLE    34.027   78.180  318.242  329.466
 
 Final Structure

  QMMM: QM Region Cartesian Coordinates (*=link atom) 
  QMMM: QM_NO.   MM_NO.  ATOM         X         Y         Z
  QMMM:     1        1      O       -3.6326   -2.4210  -22.2038
  QMMM:     2        2      O       -0.1111   -7.3435  -20.3586
  QMMM:     3        3      O       -4.3677   -7.1968  -24.2214
  QMMM:     4        4      N       -2.4121   -5.4754  -22.0316
  QMMM:     5        5      O       -2.3628   -6.7849  -25.0539
  QMMM:     6        6      O        0.6670   -5.3394  -20.8689
  QMMM:     7        7      O       -4.0335   -3.1444  -20.1548
  QMMM:     8        8      C       -0.1679   -6.2806  -21.0551
  QMMM:     9        9      C       -3.3875   -3.2233  -21.2479
  QMMM:    10       10      C       -3.2837   -6.5311  -24.2141
  QMMM:    11       11      C       -2.1977   -4.2000  -21.3541
  QMMM:    12       12      C       -3.1521   -5.3106  -23.2793
  QMMM:    13       13      C       -1.1611   -6.2008  -22.2333
  QMMM:    14       14      H       -1.3558   -3.6201  -21.8371
  QMMM:    15       15      H       -1.8692   -4.4601  -20.3084
  QMMM:    16       16      H       -2.7112   -4.4792  -23.9061
  QMMM:    17       17      H       -4.1899   -4.9907  -22.9799
  QMMM:    18       18      H       -1.4578   -7.2524  -22.5075
  QMMM:    19       19      H       -0.5816   -5.7759  -23.1062

           --------- Calculation Completed ----------

