
CPPTRAJ: Trajectory Analysis. V4.25.6
    ___  ___  ___  ___
     | \/ | \/ | \/ | 
    _|_/\_|_/\_|_/\_|_

| Date/time: 05/18/22 11:38:19
| Available memory: 6.054 GB

INPUT: Reading input from 'strip_07.in'
  [parm gb1-ntaco_solv.prmtop]
	Reading 'gb1-ntaco_solv.prmtop' as Amber Topology
	Radius Set: modified Bondi radii (mbondi)
  [trajin 07_prod.nc]
	Reading '07_prod.nc' as Amber NetCDF
  [autoimage]
    AUTOIMAGE: To box center based on center of mass, anchor is first molecule.
  [strip :WAT,Cl-,Na+ parmout gb1-ntaco_dry.prmtop]
    STRIP: Stripping atoms in mask [:WAT,Cl-,Na+]
	Stripped topology will be output with name 'gb1-ntaco_dry.prmtop'
  [trajout 07_prod_dry.nc]
	Writing '07_prod_dry.nc' as Amber NetCDF
  [go]
---------- RUN BEGIN -------------------------------------------------

PARAMETER FILES (1 total):
 0: gb1-ntaco_solv.prmtop, 13701 atoms, 4358 res, box: Trunc. Oct., 4303 mol, 4264 solvent

INPUT TRAJECTORIES (1 total):
 0: '07_prod.nc' is a NetCDF AMBER trajectory with coordinates, time, box, Parm gb1-ntaco_solv.prmtop (Trunc. Oct. box) (reading 350 of 350)
  Coordinate processing will occur on 350 frames.

OUTPUT TRAJECTORIES (1 total):
  '07_prod_dry.nc' (350 frames) is a NetCDF AMBER trajectory

BEGIN TRAJECTORY PROCESSING:
.....................................................
ACTION SETUP FOR PARM 'gb1-ntaco_solv.prmtop' (2 actions):
  0: [autoimage]
	Original box is truncated octahedron, turning on 'familiar'.
	Using first molecule as anchor.
	1 molecules are fixed to anchor: 3
	4301 molecules are mobile.
  1: [strip :WAT,Cl-,Na+ parmout gb1-ntaco_dry.prmtop]
	Stripping 12828 atoms.
	Stripped topology: 873 atoms, 58 res, box: Trunc. Oct., 3 mol
	Writing topology 0 (gb1-ntaco_solv.prmtop) to 'gb1-ntaco_dry.prmtop' with format Amber Topology
.....................................................
ACTIVE OUTPUT TRAJECTORIES (1):
  07_prod_dry.nc (coordinates, time, box)
----- 07_prod.nc (1-350, 1) -----
 0% 10% 20% 30% 40% 50% 60% 70% 80% 90% 100% Complete.

Read 350 frames and processed 350 frames.
TIME: Avg. throughput= 836.9221 frames / second.

ACTION OUTPUT:
TIME: Analyses took 0.0000 seconds.

RUN TIMING:
TIME:		Init               : 0.0000 s (  0.00%)
TIME:		Trajectory Process : 0.4182 s ( 99.97%)
TIME:		Action Post        : 0.0000 s (  0.00%)
TIME:		Analysis           : 0.0000 s (  0.00%)
TIME:		Data File Write    : 0.0000 s (  0.00%)
TIME:		Other              : 0.0001 s (  0.00%)
TIME:	Run Total 0.4183 s
---------- RUN END ---------------------------------------------------
  [quit]
TIME: Total execution time: 0.4445 seconds.
--------------------------------------------------------------------------------
To cite CPPTRAJ use:
Daniel R. Roe and Thomas E. Cheatham, III, "PTRAJ and CPPTRAJ: Software for
  Processing and Analysis of Molecular Dynamics Trajectory Data". J. Chem.
  Theory Comput., 2013, 9 (7), pp 3084-3095.

