----------------------------------------------- 
  Element       SASA      Sigma Z        Total  
     Z         Ang**2 cal/Ang**2/mol   kcal/mol 
----------------------------------------------- 
      H        229.301      48.690      11.165
      C         95.465     129.740      12.386
      N         18.323       0.000       0.000
      O        100.774       0.000       0.000
      Zn         2.462       0.000       0.000

 Subtotal:     446.324                  23.550
 -----------------------------------------------

  Elements    COT*SASA   Sigma Z,Z'     Total   
    Z,Z'       Ang**2  cal/Ang**2/mol kcal/mol  
 ---------------------------------------------- 
  H   C        133.468     -60.770      -8.111
  H   O          0.000       0.000       0.000
  C   C         59.593     -72.950      -4.347
  O   C         55.245      68.690       3.795
  O   O          0.000       0.000       0.000
  C   N         52.585       0.000       0.000
  N   C         58.146     -48.220      -2.804
  N  C(3)        0.000      84.100       0.000
  O   N          0.000     121.980       0.000

 Subtotal:                             -11.467
 ---------------------------------------------- 

 NONAQUEOUS SOLVENT CONTRIBUTION (kcal/mol):
 (proportional to SASA, atomic number independent)
 ---------------------------------------------- 
 Subtotal:                               0.000
 ---------------------------------------------- 

 CDS TOTAL (kcal/mol):                  12.083
...............................................................................
