----------------------------------------------- 
  Element       SASA      Sigma Z        Total  
     Z         Ang**2 cal/Ang**2/mol   kcal/mol 
----------------------------------------------- 
      H        231.724       0.000       0.000
      C         92.010     107.436       9.885
      N         12.853      46.663       0.600
      O        102.225     -57.524      -5.880
      Co         0.019       0.000       0.000

 Subtotal:     438.832                   4.605
 -----------------------------------------------

  Elements    COT*SASA   Sigma Z,Z'     Total   
    Z,Z'       Ang**2  cal/Ang**2/mol kcal/mol  
 ---------------------------------------------- 
  H   C        135.491     -52.027      -7.049
  H   O          0.000     -27.737      -0.000
  C   C         56.221     -88.763      -4.990
  O   C         57.466     -22.459      -1.291
  O   O          0.000     -94.838      -0.000
  C   N         49.348    -142.707      -7.042
  N   C         41.030       0.000       0.000
  N  C(3)        0.000       0.000       0.000
  O   N          0.000      58.556       0.000

 Subtotal:                             -20.372
 ---------------------------------------------- 

 NONAQUEOUS SOLVENT CONTRIBUTION (kcal/mol):
 (proportional to SASA, atomic number independent)
 ---------------------------------------------- 
 Subtotal:                               7.612
 ---------------------------------------------- 

 CDS TOTAL (kcal/mol):                  -8.156
...............................................................................
