----------------------------------------------- 
  Element       SASA      Sigma Z        Total  
     Z         Ang**2 cal/Ang**2/mol   kcal/mol 
----------------------------------------------- 
      H        246.699       0.000       0.000
      C        105.038     107.436      11.285
      N         21.596      46.663       1.008
      O        110.214     -57.524      -6.340
      Co         1.640       0.000       0.000

 Subtotal:     485.188                   5.953
 -----------------------------------------------

  Elements    COT*SASA   Sigma Z,Z'     Total   
    Z,Z'       Ang**2  cal/Ang**2/mol kcal/mol  
 ---------------------------------------------- 
  H   C        146.162     -52.027      -7.604
  H   O          0.000     -27.737      -0.000
  C   C         65.964     -88.763      -5.855
  O   C         61.456     -22.459      -1.380
  O   O          0.000     -94.838      -0.000
  C   N         56.456    -142.707      -8.057
  N   C         67.398       0.000       0.000
  N  C(3)        0.000       0.000       0.000
  O   N          0.000      58.556       0.000

 Subtotal:                             -22.896
 ---------------------------------------------- 

 NONAQUEOUS SOLVENT CONTRIBUTION (kcal/mol):
 (proportional to SASA, atomic number independent)
 ---------------------------------------------- 
 Subtotal:                               8.416
 ---------------------------------------------- 

 CDS TOTAL (kcal/mol):                  -8.528
...............................................................................
