----------------------------------------------- 
  Element       SASA      Sigma Z        Total  
     Z         Ang**2 cal/Ang**2/mol   kcal/mol 
----------------------------------------------- 
      H        233.580       0.000       0.000
      C         97.631     107.436      10.489
      N         14.958      46.663       0.698
      O        106.829     -57.524      -6.145
      Co         0.096       0.000       0.000

 Subtotal:     453.095                   5.042
 -----------------------------------------------

  Elements    COT*SASA   Sigma Z,Z'     Total   
    Z,Z'       Ang**2  cal/Ang**2/mol kcal/mol  
 ---------------------------------------------- 
  H   C        137.722     -52.027      -7.165
  H   O          0.000     -27.737      -0.000
  C   C         57.607     -88.763      -5.113
  O   C         59.903     -22.459      -1.345
  O   O          0.000     -94.838      -0.000
  C   N         56.594    -142.707      -8.076
  N   C         47.115       0.000       0.000
  N  C(3)        0.000       0.000       0.000
  O   N          0.000      58.556       0.000

 Subtotal:                             -21.700
 ---------------------------------------------- 

 NONAQUEOUS SOLVENT CONTRIBUTION (kcal/mol):
 (proportional to SASA, atomic number independent)
 ---------------------------------------------- 
 Subtotal:                               7.859
 ---------------------------------------------- 

 CDS TOTAL (kcal/mol):                  -8.799
...............................................................................
