----------------------------------------------- 
  Element       SASA      Sigma Z        Total  
     Z         Ang**2 cal/Ang**2/mol   kcal/mol 
----------------------------------------------- 
      H        240.338       0.000       0.000
      C        112.731     107.436      12.111
      N         26.328      46.663       1.229
      O        104.019     -57.524      -5.984
      Co         4.618       0.000       0.000

 Subtotal:     488.034                   7.356
 -----------------------------------------------

  Elements    COT*SASA   Sigma Z,Z'     Total   
    Z,Z'       Ang**2  cal/Ang**2/mol kcal/mol  
 ---------------------------------------------- 
  H   C        147.299     -52.027      -7.664
  H   O          0.000     -27.737      -0.000
  C   C         66.231     -88.763      -5.879
  O   C         57.639     -22.459      -1.295
  O   O          0.000     -94.838      -0.000
  C   N         69.248    -142.707      -9.882
  N   C         82.348       0.000       0.000
  N  C(3)        0.000       0.000       0.000
  O   N          0.000      58.556       0.000

 Subtotal:                             -24.719
 ---------------------------------------------- 

 NONAQUEOUS SOLVENT CONTRIBUTION (kcal/mol):
 (proportional to SASA, atomic number independent)
 ---------------------------------------------- 
 Subtotal:                               8.465
 ---------------------------------------------- 

 CDS TOTAL (kcal/mol):                  -8.897
...............................................................................
