
          -------------------------------------------------------
          Amber 20 SANDER                              2020
          -------------------------------------------------------

| Run on 06/02/2022 at 10:35:47

|   Executable path: sander.MPI
| Working directory: /home/dyang/gb1-pcs/gb1-idaco/rest-md
|          Hostname: node12

  [-O]verwriting output

File Assignments:
|  MDIN: 04_eq2.in                                                             
| MDOUT: 04_eq2.out                                                            
|INPCRD: 03_eq1.rst                                                            
|  PARM: gb1_idaco_solv.prmtop                                                 
|RESTRT: 04_eq2.rst                                                            
|  REFC: 03_eq1.rst                                                            
| MDVEL: mdvel                                                                 
| MDFRC: mdfrc                                                                 
|  MDEN: mden                                                                  
| MDCRD: mdcrd                                                                 
|MDINFO: mdinfo                                                                
|  MTMD: mtmd                                                                  
|INPDIP: inpdip                                                                
|RSTDIP: rstdip                                                                
|INPTRA: inptraj                                                               

|    REMLOG: rem.log
|   REMTYPE: rem.type
|  REMSTRIP: 
|   SAVEENE: saveene
|CLUSTERINF: cluster.info
| RESERVOIR: reserv/frame
|   REMDDIM: 


 Here is the input file:

1 ns solute restrained NPT equilibration using Langevin thermostat and MC barostat
&cntrl                                                                         
  irest     = 1,                                                               
  ntx       = 5,                                                               
  ig        = -1,                                                              
  dt        = 0.002,                                                           
  nstlim    = 500000,                                                          
  nscm      = 500,                                                             
  ntr       = 1,                                                               
  restraint_wt  = 1.0,                                                         
  restraintmask = '!:WAT & !@H',                                               
  ntb       = 2,                                                               
  ntp       = 1,                                                               
  barostat  = 2,                                                               
  pres0     = 1.0,                                                             
  mcbarint  = 100,                                                             
  comp      = 44.6,                                                            
  taup      = 1.0,                                                             
  ntt       = 3,                                                               
  temp0     = 298.0,                                                           
  gamma_ln  = 1.0,                                                             
  ntf       = 2,                                                               
  ntc       = 2,                                                               
  cut       = 10.0,                                                            
  ntpr      = 500,                                                             
  ntxo      = 2,                                                               
  ntwr      = 500000,                                                          
  ioutfm    = 1,                                                               
  ntwx      = 500,                                                             
  iwrap     = 1,                                                               
&end                                                                           

--------------------------------------------------------------------------------
   1.  RESOURCE   USE: 
--------------------------------------------------------------------------------

| Flags: MPI                                                                    
 getting box info from netcdf restart file
| NetCDF restart box info found
|Largest sphere to fit in unit cell has radius =    24.229
| New format PARM file being parsed.
| Version =    1.000 Date = 05/31/22 Time = 15:47:38
 NATOM  =   13749 NTYPES =      25 NBONH =   13263 MBONA  =     457
 NTHETH =     947 MTHETA =     620 NPHIH =    1858 MPHIA  =    2027
 NHPARM =       0 NPARM  =       0 NNB   =   21903 NRES   =    4375
 NBONA  =     457 NTHETA =     620 NPHIA =    2027 NUMBND =      80
 NUMANG =     174 NPTRA  =     338 NATYP =      48 NPHB   =       0
 IFBOX  =       2 NMXRS  =      24 IFCAP =       0 NEXTRA =       0
 NCOPY  =       0


|     Memory Use     Allocated
|     Real             1640147
|     Hollerith          45624
|     Integer           518692
|     Max Pairs         989928
|     nblistReal        164988
|     nblist Int        439228
|       Total            21889 kbytes

| Note: 1-4 EEL scale factors are being read from the topology file.

| Note: 1-4 VDW scale factors are being read from the topology file.
| Duplicated    0 dihedrals
| Duplicated    0 dihedrals

     BOX TYPE: TRUNCATED OCTAHEDRON
Note: ig = -1. Setting random seed to   198142 based on wallclock time in microseconds
      and disabling the synchronization of random numbers between tasks
      to improve performance.

--------------------------------------------------------------------------------
   2.  CONTROL  DATA  FOR  THE  RUN
--------------------------------------------------------------------------------

default_name                                                                    

General flags:
     imin    =       0, nmropt  =       0

Nature and format of input:
     ntx     =       5, irest   =       1, ntrx    =       1

Nature and format of output:
     ntxo    =       2, ntpr    =     500, ntrx    =       1, ntwr    =  500000
     iwrap   =       1, ntwx    =     500, ntwv    =       0, ntwe    =       0
     ioutfm  =       1, ntwprt  =       0, idecomp =       0, rbornstat=      0

Potential function:
     ntf     =       2, ntb     =       2, igb     =       0, nsnb    =      25
     ipol    =       0, gbsa    =       0, iesp    =       0
     dielc   =   1.00000, cut     =  10.00000, intdiel =   1.00000

Frozen or restrained atoms:
     ibelly  =       0, ntr     =       1
     restraint_wt =   1.00000

Molecular dynamics:
     nstlim  =    500000, nscm    =         0, nrespa  =         1
     t       =   0.00000, dt      =   0.00200, vlimit  =  20.00000

Langevin dynamics temperature regulation:
     ig      =  198142
     temp0   = 298.00000, tempi   =   0.00000, gamma_ln=   1.00000

Pressure regulation:
     ntp     =       1
     pres0   =   1.00000, comp    =  44.60000, taup    =   1.00000
     Monte-Carlo Barostat:
     mcbarint  =     100

SHAKE:
     ntc     =       2, jfastw  =       0
     tol     =   0.00001

Ewald parameters:
     verbose =       0, ew_type =       0, nbflag  =       1, use_pme =       1
     vdwmeth =       1, eedmeth =       1, netfrc  =       1
     Box X =   59.349   Box Y =   59.349   Box Z =   59.349
     Alpha =  109.471   Beta  =  109.471   Gamma =  109.471
     NFFT1 =   60       NFFT2 =   60       NFFT3 =   60
     Cutoff=   10.000   Tol   =0.100E-04
     Ewald Coefficient =  0.27511
     Interpolation order =    4

| MPI Timing options:
|      profile_mpi =        0
|  INFO: Old style inpcrd file read


    LOADING THE CONSTRAINED ATOMS AS GROUPS


   5.  REFERENCE ATOM COORDINATES

  defa
     Mask !:WAT & !@H; matches   848 atoms

--------------------------------------------------------------------------------
   3.  ATOMIC COORDINATES AND VELOCITIES
--------------------------------------------------------------------------------

default_name                                                                    
 begin time read from input coords =    20.000 ps

 Number of triangulated 3-point waters found:     4282
|  Atom division among processors:
|         0    1719    3438    5157    6876    8595   10314   12033
|     13749

     Sum of charges from parm topology file =   0.00099530
     Forcing neutrality...
|  Running AMBER/MPI version on    8 nodes


--------------------------------------------------------------------------------
   4.  RESULTS
--------------------------------------------------------------------------------

|  # of SOLUTE  degrees of freedom (RNDFP):   27984.
|  # of SOLVENT degrees of freedom (RNDFS):       0.
|  NDFMIN =   27984.     NUM_NOSHAKE =      0     CORRECTED RNDFP =   27984.
|  TOTAL # of degrees of freedom (RNDF) =   27984.
 ---------------------------------------------------
 APPROXIMATING switch and d/dx switch using CUBIC SPLINE INTERPOLATION
 using   5000.0 points per unit in tabled values
 TESTING RELATIVE ERROR over r ranging from 0.0 to cutoff
| CHECK switch(x): max rel err =   0.2738E-14   at   2.422500
| CHECK d/dx switch(x): max rel err =   0.8314E-11   at   2.736960
 ---------------------------------------------------
| Local SIZE OF NONBOND LIST =     558350
| TOTAL SIZE OF NONBOND LIST =    4302984
wrapping first mol.:       19.70929       27.87314       48.27769

 NSTEP =      500   TIME(PS) =      21.000  TEMP(K) =   296.72  PRESS = -1423.6
 Etot   =    -46766.1622  EKtot   =      8250.1026  EPtot      =    -55016.2648
 BOND   =       170.6546  ANGLE   =       485.6689  DIHED      =      -228.8890
 1-4 NB =       205.0961  1-4 EEL =      4661.1515  VDWAALS    =      9133.6857
 EELEC  =    -69540.5305  EHBOND  =         0.0000  RESTRAINT  =        96.8979
 EAMBER (non-restraint)  =    -55113.1627
 EKCMT  =      3849.6716  VIRIAL  =      8740.9253  VOLUME     =    159130.8642
                                                    Density    =         0.8826
 Ewald error estimate:   0.3945E-05
 ------------------------------------------------------------------------------

wrapping first mol.:       19.67607       27.82616       48.19632

 NSTEP =     1000   TIME(PS) =      22.000  TEMP(K) =   301.00  PRESS = -1248.9
 Etot   =    -46810.6161  EKtot   =      8369.2331  EPtot      =    -55179.8493
 BOND   =       173.8053  ANGLE   =       496.3688  DIHED      =      -239.0173
 1-4 NB =       214.7325  1-4 EEL =      4698.6623  VDWAALS    =      9195.0485
 EELEC  =    -69816.8339  EHBOND  =         0.0000  RESTRAINT  =        97.3844
 EAMBER (non-restraint)  =    -55277.2337
 EKCMT  =      3946.1955  VIRIAL  =      8215.5883  VOLUME     =    158327.6335
                                                    Density    =         0.8871
 Ewald error estimate:   0.1316E-03
 ------------------------------------------------------------------------------

wrapping first mol.:       19.65886       27.80183       48.15418

 NSTEP =     1500   TIME(PS) =      23.000  TEMP(K) =   299.31  PRESS = -1034.0
 Etot   =    -47067.8441  EKtot   =      8322.1426  EPtot      =    -55389.9868
 BOND   =       171.4423  ANGLE   =       491.1638  DIHED      =      -236.5500
 1-4 NB =       216.2718  1-4 EEL =      4719.5727  VDWAALS    =      9539.9055
 EELEC  =    -70378.7710  EHBOND  =         0.0000  RESTRAINT  =        86.9781
 EAMBER (non-restraint)  =    -55476.9649
 EKCMT  =      3930.0470  VIRIAL  =      7455.3490  VOLUME     =    157912.6600
                                                    Density    =         0.8894
 Ewald error estimate:   0.7152E-04
 ------------------------------------------------------------------------------

wrapping first mol.:       19.61833       27.74450       48.05489

 NSTEP =     2000   TIME(PS) =      24.000  TEMP(K) =   299.87  PRESS = -1073.8
 Etot   =    -47031.6841  EKtot   =      8337.7811  EPtot      =    -55369.4652
 BOND   =       166.4394  ANGLE   =       494.4456  DIHED      =      -235.7231
 1-4 NB =       217.7288  1-4 EEL =      4677.0754  VDWAALS    =      9472.0427
 EELEC  =    -70254.7090  EHBOND  =         0.0000  RESTRAINT  =        93.2349
 EAMBER (non-restraint)  =    -55462.7001
 EKCMT  =      3880.6548  VIRIAL  =      7519.2541  VOLUME     =    156937.8103
                                                    Density    =         0.8949
 Ewald error estimate:   0.2484E-06
 ------------------------------------------------------------------------------

wrapping first mol.:       19.43609       27.48678       47.60849

 NSTEP =     2500   TIME(PS) =      25.000  TEMP(K) =   294.66  PRESS =   426.7
 Etot   =    -47265.1775  EKtot   =      8193.0895  EPtot      =    -55458.2670
 BOND   =       171.8844  ANGLE   =       473.7655  DIHED      =      -218.1784
 1-4 NB =       203.7224  1-4 EEL =      4682.4828  VDWAALS    =     10011.3445
 EELEC  =    -70883.3647  EHBOND  =         0.0000  RESTRAINT  =       100.0767
 EAMBER (non-restraint)  =    -55558.3437
 EKCMT  =      3835.0014  VIRIAL  =      2428.9454  VOLUME     =    152604.8351
                                                    Density    =         0.9204
 Ewald error estimate:   0.1936E-03
 ------------------------------------------------------------------------------

wrapping first mol.:       19.36960       27.39276       47.44564

 NSTEP =     3000   TIME(PS) =      26.000  TEMP(K) =   299.93  PRESS =  -880.1
 Etot   =    -47273.0383  EKtot   =      8339.3892  EPtot      =    -55612.4276
 BOND   =       164.6461  ANGLE   =       481.0126  DIHED      =      -220.2650
 1-4 NB =       205.1883  1-4 EEL =      4664.1451  VDWAALS    =      9545.1921
 EELEC  =    -70564.1461  EHBOND  =         0.0000  RESTRAINT  =       111.7994
 EAMBER (non-restraint)  =    -55724.2269
 EKCMT  =      3852.5558  VIRIAL  =      6722.7564  VOLUME     =    151044.1673
                                                    Density    =         0.9299
 Ewald error estimate:   0.2844E-04
 ------------------------------------------------------------------------------

wrapping first mol.:       19.31243       27.31190       47.30560

 NSTEP =     3500   TIME(PS) =      27.000  TEMP(K) =   299.36  PRESS =   456.8
 Etot   =    -47118.6244  EKtot   =      8323.5388  EPtot      =    -55442.1632
 BOND   =       166.4830  ANGLE   =       489.1719  DIHED      =      -226.8552
 1-4 NB =       204.6638  1-4 EEL =      4692.2895  VDWAALS    =     10014.9816
 EELEC  =    -70889.3327  EHBOND  =         0.0000  RESTRAINT  =       106.4349
 EAMBER (non-restraint)  =    -55548.5981
 EKCMT  =      3884.8244  VIRIAL  =      2408.3021  VOLUME     =    149710.5816
                                                    Density    =         0.9381
 Ewald error estimate:   0.1008E-03
 ------------------------------------------------------------------------------

wrapping first mol.:       19.30318       27.29882       47.28293

 NSTEP =     4000   TIME(PS) =      28.000  TEMP(K) =   298.39  PRESS =  -958.2
 Etot   =    -47305.6049  EKtot   =      8296.7751  EPtot      =    -55602.3801
 BOND   =       180.0115  ANGLE   =       450.9003  DIHED      =      -231.2573
 1-4 NB =       209.1544  1-4 EEL =      4651.3683  VDWAALS    =      9389.4128
 EELEC  =    -70360.1581  EHBOND  =         0.0000  RESTRAINT  =       108.1881
 EAMBER (non-restraint)  =    -55710.5681
 EKCMT  =      3909.9702  VIRIAL  =      7002.7700  VOLUME     =    149495.5283
                                                    Density    =         0.9395
 Ewald error estimate:   0.3347E-04
 ------------------------------------------------------------------------------

wrapping first mol.:       19.25144       27.22564       47.15619

 NSTEP =     4500   TIME(PS) =      29.000  TEMP(K) =   301.08  PRESS =  -769.1
 Etot   =    -47191.7176  EKtot   =      8371.5589  EPtot      =    -55563.2765
 BOND   =       173.4610  ANGLE   =       487.0253  DIHED      =      -244.1852
 1-4 NB =       220.7858  1-4 EEL =      4674.4112  VDWAALS    =      9449.3263
 EELEC  =    -70427.8030  EHBOND  =         0.0000  RESTRAINT  =       103.7022
 EAMBER (non-restraint)  =    -55666.9787
 EKCMT  =      3928.7320  VIRIAL  =      6391.4696  VOLUME     =    148296.5418
                                                    Density    =         0.9471
 Ewald error estimate:   0.2174E-03
 ------------------------------------------------------------------------------

wrapping first mol.:       19.12702       27.04970       46.85144

 NSTEP =     5000   TIME(PS) =      30.000  TEMP(K) =   301.14  PRESS =   337.1
 Etot   =    -47289.7753  EKtot   =      8373.1864  EPtot      =    -55662.9617
 BOND   =       180.5853  ANGLE   =       481.5560  DIHED      =      -229.9745
 1-4 NB =       208.9959  1-4 EEL =      4699.1129  VDWAALS    =      9847.4342
 EELEC  =    -70957.7513  EHBOND  =         0.0000  RESTRAINT  =       107.0799
 EAMBER (non-restraint)  =    -55770.0416
 EKCMT  =      3905.7077  VIRIAL  =      2847.2463  VOLUME     =    145440.0166
                                                    Density    =         0.9657
 Ewald error estimate:   0.9686E-04
 ------------------------------------------------------------------------------

wrapping first mol.:       19.08454       26.98961       46.74737

 NSTEP =     5500   TIME(PS) =      31.000  TEMP(K) =   298.85  PRESS =  -320.0
 Etot   =    -47367.9778  EKtot   =      8309.4381  EPtot      =    -55677.4159
 BOND   =       171.1102  ANGLE   =       498.8195  DIHED      =      -217.3401
 1-4 NB =       210.7306  1-4 EEL =      4654.1160  VDWAALS    =      9544.8319
 EELEC  =    -70651.9991  EHBOND  =         0.0000  RESTRAINT  =       112.3151
 EAMBER (non-restraint)  =    -55789.7310
 EKCMT  =      3828.8038  VIRIAL  =      4826.9387  VOLUME     =    144472.9482
                                                    Density    =         0.9722
 Ewald error estimate:   0.1606E-03
 ------------------------------------------------------------------------------

wrapping first mol.:       19.06110       26.95646       46.68996

 NSTEP =     6000   TIME(PS) =      32.000  TEMP(K) =   296.10  PRESS = -1001.1
 Etot   =    -47480.1297  EKtot   =      8233.0017  EPtot      =    -55713.1314
 BOND   =       172.0303  ANGLE   =       509.5261  DIHED      =      -235.2627
 1-4 NB =       212.4074  1-4 EEL =      4651.2059  VDWAALS    =      9293.0574
 EELEC  =    -70431.0381  EHBOND  =         0.0000  RESTRAINT  =       114.9422
 EAMBER (non-restraint)  =    -55828.0736
 EKCMT  =      3808.9126  VIRIAL  =      6920.1532  VOLUME     =    143941.2863
                                                    Density    =         0.9757
 Ewald error estimate:   0.6700E-04
 ------------------------------------------------------------------------------

wrapping first mol.:       18.97685       26.83731       46.48359

 NSTEP =     6500   TIME(PS) =      33.000  TEMP(K) =   300.08  PRESS =   236.3
 Etot   =    -47575.3391  EKtot   =      8343.5501  EPtot      =    -55918.8892
 BOND   =       175.4120  ANGLE   =       480.2848  DIHED      =      -233.3912
 1-4 NB =       204.7449  1-4 EEL =      4650.4028  VDWAALS    =      9786.1633
 EELEC  =    -71096.3597  EHBOND  =         0.0000  RESTRAINT  =       113.8538
 EAMBER (non-restraint)  =    -56032.7430
 EKCMT  =      3860.8691  VIRIAL  =      3136.1592  VOLUME     =    142041.0440
                                                    Density    =         0.9888
 Ewald error estimate:   0.7023E-05
 ------------------------------------------------------------------------------

wrapping first mol.:       18.94840       26.79709       46.41391

 NSTEP =     7000   TIME(PS) =      34.000  TEMP(K) =   296.36  PRESS =  -237.5
 Etot   =    -47742.3069  EKtot   =      8240.2244  EPtot      =    -55982.5313
 BOND   =       170.0847  ANGLE   =       486.3155  DIHED      =      -242.7690
 1-4 NB =       208.5403  1-4 EEL =      4685.8052  VDWAALS    =      9723.2569
 EELEC  =    -71127.0255  EHBOND  =         0.0000  RESTRAINT  =       113.2608
 EAMBER (non-restraint)  =    -56095.7921
 EKCMT  =      3828.4700  VIRIAL  =      4553.4378  VOLUME     =    141403.2608
                                                    Density    =         0.9933
 Ewald error estimate:   0.8172E-05
 ------------------------------------------------------------------------------

wrapping first mol.:       18.94077       26.78630       46.39523

 NSTEP =     7500   TIME(PS) =      35.000  TEMP(K) =   297.79  PRESS =  -111.5
 Etot   =    -47855.0348  EKtot   =      8279.9830  EPtot      =    -56135.0178
 BOND   =       191.5003  ANGLE   =       490.9009  DIHED      =      -239.0413
 1-4 NB =       204.3339  1-4 EEL =      4697.4682  VDWAALS    =      9760.2982
 EELEC  =    -71356.5450  EHBOND  =         0.0000  RESTRAINT  =       116.0670
 EAMBER (non-restraint)  =    -56251.0848
 EKCMT  =      3882.8717  VIRIAL  =      4222.9014  VOLUME     =    141232.5672
                                                    Density    =         0.9945
 Ewald error estimate:   0.1539E-03
 ------------------------------------------------------------------------------

wrapping first mol.:       18.89418       26.72040       46.28109

 NSTEP =     8000   TIME(PS) =      36.000  TEMP(K) =   299.42  PRESS =  -317.0
 Etot   =    -47688.1593  EKtot   =      8325.3973  EPtot      =    -56013.5566
 BOND   =       187.8115  ANGLE   =       483.3016  DIHED      =      -241.8802
 1-4 NB =       205.8864  1-4 EEL =      4690.2565  VDWAALS    =      9581.0920
 EELEC  =    -71037.9386  EHBOND  =         0.0000  RESTRAINT  =       117.9142
 EAMBER (non-restraint)  =    -56131.4708
 EKCMT  =      3873.6893  VIRIAL  =      4833.3441  VOLUME     =    140192.8261
                                                    Density    =         1.0018
 Ewald error estimate:   0.5882E-05
 ------------------------------------------------------------------------------

wrapping first mol.:       18.84239       26.64716       46.15423

 NSTEP =     8500   TIME(PS) =      37.000  TEMP(K) =   302.03  PRESS =  -154.0
 Etot   =    -47554.9073  EKtot   =      8397.9407  EPtot      =    -55952.8480
 BOND   =       175.0741  ANGLE   =       466.8575  DIHED      =      -229.3346
 1-4 NB =       211.8818  1-4 EEL =      4683.3927  VDWAALS    =      9664.9704
 EELEC  =    -71041.5959  EHBOND  =         0.0000  RESTRAINT  =       115.9060
 EAMBER (non-restraint)  =    -56068.7540
 EKCMT  =      3934.9214  VIRIAL  =      4397.3349  VOLUME     =    139043.0891
                                                    Density    =         1.0101
 Ewald error estimate:   0.1391E-03
 ------------------------------------------------------------------------------

