----------------------------------------------- 
  Element       SASA      Sigma Z        Total  
     Z         Ang**2 cal/Ang**2/mol   kcal/mol 
----------------------------------------------- 
      H        246.722       0.000       0.000
      C        103.276     107.436      11.096
      N         14.042      46.663       0.655
      O        109.457     -57.524      -6.296
      Zn         2.244       0.000       0.000

 Subtotal:     475.741                   5.454
 -----------------------------------------------

  Elements    COT*SASA   Sigma Z,Z'     Total   
    Z,Z'       Ang**2  cal/Ang**2/mol kcal/mol  
 ---------------------------------------------- 
  H   C        145.765     -52.027      -7.584
  H   O          0.000     -27.737      -0.000
  C   C         61.972     -88.763      -5.501
  O   C         60.972     -22.459      -1.369
  O   O          0.000     -94.838      -0.000
  C   N         63.939    -142.707      -9.125
  N   C         44.013       0.000       0.000
  N  C(3)        0.000       0.000       0.000
  O   N          0.000      58.556       0.000

 Subtotal:                             -23.578
 ---------------------------------------------- 

 NONAQUEOUS SOLVENT CONTRIBUTION (kcal/mol):
 (proportional to SASA, atomic number independent)
 ---------------------------------------------- 
 Subtotal:                               8.252
 ---------------------------------------------- 

 CDS TOTAL (kcal/mol):                  -9.872
...............................................................................
