----------------------------------------------- 
  Element       SASA      Sigma Z        Total  
     Z         Ang**2 cal/Ang**2/mol   kcal/mol 
----------------------------------------------- 
      H        249.380      48.690      12.142
      C        103.945     129.740      13.486
      N         21.843       0.000       0.000
      O        111.281       0.000       0.000
      Co         1.752       0.000       0.000

 Subtotal:     488.200                  25.628
 -----------------------------------------------

  Elements    COT*SASA   Sigma Z,Z'     Total   
    Z,Z'       Ang**2  cal/Ang**2/mol kcal/mol  
 ---------------------------------------------- 
  H   C        147.844     -60.770      -8.984
  H   O          0.000       0.000       0.000
  C   C         65.501     -72.950      -4.778
  O   C         60.457      68.690       4.153
  O   O          0.000       0.000       0.000
  C   N         55.158       0.000       0.000
  N   C         68.880     -48.220      -3.321
  N  C(3)        0.000      84.100       0.000
  O   N          0.000     121.980       0.000

 Subtotal:                             -12.931
 ---------------------------------------------- 

 NONAQUEOUS SOLVENT CONTRIBUTION (kcal/mol):
 (proportional to SASA, atomic number independent)
 ---------------------------------------------- 
 Subtotal:                               0.000
 ---------------------------------------------- 

 CDS TOTAL (kcal/mol):                  12.697
...............................................................................
