----------------------------------------------- 
  Element       SASA      Sigma Z        Total  
     Z         Ang**2 cal/Ang**2/mol   kcal/mol 
----------------------------------------------- 
      H        230.560       0.000       0.000
      C         96.765     107.436      10.396
      N         16.222      46.663       0.757
      O         95.488     -57.524      -5.493
      Co         0.156       0.000       0.000

 Subtotal:     439.191                   5.660
 -----------------------------------------------

  Elements    COT*SASA   Sigma Z,Z'     Total   
    Z,Z'       Ang**2  cal/Ang**2/mol kcal/mol  
 ---------------------------------------------- 
  H   C        134.393     -52.027      -6.992
  H   O          0.000     -27.737      -0.000
  C   C         59.162     -88.763      -5.251
  O   C         54.161     -22.459      -1.216
  O   O          0.000     -94.838      -0.000
  C   N         55.307    -142.707      -7.893
  N   C         51.259       0.000       0.000
  N  C(3)        0.000       0.000       0.000
  O   N          0.000      58.556       0.000

 Subtotal:                             -21.353
 ---------------------------------------------- 

 NONAQUEOUS SOLVENT CONTRIBUTION (kcal/mol):
 (proportional to SASA, atomic number independent)
 ---------------------------------------------- 
 Subtotal:                               7.618
 ---------------------------------------------- 

 CDS TOTAL (kcal/mol):                  -8.074
...............................................................................
